2014-12-22 21:12:08,409 INFO [main] io.druid.guice.PropertiesModule - Loading properties from runtime.properties
2014-12-22 21:12:08,447 INFO [main] org.hibernate.validator.internal.util.Version - HV000001: Hibernate Validator 5.0.1.Final
2014-12-22 21:12:09,005 INFO [main] io.druid.guice.JsonConfigurator - Loaded class[class io.druid.guice.ExtensionsConfig] from props[druid.extensions.] as [ExtensionsConfig{searchCurrentClassloader=true, coordinates=[io.druid.extensions:druid-s3-extensions:0.6.160], localRepository='/home/druid/.m2/repository', remoteRepositories=[http://repo1.maven.org/maven2/, https://metamx.artifactoryonline.com/metamx/pub-libs-releases-local]}]
2014-12-22 21:12:09,133 INFO [main] io.druid.initialization.Initialization - Loading extension[io.druid.extensions:druid-s3-extensions:0.6.160] for class[io.druid.cli.CliCommandCreator]
2014-12-22 21:12:09,529 INFO [main] io.druid.initialization.Initialization - Added URL[file:/home/druid/.m2/repository/io/druid/extensions/druid-s3-extensions/0.6.160/druid-s3-extensions-0.6.160.jar]
2014-12-22 21:12:09,529 INFO [main] io.druid.initialization.Initialization - Added URL[file:/home/druid/.m2/repository/net/java/dev/jets3t/jets3t/0.9.1/jets3t-0.9.1.jar]
2014-12-22 21:12:09,529 INFO [main] io.druid.initialization.Initialization - Added URL[file:/home/druid/.m2/repository/commons-codec/commons-codec/1.7/commons-codec-1.7.jar]
2014-12-22 21:12:09,530 INFO [main] io.druid.initialization.Initialization - Added URL[file:/home/druid/.m2/repository/org/codehaus/jackson/jackson-core-asl/1.9.13/jackson-core-asl-1.9.13.jar]
2014-12-22 21:12:09,530 INFO [main] io.druid.initialization.Initialization - Added URL[file:/home/druid/.m2/repository/org/codehaus/jackson/jackson-mapper-asl/1.9.13/jackson-mapper-asl-1.9.13.jar]
2014-12-22 21:12:09,530 INFO [main] io.druid.initialization.Initialization - Added URL[file:/home/druid/.m2/repository/javax/activation/activation/1.1.1/activation-1.1.1.jar]
2014-12-22 21:12:09,530 INFO [main] io.druid.initialization.Initialization - Added URL[file:/home/druid/.m2/repository/mx4j/mx4j/3.0.2/mx4j-3.0.2.jar]
2014-12-22 21:12:09,530 INFO [main] io.druid.initialization.Initialization - Added URL[file:/home/druid/.m2/repository/javax/mail/mail/1.4.7/mail-1.4.7.jar]
2014-12-22 21:12:09,530 INFO [main] io.druid.initialization.Initialization - Added URL[file:/home/druid/.m2/repository/commons-logging/commons-logging/1.1.1/commons-logging-1.1.1.jar]
2014-12-22 21:12:09,530 INFO [main] io.druid.initialization.Initialization - Added URL[file:/home/druid/.m2/repository/org/bouncycastle/bcprov-jdk15/1.46/bcprov-jdk15-1.46.jar]
2014-12-22 21:12:09,530 INFO [main] io.druid.initialization.Initialization - Added URL[file:/home/druid/.m2/repository/com/jamesmurty/utils/java-xmlbuilder/0.4/java-xmlbuilder-0.4.jar]
2014-12-22 21:12:09,530 INFO [main] io.druid.initialization.Initialization - Added URL[file:/home/druid/.m2/repository/com/amazonaws/aws-java-sdk/1.6.0.1/aws-java-sdk-1.6.0.1.jar]
2014-12-22 21:12:09,531 INFO [main] io.druid.initialization.Initialization - Added URL[file:/home/druid/.m2/repository/com/fasterxml/jackson/core/jackson-core/2.2.3/jackson-core-2.2.3.jar]
2014-12-22 21:12:09,531 INFO [main] io.druid.initialization.Initialization - Added URL[file:/home/druid/.m2/repository/com/fasterxml/jackson/core/jackson-annotations/2.2.3/jackson-annotations-2.2.3.jar]
2014-12-22 21:12:09,531 INFO [main] io.druid.initialization.Initialization - Added URL[file:/home/druid/.m2/repository/org/apache/httpcomponents/httpclient/4.2/httpclient-4.2.jar]
2014-12-22 21:12:09,531 INFO [main] io.druid.initialization.Initialization - Added URL[file:/home/druid/.m2/repository/org/apache/httpcomponents/httpcore/4.2/httpcore-4.2.jar]
2014-12-22 21:12:09,531 INFO [main] io.druid.initialization.Initialization - Added URL[file:/home/druid/.m2/repository/com/metamx/emitter/0.2.11/emitter-0.2.11.jar]
2014-12-22 21:12:09,531 INFO [main] io.druid.initialization.Initialization - Added URL[file:/home/druid/.m2/repository/com/metamx/http-client/0.9.6/http-client-0.9.6.jar]
2014-12-22 21:12:09,531 INFO [main] io.druid.initialization.Initialization - Added URL[file:/home/druid/.m2/repository/io/netty/netty/3.9.0.Final/netty-3.9.0.Final.jar]
2014-12-22 21:12:09,531 INFO [main] io.druid.initialization.Initialization - Added URL[file:/home/druid/.m2/repository/log4j/log4j/1.2.16/log4j-1.2.16.jar]
2014-12-22 21:12:09,532 INFO [main] io.druid.initialization.Initialization - Added URL[file:/home/druid/.m2/repository/com/google/guava/guava/16.0.1/guava-16.0.1.jar]
2014-12-22 21:12:09,532 INFO [main] io.druid.initialization.Initialization - Added URL[file:/home/druid/.m2/repository/commons-io/commons-io/2.0.1/commons-io-2.0.1.jar]
2014-12-22 21:12:09,714 INFO [main] io.druid.initialization.Initialization - Loading extension[io.druid.extensions:druid-s3-extensions:0.6.160] for class[io.druid.initialization.DruidModule]
2014-12-22 21:12:09,793 INFO [main] io.druid.initialization.Initialization - Adding extension module[class io.druid.storage.s3.S3StorageDruidModule] for class[io.druid.initialization.DruidModule]
2014-12-22 21:12:09,794 INFO [main] io.druid.initialization.Initialization - Adding extension module[class io.druid.firehose.s3.S3FirehoseDruidModule] for class[io.druid.initialization.DruidModule]
2014-12-22 21:12:10,213 INFO [main] io.druid.guice.JsonConfigurator - Loaded class[class com.metamx.emitter.core.LoggingEmitterConfig] from props[druid.emitter.logging.] as [LoggingEmitterConfig{loggerClass='com.metamx.emitter.core.LoggingEmitter', logLevel='debug'}]
2014-12-22 21:12:10,299 INFO [main] io.druid.guice.JsonConfigurator - Loaded class[class io.druid.server.metrics.DruidMonitorSchedulerConfig] from props[druid.monitoring.] as [io.druid.server.metrics.DruidMonitorSchedulerConfig@4d4d48a6]
2014-12-22 21:12:10,329 INFO [main] com.metamx.metrics.SysMonitor - Loading sigar native lib at tmpPath[/tmp/yay4913544804766450106yay/libsigar-amd64-linux.so]
2014-12-22 21:12:10,333 INFO [main] io.druid.guice.JsonConfigurator - Loaded class[class io.druid.server.metrics.MonitorsConfig] from props[druid.monitoring.] as [MonitorsConfig{monitors=[class com.metamx.metrics.SysMonitor, class com.metamx.metrics.JvmMonitor]}]
2014-12-22 21:12:10,357 INFO [main] io.druid.guice.JsonConfigurator - Loaded class[class io.druid.server.DruidNode] from props[druid.] as [DruidNode{serviceName='druid/broker', host='<broker hostname>:8080', port=8080}]
2014-12-22 21:12:10,367 INFO [main] io.druid.server.metrics.MetricsModule - Adding monitor[com.metamx.metrics.SysMonitor@64711bf2]
2014-12-22 21:12:10,368 INFO [main] io.druid.server.metrics.MetricsModule - Adding monitor[com.metamx.metrics.JvmMonitor@ceb4bd2]
2014-12-22 21:12:10,386 INFO [main] io.druid.guice.JsonConfigurator - Loaded class[interface io.druid.client.cache.CacheProvider] from props[druid.broker.cache.] as [io.druid.client.cache.LocalCacheProvider@3003697]
2014-12-22 21:12:10,388 INFO [main] io.druid.server.metrics.MetricsModule - Adding monitor[io.druid.client.cache.CacheMonitor@1da6ee17]
2014-12-22 21:12:10,467 INFO [main] io.druid.guice.JsonConfigurator - Loaded class[class io.druid.server.initialization.ServerConfig] from props[druid.server.http.] as [io.druid.server.initialization.ServerConfig@39ce27f2]
2014-12-22 21:12:10,473 INFO [main] io.druid.guice.JsonConfigurator - Loaded class[class io.druid.query.QueryConfig] from props[druid.query.] as [io.druid.query.QueryConfig@36453307]
2014-12-22 21:12:10,479 INFO [main] io.druid.guice.JsonConfigurator - Loaded class[class io.druid.query.search.search.SearchQueryConfig] from props[druid.query.search.] as [io.druid.query.search.search.SearchQueryConfig@6813a331]
2014-12-22 21:12:10,486 INFO [main] io.druid.guice.JsonConfigurator - Loaded class[class io.druid.query.groupby.GroupByQueryConfig] from props[druid.query.groupBy.] as [io.druid.query.groupby.GroupByQueryConfig@779dfe55]
2014-12-22 21:12:10,490 INFO [main] org.skife.config.ConfigurationObjectFactory - Using method itself for [${base_path}.columnCache.sizeBytes] on [io.druid.query.DruidProcessingConfig
2014-12-22 21:12:10,492 INFO [main] org.skife.config.ConfigurationObjectFactory - Assigning value [2000000000] for [druid.processing.buffer.sizeBytes] on [io.druid.query.DruidProcessingConfig
2014-12-22 21:12:10,492 INFO [main] org.skife.config.ConfigurationObjectFactory - Assigning value [7] for [druid.processing.numThreads] on [io.druid.query.DruidProcessingConfig
2014-12-22 21:12:10,492 INFO [main] org.skife.config.ConfigurationObjectFactory - Assigning default value [processing-%s] for [${base_path}.formatString] on [com.metamx.common.concurrent.ExecutorServiceConfig
2014-12-22 21:12:10,580 INFO [main] io.druid.guice.JsonConfigurator - Loaded class[class io.druid.query.topn.TopNQueryConfig] from props[druid.query.topN.] as [io.druid.query.topn.TopNQueryConfig@a619c2]
2014-12-22 21:12:10,594 INFO [main] io.druid.guice.JsonConfigurator - Loaded class[class io.druid.guice.http.DruidHttpClientConfig] from props[druid.broker.http.] as [io.druid.guice.http.DruidHttpClientConfig@13d186db]
2014-12-22 21:12:10,685 INFO [main] org.skife.config.ConfigurationObjectFactory - Using method itself for [druid.zk.paths.loadQueuePath] on [io.druid.server.initialization.ZkPathsConfig
2014-12-22 21:12:10,686 INFO [main] org.skife.config.ConfigurationObjectFactory - Using method itself for [druid.zk.paths.coordinatorPath] on [io.druid.server.initialization.ZkPathsConfig
2014-12-22 21:12:10,686 INFO [main] org.skife.config.ConfigurationObjectFactory - Using method itself for [druid.zk.paths.indexer.announcementsPath] on [io.druid.server.initialization.ZkPathsConfig
2014-12-22 21:12:10,686 INFO [main] org.skife.config.ConfigurationObjectFactory - Using method itself for [druid.zk.paths.indexer.tasksPath] on [io.druid.server.initialization.ZkPathsConfig
2014-12-22 21:12:10,686 INFO [main] org.skife.config.ConfigurationObjectFactory - Using method itself for [druid.zk.paths.indexer.statusPath] on [io.druid.server.initialization.ZkPathsConfig
2014-12-22 21:12:10,686 INFO [main] org.skife.config.ConfigurationObjectFactory - Using method itself for [druid.zk.paths.indexer.leaderLatchPath] on [io.druid.server.initialization.ZkPathsConfig
2014-12-22 21:12:10,686 INFO [main] org.skife.config.ConfigurationObjectFactory - Using method itself for [druid.zk.paths.connectorPath] on [io.druid.server.initialization.ZkPathsConfig
2014-12-22 21:12:10,686 INFO [main] org.skife.config.ConfigurationObjectFactory - Using method itself for [druid.zk.paths.base] on [io.druid.server.initialization.ZkPathsConfig
2014-12-22 21:12:10,687 INFO [main] org.skife.config.ConfigurationObjectFactory - Using method itself for [druid.zk.paths.propertiesPath] on [io.druid.server.initialization.ZkPathsConfig
2014-12-22 21:12:10,687 INFO [main] org.skife.config.ConfigurationObjectFactory - Using method itself for [druid.zk.paths.liveSegmentsPath] on [io.druid.server.initialization.ZkPathsConfig
2014-12-22 21:12:10,687 INFO [main] org.skife.config.ConfigurationObjectFactory - Using method itself for [druid.zk.paths.servedSegmentsPath] on [io.druid.server.initialization.ZkPathsConfig
2014-12-22 21:12:10,687 INFO [main] org.skife.config.ConfigurationObjectFactory - Using method itself for [druid.zk.paths.announcementsPath] on [io.druid.server.initialization.ZkPathsConfig
2014-12-22 21:12:10,696 INFO [main] org.skife.config.ConfigurationObjectFactory - Assigning default value [30000] for [druid.zk.service.sessionTimeoutMs] on [io.druid.curator.CuratorConfig
2014-12-22 21:12:10,696 INFO [main] org.skife.config.ConfigurationObjectFactory - Assigning default value [false] for [druid.curator.compress] on [io.druid.curator.CuratorConfig
2014-12-22 21:12:10,696 INFO [main] org.skife.config.ConfigurationObjectFactory - Assigning value [<zookeeper 1 hostname>,<zookeeper 2 hostname>,<zookeeper 3 hostname>] for [druid.zk.service.host] on [io.druid.curator.CuratorConfig
2014-12-22 21:12:10,710 WARN [main] org.apache.curator.retry.ExponentialBackoffRetry - maxRetries too large (30). Pinning to 29
2014-12-22 21:12:10,743 INFO [main] io.druid.guice.JsonConfigurator - Loaded class[interface io.druid.client.ServerInventoryViewProvider] from props[druid.announcer.] as [io.druid.client.SingleServerInventoryProvider@1f443fae]
2014-12-22 21:12:10,785 INFO [main] io.druid.guice.JsonConfigurator - Loaded class[interface io.druid.client.selector.ServerSelectorStrategy] from props[druid.broker.balancer.] as [io.druid.client.selector.RandomServerSelectorStrategy@57aa341b]
2014-12-22 21:12:10,791 INFO [main] io.druid.guice.JsonConfigurator - Loaded class[interface io.druid.client.selector.TierSelectorStrategy] from props[druid.broker.select.] as [io.druid.client.selector.HighestPriorityTierSelectorStrategy@51b1a8f6]
2014-12-22 21:12:10,796 INFO [main] io.druid.guice.JsonConfigurator - Loaded class[class io.druid.client.cache.CacheConfig] from props[druid.broker.cache.] as [io.druid.client.cache.CacheConfig@12f8b1d8]
2014-12-22 21:12:10,808 INFO [main] io.druid.guice.JsonConfigurator - Loaded class[interface io.druid.server.log.RequestLoggerProvider] from props[druid.request.logging.] as [io.druid.server.log.FileRequestLoggerProvider@3ed0918d]
2014-12-22 21:12:10,815 INFO [main] io.druid.guice.JsonConfigurator - Loaded class[class io.druid.server.initialization.CuratorDiscoveryConfig] from props[druid.discovery.curator.] as [io.druid.server.initialization.CuratorDiscoveryConfig@35835fa]
2014-12-22 21:12:10,958 INFO [main] org.eclipse.jetty.util.log - Logging initialized @3149ms
2014-12-22 21:12:11,039 INFO [main] com.metamx.common.lifecycle.Lifecycle$AnnotationBasedHandler - Invoking start method[public void com.metamx.emitter.core.LoggingEmitter.start()] on object[com.metamx.emitter.core.LoggingEmitter@68217d41].
2014-12-22 21:12:11,040 INFO [main] com.metamx.common.lifecycle.Lifecycle$AnnotationBasedHandler - Invoking start method[public void com.metamx.emitter.service.ServiceEmitter.start()] on object[com.metamx.emitter.service.ServiceEmitter@62891fc8].
2014-12-22 21:12:11,041 INFO [main] com.metamx.common.lifecycle.Lifecycle$AnnotationBasedHandler - Invoking start method[public void com.metamx.metrics.MonitorScheduler.start()] on object[com.metamx.metrics.MonitorScheduler@3ae0b770].
2014-12-22 21:12:11,045 INFO [main] com.metamx.common.lifecycle.Lifecycle$AnnotationBasedHandler - Invoking start method[public void com.metamx.http.client.HttpClient.start()] on object[com.metamx.http.client.HttpClient@41f4fe5].
2014-12-22 21:12:11,045 INFO [main] io.druid.curator.CuratorModule - Starting Curator
2014-12-22 21:12:11,046 INFO [main] org.apache.curator.framework.imps.CuratorFrameworkImpl - Starting
2014-12-22 21:12:11,054 INFO [main] org.apache.zookeeper.ZooKeeper - Client environment:zookeeper.version=3.4.6-1569965, built on 02/20/2014 09:09 GMT
2014-12-22 21:12:11,054 INFO [main] org.apache.zookeeper.ZooKeeper - Client environment:host.name=<broker hostname>
2014-12-22 21:12:11,054 INFO [main] org.apache.zookeeper.ZooKeeper - Client environment:java.version=1.8.0_20
2014-12-22 21:12:11,054 INFO [main] org.apache.zookeeper.ZooKeeper - Client environment:java.vendor=Oracle Corporation
2014-12-22 21:12:11,054 INFO [main] org.apache.zookeeper.ZooKeeper - Client environment:java.home=/usr/java/jdk1.8.0_20/jre
2014-12-22 21:12:11,054 INFO [main] org.apache.zookeeper.ZooKeeper - Client environment:java.class.path=/usr/local/druid-services/lib/jackson-jaxrs-json-provider-2.2.3.jar:/usr/local/druid-services/lib/icu4j-4.8.1.jar:/usr/local/druid-services/lib/tesla-aether-0.0.5.jar:/usr/local/druid-services/lib/google-http-client-1.15.0-rc.jar:/usr/local/druid-services/lib/maven-settings-builder-3.1.1.jar:/usr/local/druid-services/lib/asm-3.1.jar:/usr/local/druid-services/lib/aopalliance-1.0.jar:/usr/local/druid-services/lib/curator-client-2.6.0.jar:/usr/local/druid-services/lib/irc-api-1.0-0011.jar:/usr/local/druid-services/lib/okhttp-1.0.2.jar:/usr/local/druid-services/lib/curator-recipes-2.6.0.jar:/usr/local/druid-services/lib/maven-repository-metadata-3.1.1.jar:/usr/local/druid-services/lib/maven-model-builder-3.1.1.jar:/usr/local/druid-services/lib/bcprov-jdk15-1.46.jar:/usr/local/druid-services/lib/jetty-io-9.2.3.v20140905.jar:/usr/local/druid-services/lib/plexus-interpolation-1.19.jar:/usr/local/druid-services/lib/jetty-proxy-9.2.3.v20140905.jar:/usr/local/druid-services/lib/maven-settings-3.1.1.jar:/usr/local/druid-services/lib/aether-impl-0.9.0.M2.jar:/usr/local/druid-services/lib/server-metrics-0.0.9.jar:/usr/local/druid-services/lib/wagon-provider-api-2.4.jar:/usr/local/druid-services/lib/commons-cli-1.2.jar:/usr/local/druid-services/lib/mysql-connector-java-5.1.18.jar:/usr/local/druid-services/lib/alphanum-1.0.3.jar:/usr/local/druid-services/lib/maven-aether-provider-3.1.1.jar:/usr/local/druid-services/lib/java-util-0.26.9.jar:/usr/local/druid-services/lib/zookeeper-3.4.6.jar:/usr/local/druid-services/lib/mail-1.4.7.jar:/usr/local/druid-services/lib/guice-multibindings-4.0-beta.jar:/usr/local/druid-services/lib/jackson-module-jaxb-annotations-2.2.3.jar:/usr/local/druid-services/lib/xpp3-1.1.4c.jar:/usr/local/druid-services/lib/druid-processing-0.6.160.jar:/usr/local/druid-services/lib/jetty-servlets-9.2.3.v20140905.jar:/usr/local/druid-services/lib/spymemcached-2.8.4.jar:/usr/local/druid-services/lib/jersey-guice-1.17.1.jar:/usr/local/druid-services/lib/druid-indexing-hadoop-0.6.160.jar:/usr/local/druid-services/lib/jersey-core-1.17.1.jar:/usr/local/druid-services/lib/hibernate-validator-5.0.1.Final.jar:/usr/local/druid-services/lib/jackson-core-asl-1.9.13.jar:/usr/local/druid-services/lib/commons-pool-1.6.jar:/usr/local/druid-services/lib/compress-lzf-0.8.4.jar:/usr/local/druid-services/lib/validation-api-1.1.0.Final.jar:/usr/local/druid-services/lib/jackson-mapper-asl-1.9.13.jar:/usr/local/druid-services/lib/slf4j-api-1.6.4.jar:/usr/local/druid-services/lib/protobuf-java-2.5.0.jar:/usr/local/druid-services/lib/aether-api-0.9.0.M2.jar:/usr/local/druid-services/lib/jersey-servlet-1.17.1.jar:/usr/local/druid-services/lib/jackson-datatype-joda-2.2.3.jar:/usr/local/druid-services/lib/jackson-datatype-guava-2.2.3.jar:/usr/local/druid-services/lib/httpcore-4.2.jar:/usr/local/druid-services/lib/jetty-continuation-9.2.3.v20140905.jar:/usr/local/druid-services/lib/bytebuffer-collections-0.0.4.jar:/usr/local/druid-services/lib/sigar-1.6.5.132.jar:/usr/local/druid-services/lib/netty-3.9.0.Final.jar:/usr/local/druid-services/lib/jetty-security-9.2.3.v20140905.jar:/usr/local/druid-services/lib/jetty-http-9.2.3.v20140905.jar:/usr/local/druid-services/lib/rhino-1.7R4.jar:/usr/local/druid-services/lib/guice-4.0-beta.jar:/usr/local/druid-services/lib/jackson-databind-2.2.3.jar:/usr/local/druid-services/lib/google-http-client-jackson2-1.15.0-rc.jar:/usr/local/druid-services/lib/jackson-dataformat-smile-2.2.3.jar:/usr/local/druid-services/lib/org.abego.treelayout.core-1.0.1.jar:/usr/local/druid-services/lib/jline-0.9.94.jar:/usr/local/druid-services/lib/commons-logging-1.1.1.jar:/usr/local/druid-services/lib/druid-api-0.2.14.1.jar:/usr/local/druid-services/lib/maxminddb-0.2.0.jar:/usr/local/druid-services/lib/http-client-0.9.6.jar:/usr/local/druid-services/lib/jetty-util-9.2.3.v20140905.jar:/usr/local/druid-services/lib/druid-services-0.6.160.jar:/usr/local/druid-services/lib/commons-codec-1.7.jar:/usr/local/druid-services/lib/aether-spi-0.9.0.M2.jar:/usr/local/druid-services/lib/jetty-server-9.2.3.v20140905.jar:/usr/local/druid-services/lib/activation-1.1.1.jar:/usr/local/druid-services/lib/guava-16.0.1.jar:/usr/local/druid-services/lib/classmate-0.8.0.jar:/usr/local/druid-services/lib/geoip2-0.4.0.jar:/usr/local/druid-services/lib/log4j-1.2.16.jar:/usr/local/druid-services/lib/extendedset-1.3.7.jar:/usr/local/druid-services/lib/druid-indexing-service-0.6.160.jar:/usr/local/druid-services/lib/jdbi-2.32.jar:/usr/local/druid-services/lib/guice-servlet-4.0-beta.jar:/usr/local/druid-services/lib/jackson-jaxrs-smile-provider-2.2.3.jar:/usr/local/druid-services/lib/config-magic-0.9.jar:/usr/local/druid-services/lib/lz4-1.1.2.jar:/usr/local/druid-services/lib/httpclient-4.2.jar:/usr/local/druid-services/lib/commons-io-2.0.1.jar:/usr/local/druid-services/lib/java-xmlbuilder-0.4.jar:/usr/local/druid-services/lib/jetty-client-9.2.3.v20140905.jar:/usr/local/druid-services/lib/curator-x-discovery-2.6.0.jar:/usr/local/druid-services/lib/druid-common-0.6.160.jar:/usr/local/druid-services/lib/javax.inject-1.jar:/usr/local/druid-services/lib/jsr305-2.0.1.jar:/usr/local/druid-services/lib/druid-server-0.6.160.jar:/usr/local/druid-services/lib/aether-connector-file-0.9.0.M2.jar:/usr/local/druid-services/lib/aether-util-0.9.0.M2.jar:/usr/local/druid-services/lib/slf4j-log4j12-1.6.2.jar:/usr/local/druid-services/lib/aws-java-sdk-1.6.0.1.jar:/usr/local/druid-services/lib/airline-0.6.jar:/usr/local/druid-services/lib/javax.servlet-api-3.1.0.jar:/usr/local/druid-services/lib/opencsv-2.3.jar:/usr/local/druid-services/lib/mx4j-3.0.2.jar:/usr/local/druid-services/lib/aether-connector-okhttp-0.0.9.jar:/usr/local/druid-services/lib/jackson-core-2.2.3.jar:/usr/local/druid-services/lib/javax.el-3.0.0.jar:/usr/local/druid-services/lib/jersey-server-1.17.1.jar:/usr/local/druid-services/lib/maven-model-3.1.1.jar:/usr/local/druid-services/lib/emitter-0.2.11.jar:/usr/local/druid-services/lib/jackson-jaxrs-base-2.2.3.jar:/usr/local/druid-services/lib/plexus-utils-3.0.15.jar:/usr/local/druid-services/lib/jboss-logging-3.1.1.GA.jar:/usr/local/druid-services/lib/jets3t-0.9.1.jar:/usr/local/druid-services/lib/antlr4-runtime-4.0.jar:/usr/local/druid-services/lib/jackson-annotations-2.2.3.jar:/usr/local/druid-services/lib/joda-time-2.1.jar:/usr/local/druid-services/lib/jetty-servlet-9.2.3.v20140905.jar:/usr/local/druid-services/lib/curator-framework-2.6.0.jar:/usr/local/druid-services/lib/commons-dbcp-1.4.jar:/usr/local/druid-services/lib/commons-lang-2.6.jar:/usr/local/druid-services/config/broker
2014-12-22 21:12:11,054 INFO [main] org.apache.zookeeper.ZooKeeper - Client environment:java.library.path=/usr/java/packages/lib/amd64:/usr/lib64:/lib64:/lib:/usr/lib
2014-12-22 21:12:11,054 INFO [main] org.apache.zookeeper.ZooKeeper - Client environment:java.io.tmpdir=/tmp
2014-12-22 21:12:11,054 INFO [main] org.apache.zookeeper.ZooKeeper - Client environment:java.compiler=<NA>
2014-12-22 21:12:11,054 INFO [main] org.apache.zookeeper.ZooKeeper - Client environment:os.name=Linux
2014-12-22 21:12:11,055 INFO [main] org.apache.zookeeper.ZooKeeper - Client environment:os.arch=amd64
2014-12-22 21:12:11,055 INFO [main] org.apache.zookeeper.ZooKeeper - Client environment:os.version=2.6.32-5-xen-amd64
2014-12-22 21:12:11,055 INFO [main] org.apache.zookeeper.ZooKeeper - Client environment:user.name=druid
2014-12-22 21:12:11,055 INFO [main] org.apache.zookeeper.ZooKeeper - Client environment:user.home=/home/druid
2014-12-22 21:12:11,055 INFO [main] org.apache.zookeeper.ZooKeeper - Client environment:user.dir=/
2014-12-22 21:12:11,056 INFO [main] org.apache.zookeeper.ZooKeeper - Initiating client connection, connectString=<zookeeper 1 hostname>,<zookeeper 2 hostname>,<zookeeper 3 hostname> sessionTimeout=30000 watcher=org.apache.curator.ConnectionState@5ec46cdd
2014-12-22 21:12:11,071 INFO [main] com.metamx.common.lifecycle.Lifecycle$AnnotationBasedHandler - Invoking start method[public void io.druid.client.ServerInventoryView.start() throws java.lang.Exception] on object[io.druid.client.SingleServerInventoryView@21c7208d].
2014-12-22 21:12:11,075 INFO [main-SendThread(<zookeeper 3 hostname>:2181)] org.apache.zookeeper.ClientCnxn - Opening socket connection to server <zookeeper 3 hostname>/10.28.200.215:2181. Will not attempt to authenticate using SASL (unknown error)
2014-12-22 21:12:11,089 INFO [main] com.metamx.common.lifecycle.Lifecycle$AnnotationBasedHandler - Invoking start method[public void io.druid.server.log.FileRequestLogger.start()] on object[io.druid.server.log.FileRequestLogger@6aba5d30].
2014-12-22 21:12:11,109 INFO [main] com.metamx.common.lifecycle.Lifecycle$AnnotationBasedHandler - Invoking start method[public void io.druid.server.coordination.broker.DruidBroker.start()] on object[io.druid.server.coordination.broker.DruidBroker@41ffaeb8].
2014-12-22 21:12:11,112 INFO [main] org.eclipse.jetty.server.Server - jetty-9.2.3.v20140905
2014-12-22 21:12:11,148 INFO [main-SendThread(<zookeeper 3 hostname>:2181)] org.apache.zookeeper.ClientCnxn - Socket connection established to <zookeeper 3 hostname>/10.28.200.215:2181, initiating session
2014-12-22 21:12:11,157 INFO [main-SendThread(<zookeeper 3 hostname>:2181)] org.apache.zookeeper.ClientCnxn - Session establishment complete on server <zookeeper 3 hostname>/10.28.200.215:2181, sessionid = 0x34a649c0d0c0011, negotiated timeout = 30000
2014-12-22 21:12:11,161 INFO [main-EventThread] org.apache.curator.framework.state.ConnectionStateManager - State change: CONNECTED
Dec 22, 2014 9:12:11 PM com.sun.jersey.guice.spi.container.GuiceComponentProviderFactory register
INFO: Registering com.fasterxml.jackson.jaxrs.json.JacksonJsonProvider as a provider class
Dec 22, 2014 9:12:11 PM com.sun.jersey.guice.spi.container.GuiceComponentProviderFactory register
INFO: Registering io.druid.server.StatusResource as a root resource class
Dec 22, 2014 9:12:11 PM com.sun.jersey.server.impl.application.WebApplicationImpl _initiate
INFO: Initiating Jersey application, version 'Jersey: 1.17.1 02/28/2013 12:47 PM'
Dec 22, 2014 9:12:11 PM com.sun.jersey.guice.spi.container.GuiceComponentProviderFactory getComponentProvider
INFO: Binding com.fasterxml.jackson.jaxrs.json.JacksonJsonProvider to GuiceManagedComponentProvider with the scope "Singleton"
Dec 22, 2014 9:12:11 PM com.sun.jersey.guice.spi.container.GuiceComponentProviderFactory getComponentProvider
INFO: Binding io.druid.server.QueryResource to GuiceInstantiatedComponentProvider
Dec 22, 2014 9:12:11 PM com.sun.jersey.guice.spi.container.GuiceComponentProviderFactory getComponentProvider
INFO: Binding io.druid.server.ClientInfoResource to GuiceInstantiatedComponentProvider
Dec 22, 2014 9:12:11 PM com.sun.jersey.guice.spi.container.GuiceComponentProviderFactory getComponentProvider
INFO: Binding io.druid.server.StatusResource to GuiceManagedComponentProvider with the scope "Undefined"
2014-12-22 21:12:11,689 INFO [main] org.eclipse.jetty.server.handler.ContextHandler - Started o.e.j.s.ServletContextHandler@5ed4bc{/,null,AVAILABLE}
2014-12-22 21:12:11,696 INFO [main] org.eclipse.jetty.server.ServerConnector - Started ServerConnector@17dd671f{HTTP/1.1}{0.0.0.0:8080}
2014-12-22 21:12:11,696 INFO [main] org.eclipse.jetty.server.Server - Started @3890ms
4.271: [GC (CMS Initial Mark) [1 CMS-initial-mark: 0K(18874368K)] 1342262K(20761856K), 0.0700886 secs] [Times: user=0.21 sys=0.00, real=0.08 secs] 
4.341: [CMS-concurrent-mark-start]
4.347: [CMS-concurrent-mark: 0.006/0.006 secs] [Times: user=0.02 sys=0.00, real=0.00 secs] 
4.347: [CMS-concurrent-preclean-start]
4.390: [CMS-concurrent-preclean: 0.043/0.043 secs] [Times: user=0.11 sys=0.02, real=0.04 secs] 
4.390: [CMS-concurrent-abortable-preclean-start]
2014-12-22 21:12:12,297 INFO [ServerInventoryView-0] io.druid.curator.inventory.CuratorInventoryManager - Created new InventoryCacheListener for /druid/servedSegments/<historical 3 hostname>:8080
2014-12-22 21:12:12,298 INFO [ServerInventoryView-0] io.druid.curator.inventory.CuratorInventoryManager - Starting inventory cache for <historical 3 hostname>:8080, inventoryPath /druid/servedSegments/<historical 3 hostname>:8080
2014-12-22 21:12:12,298 INFO [ServerInventoryView-0] io.druid.client.SingleServerInventoryView - New Server[DruidServerMetadata{name='<historical 3 hostname>:8080', host='<historical 3 hostname>:8080', maxSize=21207667507, tier='_default_tier', type='historical', priority='0'}]
2014-12-22 21:12:12,317 INFO [ServerInventoryView-0] io.druid.client.SingleServerInventoryView - Inventory Initialized
2014-12-22 21:12:12,324 INFO [ServerInventoryView-0] io.druid.curator.discovery.CuratorServiceAnnouncer - Announcing service[DruidNode{serviceName='druid/broker', host='<broker hostname>:8080', port=8080}]
2014-12-22 21:12:13,708 INFO [ServerInventoryView-0] io.druid.curator.inventory.CuratorInventoryManager - Created new InventoryCacheListener for /druid/servedSegments/<historical 1 hostname>:8080
2014-12-22 21:12:13,709 INFO [ServerInventoryView-0] io.druid.curator.inventory.CuratorInventoryManager - Starting inventory cache for <historical 1 hostname>:8080, inventoryPath /druid/servedSegments/<historical 1 hostname>:8080
2014-12-22 21:12:13,718 INFO [ServerInventoryView-0] io.druid.client.SingleServerInventoryView - New Server[DruidServerMetadata{name='<historical 1 hostname>:8080', host='<historical 1 hostname>:8080', maxSize=21207667507, tier='_default_tier', type='historical', priority='0'}]
2014-12-22 21:12:15,510 INFO [ServerInventoryView-0] io.druid.curator.inventory.CuratorInventoryManager - Created new InventoryCacheListener for /druid/servedSegments/<historical 2 hostname>:8080
2014-12-22 21:12:15,510 INFO [ServerInventoryView-0] io.druid.curator.inventory.CuratorInventoryManager - Starting inventory cache for <historical 2 hostname>:8080, inventoryPath /druid/servedSegments/<historical 2 hostname>:8080
2014-12-22 21:12:15,510 INFO [ServerInventoryView-0] io.druid.client.SingleServerInventoryView - New Server[DruidServerMetadata{name='<historical 2 hostname>:8080', host='<historical 2 hostname>:8080', maxSize=21207667507, tier='_default_tier', type='historical', priority='0'}]
 CMS: abort preclean due to time 9.444: [CMS-concurrent-abortable-preclean: 1.747/5.054 secs] [Times: user=3.27 sys=0.06, real=5.06 secs] 
9.445: [GC (CMS Final Remark) [YG occupancy: 1342262 K (1887488 K)]9.445: [Rescan (parallel) , 0.1091706 secs]9.554: [weak refs processing, 0.0000406 secs]9.554: [class unloading, 0.0099323 secs]9.564: [scrub symbol table, 0.0032828 secs]9.567: [scrub string table, 0.0004733 secs][1 CMS-remark: 0K(18874368K)] 1342262K(20761856K), 0.1252969 secs] [Times: user=0.79 sys=0.01, real=0.12 secs] 
9.570: [CMS-concurrent-sweep-start]
9.570: [CMS-concurrent-sweep: 0.000/0.000 secs] [Times: user=0.00 sys=0.00, real=0.00 secs] 
9.570: [CMS-concurrent-reset-start]
9.817: [CMS-concurrent-reset: 0.247/0.247 secs] [Times: user=0.05 sys=0.20, real=0.25 secs] 
2014-12-22 21:12:51,599 INFO [ServerInventoryView-0] io.druid.curator.inventory.CuratorInventoryManager - Created new InventoryCacheListener for /druid/servedSegments/<middlemanager hostname>:8081
2014-12-22 21:12:51,599 INFO [ServerInventoryView-0] io.druid.curator.inventory.CuratorInventoryManager - Starting inventory cache for <middlemanager hostname>:8081, inventoryPath /druid/servedSegments/<middlemanager hostname>:8081
2014-12-22 21:12:51,599 INFO [ServerInventoryView-0] io.druid.client.SingleServerInventoryView - New Server[DruidServerMetadata{name='<middlemanager hostname>:8081', host='<middlemanager hostname>:8081', maxSize=0, tier='_default_tier', type='indexer-executor', priority='0'}]
2014-12-22 21:12:52,318 INFO [ServerInventoryView-0] io.druid.curator.inventory.CuratorInventoryManager - Closing inventory cache for <middlemanager hostname>:8081. Also removing listeners.
2014-12-22 21:12:52,320 INFO [ServerInventoryView-0] io.druid.client.SingleServerInventoryView - Server Disappeared[DruidServerMetadata{name='<middlemanager hostname>:8081', host='<middlemanager hostname>:8081', maxSize=0, tier='_default_tier', type='indexer-executor', priority='0'}]
