2014-12-22 21:12:00,715 INFO [main] io.druid.guice.PropertiesModule - Loading properties from runtime.properties
2014-12-22 21:12:00,763 INFO [main] org.hibernate.validator.internal.util.Version - HV000001: Hibernate Validator 5.0.1.Final
2014-12-22 21:12:01,331 INFO [main] io.druid.guice.JsonConfigurator - Loaded class[class io.druid.guice.ExtensionsConfig] from props[druid.extensions.] as [ExtensionsConfig{searchCurrentClassloader=true, coordinates=[io.druid.extensions:druid-s3-extensions:0.6.160], localRepository='/home/druid/.m2/repository', remoteRepositories=[http://repo1.maven.org/maven2/, https://metamx.artifactoryonline.com/metamx/pub-libs-releases-local]}]
2014-12-22 21:12:01,475 INFO [main] io.druid.initialization.Initialization - Loading extension[io.druid.extensions:druid-s3-extensions:0.6.160] for class[io.druid.cli.CliCommandCreator]
2014-12-22 21:12:01,901 INFO [main] io.druid.initialization.Initialization - Added URL[file:/home/druid/.m2/repository/io/druid/extensions/druid-s3-extensions/0.6.160/druid-s3-extensions-0.6.160.jar]
2014-12-22 21:12:01,901 INFO [main] io.druid.initialization.Initialization - Added URL[file:/home/druid/.m2/repository/net/java/dev/jets3t/jets3t/0.9.1/jets3t-0.9.1.jar]
2014-12-22 21:12:01,901 INFO [main] io.druid.initialization.Initialization - Added URL[file:/home/druid/.m2/repository/commons-codec/commons-codec/1.7/commons-codec-1.7.jar]
2014-12-22 21:12:01,901 INFO [main] io.druid.initialization.Initialization - Added URL[file:/home/druid/.m2/repository/org/codehaus/jackson/jackson-core-asl/1.9.13/jackson-core-asl-1.9.13.jar]
2014-12-22 21:12:01,901 INFO [main] io.druid.initialization.Initialization - Added URL[file:/home/druid/.m2/repository/org/codehaus/jackson/jackson-mapper-asl/1.9.13/jackson-mapper-asl-1.9.13.jar]
2014-12-22 21:12:01,901 INFO [main] io.druid.initialization.Initialization - Added URL[file:/home/druid/.m2/repository/javax/activation/activation/1.1.1/activation-1.1.1.jar]
2014-12-22 21:12:01,901 INFO [main] io.druid.initialization.Initialization - Added URL[file:/home/druid/.m2/repository/mx4j/mx4j/3.0.2/mx4j-3.0.2.jar]
2014-12-22 21:12:01,901 INFO [main] io.druid.initialization.Initialization - Added URL[file:/home/druid/.m2/repository/javax/mail/mail/1.4.7/mail-1.4.7.jar]
2014-12-22 21:12:01,901 INFO [main] io.druid.initialization.Initialization - Added URL[file:/home/druid/.m2/repository/commons-logging/commons-logging/1.1.1/commons-logging-1.1.1.jar]
2014-12-22 21:12:01,902 INFO [main] io.druid.initialization.Initialization - Added URL[file:/home/druid/.m2/repository/org/bouncycastle/bcprov-jdk15/1.46/bcprov-jdk15-1.46.jar]
2014-12-22 21:12:01,902 INFO [main] io.druid.initialization.Initialization - Added URL[file:/home/druid/.m2/repository/com/jamesmurty/utils/java-xmlbuilder/0.4/java-xmlbuilder-0.4.jar]
2014-12-22 21:12:01,902 INFO [main] io.druid.initialization.Initialization - Added URL[file:/home/druid/.m2/repository/com/amazonaws/aws-java-sdk/1.6.0.1/aws-java-sdk-1.6.0.1.jar]
2014-12-22 21:12:01,902 INFO [main] io.druid.initialization.Initialization - Added URL[file:/home/druid/.m2/repository/com/fasterxml/jackson/core/jackson-core/2.2.3/jackson-core-2.2.3.jar]
2014-12-22 21:12:01,902 INFO [main] io.druid.initialization.Initialization - Added URL[file:/home/druid/.m2/repository/com/fasterxml/jackson/core/jackson-annotations/2.2.3/jackson-annotations-2.2.3.jar]
2014-12-22 21:12:01,902 INFO [main] io.druid.initialization.Initialization - Added URL[file:/home/druid/.m2/repository/org/apache/httpcomponents/httpclient/4.2/httpclient-4.2.jar]
2014-12-22 21:12:01,902 INFO [main] io.druid.initialization.Initialization - Added URL[file:/home/druid/.m2/repository/org/apache/httpcomponents/httpcore/4.2/httpcore-4.2.jar]
2014-12-22 21:12:01,902 INFO [main] io.druid.initialization.Initialization - Added URL[file:/home/druid/.m2/repository/com/metamx/emitter/0.2.11/emitter-0.2.11.jar]
2014-12-22 21:12:01,902 INFO [main] io.druid.initialization.Initialization - Added URL[file:/home/druid/.m2/repository/com/metamx/http-client/0.9.6/http-client-0.9.6.jar]
2014-12-22 21:12:01,902 INFO [main] io.druid.initialization.Initialization - Added URL[file:/home/druid/.m2/repository/io/netty/netty/3.9.0.Final/netty-3.9.0.Final.jar]
2014-12-22 21:12:01,903 INFO [main] io.druid.initialization.Initialization - Added URL[file:/home/druid/.m2/repository/log4j/log4j/1.2.16/log4j-1.2.16.jar]
2014-12-22 21:12:01,903 INFO [main] io.druid.initialization.Initialization - Added URL[file:/home/druid/.m2/repository/com/google/guava/guava/16.0.1/guava-16.0.1.jar]
2014-12-22 21:12:01,903 INFO [main] io.druid.initialization.Initialization - Added URL[file:/home/druid/.m2/repository/commons-io/commons-io/2.0.1/commons-io-2.0.1.jar]
2014-12-22 21:12:02,129 INFO [main] io.druid.initialization.Initialization - Loading extension[io.druid.extensions:druid-s3-extensions:0.6.160] for class[io.druid.initialization.DruidModule]
2014-12-22 21:12:02,231 INFO [main] io.druid.initialization.Initialization - Adding extension module[class io.druid.storage.s3.S3StorageDruidModule] for class[io.druid.initialization.DruidModule]
2014-12-22 21:12:02,232 INFO [main] io.druid.initialization.Initialization - Adding extension module[class io.druid.firehose.s3.S3FirehoseDruidModule] for class[io.druid.initialization.DruidModule]
2014-12-22 21:12:02,736 INFO [main] io.druid.guice.JsonConfigurator - Loaded class[class com.metamx.emitter.core.LoggingEmitterConfig] from props[druid.emitter.logging.] as [LoggingEmitterConfig{loggerClass='com.metamx.emitter.core.LoggingEmitter', logLevel='debug'}]
2.697: [Full GC (Metadata GC Threshold)  164M->16M(10G), 0.2166456 secs]
   [Eden: 164.0M(512.0M)->0.0B(512.0M) Survivors: 0.0B->0.0B Heap: 164.0M(10.0G)->16.2M(10.0G)], [Metaspace: 20779K->20779K(1069056K)]
 [Times: user=0.10 sys=0.13, real=0.22 secs] 
2014-12-22 21:12:03,063 INFO [main] io.druid.guice.JsonConfigurator - Loaded class[class io.druid.server.metrics.DruidMonitorSchedulerConfig] from props[druid.monitoring.] as [io.druid.server.metrics.DruidMonitorSchedulerConfig@271f18d3]
2014-12-22 21:12:03,101 INFO [main] com.metamx.metrics.SysMonitor - Loading sigar native lib at tmpPath[/tmp/yay3103117996366068809yay/libsigar-amd64-linux.so]
2014-12-22 21:12:03,106 INFO [main] io.druid.guice.JsonConfigurator - Loaded class[class io.druid.server.metrics.MonitorsConfig] from props[druid.monitoring.] as [MonitorsConfig{monitors=[class com.metamx.metrics.SysMonitor, class com.metamx.metrics.JvmMonitor]}]
2014-12-22 21:12:03,124 INFO [main] io.druid.guice.JsonConfigurator - Loaded class[class io.druid.server.DruidNode] from props[druid.] as [DruidNode{serviceName='druid/coordinator', host='<coordinator hostname>:8080', port=8080}]
2014-12-22 21:12:03,136 INFO [main] io.druid.server.metrics.MetricsModule - Adding monitor[com.metamx.metrics.SysMonitor@7cf7aee]
2014-12-22 21:12:03,138 INFO [main] io.druid.server.metrics.MetricsModule - Adding monitor[com.metamx.metrics.JvmMonitor@18151a14]
2014-12-22 21:12:03,201 INFO [main] org.skife.config.ConfigurationObjectFactory - Assigning default value [PT1800s] for [druid.coordinator.period.indexingPeriod] on [io.druid.server.coordinator.DruidCoordinatorConfig
2014-12-22 21:12:03,205 INFO [main] org.skife.config.ConfigurationObjectFactory - Using method itself for [druid.coordinator.merge.on] on [io.druid.server.coordinator.DruidCoordinatorConfig
2014-12-22 21:12:03,205 INFO [main] org.skife.config.ConfigurationObjectFactory - Using method itself for [druid.coordinator.conversion.on] on [io.druid.server.coordinator.DruidCoordinatorConfig
2014-12-22 21:12:03,205 INFO [main] org.skife.config.ConfigurationObjectFactory - Using method itself for [druid.coordinator.load.timeout] on [io.druid.server.coordinator.DruidCoordinatorConfig
2014-12-22 21:12:03,206 INFO [main] org.skife.config.ConfigurationObjectFactory - Using method itself for [druid.coordinator.console.static] on [io.druid.server.coordinator.DruidCoordinatorConfig
2014-12-22 21:12:03,206 INFO [main] org.skife.config.ConfigurationObjectFactory - Assigning default value [PT60s] for [druid.coordinator.period] on [io.druid.server.coordinator.DruidCoordinatorConfig
2014-12-22 21:12:03,206 INFO [main] org.skife.config.ConfigurationObjectFactory - Assigning value [PT70s] for [druid.coordinator.startDelay] on [io.druid.server.coordinator.DruidCoordinatorConfig
2014-12-22 21:12:03,206 INFO [main] org.skife.config.ConfigurationObjectFactory - Assigning value [<coordinator hostname>:8080] for [druid.host] on [io.druid.server.coordinator.DruidCoordinatorConfig
2014-12-22 21:12:03,286 INFO [main] org.skife.config.ConfigurationObjectFactory - Using method itself for [druid.zk.paths.indexer.tasksPath] on [io.druid.server.initialization.ZkPathsConfig
2014-12-22 21:12:03,286 INFO [main] org.skife.config.ConfigurationObjectFactory - Using method itself for [druid.zk.paths.indexer.statusPath] on [io.druid.server.initialization.ZkPathsConfig
2014-12-22 21:12:03,286 INFO [main] org.skife.config.ConfigurationObjectFactory - Using method itself for [druid.zk.paths.indexer.leaderLatchPath] on [io.druid.server.initialization.ZkPathsConfig
2014-12-22 21:12:03,286 INFO [main] org.skife.config.ConfigurationObjectFactory - Using method itself for [druid.zk.paths.coordinatorPath] on [io.druid.server.initialization.ZkPathsConfig
2014-12-22 21:12:03,287 INFO [main] org.skife.config.ConfigurationObjectFactory - Using method itself for [druid.zk.paths.indexer.announcementsPath] on [io.druid.server.initialization.ZkPathsConfig
2014-12-22 21:12:03,287 INFO [main] org.skife.config.ConfigurationObjectFactory - Using method itself for [druid.zk.paths.connectorPath] on [io.druid.server.initialization.ZkPathsConfig
2014-12-22 21:12:03,287 INFO [main] org.skife.config.ConfigurationObjectFactory - Using method itself for [druid.zk.paths.liveSegmentsPath] on [io.druid.server.initialization.ZkPathsConfig
2014-12-22 21:12:03,287 INFO [main] org.skife.config.ConfigurationObjectFactory - Using method itself for [druid.zk.paths.announcementsPath] on [io.druid.server.initialization.ZkPathsConfig
2014-12-22 21:12:03,287 INFO [main] org.skife.config.ConfigurationObjectFactory - Using method itself for [druid.zk.paths.servedSegmentsPath] on [io.druid.server.initialization.ZkPathsConfig
2014-12-22 21:12:03,287 INFO [main] org.skife.config.ConfigurationObjectFactory - Using method itself for [druid.zk.paths.loadQueuePath] on [io.druid.server.initialization.ZkPathsConfig
2014-12-22 21:12:03,287 INFO [main] org.skife.config.ConfigurationObjectFactory - Using method itself for [druid.zk.paths.propertiesPath] on [io.druid.server.initialization.ZkPathsConfig
2014-12-22 21:12:03,287 INFO [main] org.skife.config.ConfigurationObjectFactory - Using method itself for [druid.zk.paths.base] on [io.druid.server.initialization.ZkPathsConfig
2014-12-22 21:12:03,298 INFO [main] io.druid.guice.JsonConfigurator - Loaded class[class io.druid.db.DbConnectorConfig] from props[druid.db.connector.] as [DbConnectorConfig{createTables=true, connectURI='jdbc:mysql://<rds hostname>:3306/druid', user='druid', password=****, useValidationQuery=false, validationQuery='SELECT 1'}]
2014-12-22 21:12:03,304 INFO [main] io.druid.guice.JsonConfigurator - Loaded class[class io.druid.db.DbTablesConfig] from props[druid.db.tables.] as [io.druid.db.DbTablesConfig@417ad4f3]
2014-12-22 21:12:03,357 INFO [main] io.druid.guice.JsonConfigurator - Loaded class[class io.druid.common.config.ConfigManagerConfig] from props[druid.manager.config.] as [io.druid.common.config.ConfigManagerConfig@13d186db]
2014-12-22 21:12:03,366 INFO [main] io.druid.guice.JsonConfigurator - Loaded class[class io.druid.db.DatabaseSegmentManagerConfig] from props[druid.manager.segments.] as [io.druid.db.DatabaseSegmentManagerConfig@1136b469]
2014-12-22 21:12:03,382 INFO [main] org.skife.config.ConfigurationObjectFactory - Assigning value [<zookeeper 1 hostname>,<zookeeper 2 hostname>,<zookeeper 3 hostname>] for [druid.zk.service.host] on [io.druid.curator.CuratorConfig
2014-12-22 21:12:03,382 INFO [main] org.skife.config.ConfigurationObjectFactory - Assigning default value [30000] for [druid.zk.service.sessionTimeoutMs] on [io.druid.curator.CuratorConfig
2014-12-22 21:12:03,382 INFO [main] org.skife.config.ConfigurationObjectFactory - Assigning default value [false] for [druid.curator.compress] on [io.druid.curator.CuratorConfig
2014-12-22 21:12:03,396 WARN [main] org.apache.curator.retry.ExponentialBackoffRetry - maxRetries too large (30). Pinning to 29
2014-12-22 21:12:03,446 INFO [main] io.druid.guice.JsonConfigurator - Loaded class[interface io.druid.client.ServerInventoryViewProvider] from props[druid.announcer.] as [io.druid.client.SingleServerInventoryProvider@76075d65]
2014-12-22 21:12:03,474 INFO [main] io.druid.guice.JsonConfigurator - Loaded class[class io.druid.db.DatabaseRuleManagerConfig] from props[druid.manager.rules.] as [io.druid.db.DatabaseRuleManagerConfig@4912d525]
2014-12-22 21:12:03,480 INFO [main] io.druid.guice.JsonConfigurator - Loaded class[class io.druid.guice.http.DruidHttpClientConfig] from props[druid.global.http.] as [io.druid.guice.http.DruidHttpClientConfig@325bb9a6]
2014-12-22 21:12:03,538 INFO [main] io.druid.guice.JsonConfigurator - Loaded class[class io.druid.client.indexing.IndexingServiceSelectorConfig] from props[druid.selectors.indexing.] as [io.druid.client.indexing.IndexingServiceSelectorConfig@127f9161]
2014-12-22 21:12:03,540 INFO [main] io.druid.guice.JsonConfigurator - Loaded class[class io.druid.server.initialization.CuratorDiscoveryConfig] from props[druid.discovery.curator.] as [io.druid.server.initialization.CuratorDiscoveryConfig@7abe27bf]
2014-12-22 21:12:03,746 INFO [main] io.druid.guice.JsonConfigurator - Loaded class[class io.druid.server.initialization.ServerConfig] from props[druid.server.http.] as [io.druid.server.initialization.ServerConfig@4ad3d266]
2014-12-22 21:12:03,756 INFO [main] org.eclipse.jetty.util.log - Logging initialized @3646ms
2014-12-22 21:12:03,859 INFO [main] com.metamx.common.lifecycle.Lifecycle$AnnotationBasedHandler - Invoking start method[public void com.metamx.emitter.core.LoggingEmitter.start()] on object[com.metamx.emitter.core.LoggingEmitter@f096f37].
2014-12-22 21:12:03,861 INFO [main] com.metamx.common.lifecycle.Lifecycle$AnnotationBasedHandler - Invoking start method[public void com.metamx.emitter.service.ServiceEmitter.start()] on object[com.metamx.emitter.service.ServiceEmitter@11d4dbd6].
2014-12-22 21:12:03,861 INFO [main] com.metamx.common.lifecycle.Lifecycle$AnnotationBasedHandler - Invoking start method[public void com.metamx.metrics.MonitorScheduler.start()] on object[com.metamx.metrics.MonitorScheduler@6f4ade6e].
2014-12-22 21:12:04,278 INFO [main] io.druid.db.DbConnector - Table[druid_config] existed: [[{tables_in_druid (druid_config)=druid_config}]]
2014-12-22 21:12:04,279 INFO [main] com.metamx.common.lifecycle.Lifecycle$AnnotationBasedHandler - Invoking start method[public void io.druid.common.config.ConfigManager.start()] on object[io.druid.common.config.ConfigManager@4eed2acf].
2014-12-22 21:12:04,320 INFO [main] io.druid.db.DbConnector - Table[druid_segments] existed: [[{tables_in_druid (druid_segments)=druid_segments}]]
2014-12-22 21:12:04,320 INFO [main] com.metamx.common.lifecycle.Lifecycle$AnnotationBasedHandler - Invoking start method[public void io.druid.db.DatabaseSegmentManager.start()] on object[io.druid.db.DatabaseSegmentManager@acdcf71].
2014-12-22 21:12:04,322 INFO [main] io.druid.curator.CuratorModule - Starting Curator
2014-12-22 21:12:04,322 INFO [main] org.apache.curator.framework.imps.CuratorFrameworkImpl - Starting
2014-12-22 21:12:04,325 WARN [DatabaseSegmentManager-Exec--0] io.druid.db.DatabaseSegmentManager - No segments found in the database!
2014-12-22 21:12:04,331 INFO [main] org.apache.zookeeper.ZooKeeper - Client environment:zookeeper.version=3.4.6-1569965, built on 02/20/2014 09:09 GMT
2014-12-22 21:12:04,331 INFO [main] org.apache.zookeeper.ZooKeeper - Client environment:host.name=<coordinator hostname>
2014-12-22 21:12:04,331 INFO [main] org.apache.zookeeper.ZooKeeper - Client environment:java.version=1.8.0_20
2014-12-22 21:12:04,331 INFO [main] org.apache.zookeeper.ZooKeeper - Client environment:java.vendor=Oracle Corporation
2014-12-22 21:12:04,331 INFO [main] org.apache.zookeeper.ZooKeeper - Client environment:java.home=/usr/java/jdk1.8.0_20/jre
2014-12-22 21:12:04,331 INFO [main] org.apache.zookeeper.ZooKeeper - Client environment:java.class.path=/usr/local/druid-services/lib/jackson-jaxrs-json-provider-2.2.3.jar:/usr/local/druid-services/lib/icu4j-4.8.1.jar:/usr/local/druid-services/lib/tesla-aether-0.0.5.jar:/usr/local/druid-services/lib/google-http-client-1.15.0-rc.jar:/usr/local/druid-services/lib/maven-settings-builder-3.1.1.jar:/usr/local/druid-services/lib/asm-3.1.jar:/usr/local/druid-services/lib/aopalliance-1.0.jar:/usr/local/druid-services/lib/curator-client-2.6.0.jar:/usr/local/druid-services/lib/irc-api-1.0-0011.jar:/usr/local/druid-services/lib/okhttp-1.0.2.jar:/usr/local/druid-services/lib/curator-recipes-2.6.0.jar:/usr/local/druid-services/lib/maven-repository-metadata-3.1.1.jar:/usr/local/druid-services/lib/maven-model-builder-3.1.1.jar:/usr/local/druid-services/lib/bcprov-jdk15-1.46.jar:/usr/local/druid-services/lib/jetty-io-9.2.3.v20140905.jar:/usr/local/druid-services/lib/plexus-interpolation-1.19.jar:/usr/local/druid-services/lib/jetty-proxy-9.2.3.v20140905.jar:/usr/local/druid-services/lib/maven-settings-3.1.1.jar:/usr/local/druid-services/lib/aether-impl-0.9.0.M2.jar:/usr/local/druid-services/lib/server-metrics-0.0.9.jar:/usr/local/druid-services/lib/wagon-provider-api-2.4.jar:/usr/local/druid-services/lib/commons-cli-1.2.jar:/usr/local/druid-services/lib/mysql-connector-java-5.1.18.jar:/usr/local/druid-services/lib/alphanum-1.0.3.jar:/usr/local/druid-services/lib/maven-aether-provider-3.1.1.jar:/usr/local/druid-services/lib/java-util-0.26.9.jar:/usr/local/druid-services/lib/zookeeper-3.4.6.jar:/usr/local/druid-services/lib/mail-1.4.7.jar:/usr/local/druid-services/lib/guice-multibindings-4.0-beta.jar:/usr/local/druid-services/lib/jackson-module-jaxb-annotations-2.2.3.jar:/usr/local/druid-services/lib/xpp3-1.1.4c.jar:/usr/local/druid-services/lib/druid-processing-0.6.160.jar:/usr/local/druid-services/lib/jetty-servlets-9.2.3.v20140905.jar:/usr/local/druid-services/lib/spymemcached-2.8.4.jar:/usr/local/druid-services/lib/jersey-guice-1.17.1.jar:/usr/local/druid-services/lib/druid-indexing-hadoop-0.6.160.jar:/usr/local/druid-services/lib/jersey-core-1.17.1.jar:/usr/local/druid-services/lib/hibernate-validator-5.0.1.Final.jar:/usr/local/druid-services/lib/jackson-core-asl-1.9.13.jar:/usr/local/druid-services/lib/commons-pool-1.6.jar:/usr/local/druid-services/lib/compress-lzf-0.8.4.jar:/usr/local/druid-services/lib/validation-api-1.1.0.Final.jar:/usr/local/druid-services/lib/jackson-mapper-asl-1.9.13.jar:/usr/local/druid-services/lib/slf4j-api-1.6.4.jar:/usr/local/druid-services/lib/protobuf-java-2.5.0.jar:/usr/local/druid-services/lib/aether-api-0.9.0.M2.jar:/usr/local/druid-services/lib/jersey-servlet-1.17.1.jar:/usr/local/druid-services/lib/jackson-datatype-joda-2.2.3.jar:/usr/local/druid-services/lib/jackson-datatype-guava-2.2.3.jar:/usr/local/druid-services/lib/httpcore-4.2.jar:/usr/local/druid-services/lib/jetty-continuation-9.2.3.v20140905.jar:/usr/local/druid-services/lib/bytebuffer-collections-0.0.4.jar:/usr/local/druid-services/lib/sigar-1.6.5.132.jar:/usr/local/druid-services/lib/netty-3.9.0.Final.jar:/usr/local/druid-services/lib/jetty-security-9.2.3.v20140905.jar:/usr/local/druid-services/lib/jetty-http-9.2.3.v20140905.jar:/usr/local/druid-services/lib/rhino-1.7R4.jar:/usr/local/druid-services/lib/guice-4.0-beta.jar:/usr/local/druid-services/lib/jackson-databind-2.2.3.jar:/usr/local/druid-services/lib/google-http-client-jackson2-1.15.0-rc.jar:/usr/local/druid-services/lib/jackson-dataformat-smile-2.2.3.jar:/usr/local/druid-services/lib/org.abego.treelayout.core-1.0.1.jar:/usr/local/druid-services/lib/jline-0.9.94.jar:/usr/local/druid-services/lib/commons-logging-1.1.1.jar:/usr/local/druid-services/lib/druid-api-0.2.14.1.jar:/usr/local/druid-services/lib/maxminddb-0.2.0.jar:/usr/local/druid-services/lib/http-client-0.9.6.jar:/usr/local/druid-services/lib/jetty-util-9.2.3.v20140905.jar:/usr/local/druid-services/lib/druid-services-0.6.160.jar:/usr/local/druid-services/lib/commons-codec-1.7.jar:/usr/local/druid-services/lib/aether-spi-0.9.0.M2.jar:/usr/local/druid-services/lib/jetty-server-9.2.3.v20140905.jar:/usr/local/druid-services/lib/activation-1.1.1.jar:/usr/local/druid-services/lib/guava-16.0.1.jar:/usr/local/druid-services/lib/classmate-0.8.0.jar:/usr/local/druid-services/lib/geoip2-0.4.0.jar:/usr/local/druid-services/lib/log4j-1.2.16.jar:/usr/local/druid-services/lib/extendedset-1.3.7.jar:/usr/local/druid-services/lib/druid-indexing-service-0.6.160.jar:/usr/local/druid-services/lib/jdbi-2.32.jar:/usr/local/druid-services/lib/guice-servlet-4.0-beta.jar:/usr/local/druid-services/lib/jackson-jaxrs-smile-provider-2.2.3.jar:/usr/local/druid-services/lib/config-magic-0.9.jar:/usr/local/druid-services/lib/lz4-1.1.2.jar:/usr/local/druid-services/lib/httpclient-4.2.jar:/usr/local/druid-services/lib/commons-io-2.0.1.jar:/usr/local/druid-services/lib/java-xmlbuilder-0.4.jar:/usr/local/druid-services/lib/jetty-client-9.2.3.v20140905.jar:/usr/local/druid-services/lib/curator-x-discovery-2.6.0.jar:/usr/local/druid-services/lib/druid-common-0.6.160.jar:/usr/local/druid-services/lib/javax.inject-1.jar:/usr/local/druid-services/lib/jsr305-2.0.1.jar:/usr/local/druid-services/lib/druid-server-0.6.160.jar:/usr/local/druid-services/lib/aether-connector-file-0.9.0.M2.jar:/usr/local/druid-services/lib/aether-util-0.9.0.M2.jar:/usr/local/druid-services/lib/slf4j-log4j12-1.6.2.jar:/usr/local/druid-services/lib/aws-java-sdk-1.6.0.1.jar:/usr/local/druid-services/lib/airline-0.6.jar:/usr/local/druid-services/lib/javax.servlet-api-3.1.0.jar:/usr/local/druid-services/lib/opencsv-2.3.jar:/usr/local/druid-services/lib/mx4j-3.0.2.jar:/usr/local/druid-services/lib/aether-connector-okhttp-0.0.9.jar:/usr/local/druid-services/lib/jackson-core-2.2.3.jar:/usr/local/druid-services/lib/javax.el-3.0.0.jar:/usr/local/druid-services/lib/jersey-server-1.17.1.jar:/usr/local/druid-services/lib/maven-model-3.1.1.jar:/usr/local/druid-services/lib/emitter-0.2.11.jar:/usr/local/druid-services/lib/jackson-jaxrs-base-2.2.3.jar:/usr/local/druid-services/lib/plexus-utils-3.0.15.jar:/usr/local/druid-services/lib/jboss-logging-3.1.1.GA.jar:/usr/local/druid-services/lib/jets3t-0.9.1.jar:/usr/local/druid-services/lib/antlr4-runtime-4.0.jar:/usr/local/druid-services/lib/jackson-annotations-2.2.3.jar:/usr/local/druid-services/lib/joda-time-2.1.jar:/usr/local/druid-services/lib/jetty-servlet-9.2.3.v20140905.jar:/usr/local/druid-services/lib/curator-framework-2.6.0.jar:/usr/local/druid-services/lib/commons-dbcp-1.4.jar:/usr/local/druid-services/lib/commons-lang-2.6.jar:/usr/local/druid-services/config/coordinator
2014-12-22 21:12:04,331 INFO [main] org.apache.zookeeper.ZooKeeper - Client environment:java.library.path=/usr/java/packages/lib/amd64:/usr/lib64:/lib64:/lib:/usr/lib
2014-12-22 21:12:04,331 INFO [main] org.apache.zookeeper.ZooKeeper - Client environment:java.io.tmpdir=/tmp
2014-12-22 21:12:04,331 INFO [main] org.apache.zookeeper.ZooKeeper - Client environment:java.compiler=<NA>
2014-12-22 21:12:04,331 INFO [main] org.apache.zookeeper.ZooKeeper - Client environment:os.name=Linux
2014-12-22 21:12:04,331 INFO [main] org.apache.zookeeper.ZooKeeper - Client environment:os.arch=amd64
2014-12-22 21:12:04,332 INFO [main] org.apache.zookeeper.ZooKeeper - Client environment:os.version=2.6.32-5-xen-amd64
2014-12-22 21:12:04,332 INFO [main] org.apache.zookeeper.ZooKeeper - Client environment:user.name=druid
2014-12-22 21:12:04,332 INFO [main] org.apache.zookeeper.ZooKeeper - Client environment:user.home=/home/druid
2014-12-22 21:12:04,332 INFO [main] org.apache.zookeeper.ZooKeeper - Client environment:user.dir=/
2014-12-22 21:12:04,332 INFO [main] org.apache.zookeeper.ZooKeeper - Initiating client connection, connectString=<zookeeper 1 hostname>,<zookeeper 2 hostname>,<zookeeper 3 hostname> sessionTimeout=30000 watcher=org.apache.curator.ConnectionState@288214b1
2014-12-22 21:12:04,360 INFO [main] com.metamx.common.lifecycle.Lifecycle$AnnotationBasedHandler - Invoking start method[public void io.druid.client.ServerInventoryView.start() throws java.lang.Exception] on object[io.druid.client.SingleServerInventoryView@618ad2aa].
2014-12-22 21:12:04,363 INFO [main-SendThread(<zookeeper 2 hostname>:2181)] org.apache.zookeeper.ClientCnxn - Opening socket connection to server <zookeeper 2 hostname>/10.40.87.219:2181. Will not attempt to authenticate using SASL (unknown error)
2014-12-22 21:12:04,399 INFO [main] io.druid.db.DbConnector - Table[druid_rules] existed: [[{tables_in_druid (druid_rules)=druid_rules}]]
2014-12-22 21:12:04,401 INFO [main] com.metamx.common.lifecycle.Lifecycle$AnnotationBasedHandler - Invoking start method[public void io.druid.db.DatabaseRuleManager.start()] on object[io.druid.db.DatabaseRuleManager@408e96d9].
2014-12-22 21:12:04,408 INFO [main] com.metamx.common.lifecycle.Lifecycle$AnnotationBasedHandler - Invoking start method[public void com.metamx.http.client.HttpClient.start()] on object[com.metamx.http.client.HttpClient@68e7c8c3].
2014-12-22 21:12:04,409 INFO [main] com.metamx.common.lifecycle.Lifecycle$AnnotationBasedHandler - Invoking start method[public void io.druid.curator.discovery.ServerDiscoverySelector.start() throws java.lang.Exception] on object[io.druid.curator.discovery.ServerDiscoverySelector@ef1695a].
2014-12-22 21:12:04,435 INFO [main-SendThread(<zookeeper 2 hostname>:2181)] org.apache.zookeeper.ClientCnxn - Socket connection established to <zookeeper 2 hostname>/10.40.87.219:2181, initiating session
2014-12-22 21:12:04,442 INFO [DatabaseRuleManager-Exec--0] io.druid.db.DatabaseRuleManager - Polled and found rules for 1 datasource(s)
2014-12-22 21:12:04,446 INFO [main-SendThread(<zookeeper 2 hostname>:2181)] org.apache.zookeeper.ClientCnxn - Session establishment complete on server <zookeeper 2 hostname>/10.40.87.219:2181, sessionid = 0x24a649c146a0015, negotiated timeout = 30000
2014-12-22 21:12:04,450 INFO [main-EventThread] org.apache.curator.framework.state.ConnectionStateManager - State change: CONNECTED
2014-12-22 21:12:05,470 INFO [main] com.metamx.common.lifecycle.Lifecycle$AnnotationBasedHandler - Invoking start method[public void io.druid.server.coordinator.DruidCoordinator.start()] on object[io.druid.server.coordinator.DruidCoordinator@5853495b].
2014-12-22 21:12:05,480 INFO [ServerInventoryView-0] io.druid.client.SingleServerInventoryView - Inventory Initialized
2014-12-22 21:12:05,480 INFO [main] org.eclipse.jetty.server.Server - jetty-9.2.3.v20140905
2014-12-22 21:12:05,517 INFO [CoordinatorLeader-0] io.druid.server.coordinator.DruidCoordinator - I am the leader of the coordinators, all must bow!
2014-12-22 21:12:05,522 INFO [CoordinatorLeader-0] io.druid.curator.discovery.CuratorServiceAnnouncer - Announcing service[DruidNode{serviceName='druid/coordinator', host='<coordinator hostname>:8080', port=8080}]
2014-12-22 21:12:05,601 INFO [CoordinatorLeader-0] io.druid.common.config.ConfigManager - Creating watch for key[coordinator.config]
2014-12-22 21:12:05,610 INFO [CoordinatorLeader-0] io.druid.common.config.ConfigManager - Creating watch for key[coordinator.whitelist]
Dec 22, 2014 9:12:05 PM com.sun.jersey.guice.spi.container.GuiceComponentProviderFactory register
INFO: Registering com.fasterxml.jackson.jaxrs.json.JacksonJsonProvider as a provider class
Dec 22, 2014 9:12:05 PM com.sun.jersey.guice.spi.container.GuiceComponentProviderFactory register
INFO: Registering io.druid.server.StatusResource as a root resource class
Dec 22, 2014 9:12:05 PM com.sun.jersey.server.impl.application.WebApplicationImpl _initiate
INFO: Initiating Jersey application, version 'Jersey: 1.17.1 02/28/2013 12:47 PM'
2014-12-22 21:12:05,744 INFO [ServerInventoryView-0] io.druid.curator.inventory.CuratorInventoryManager - Created new InventoryCacheListener for /druid/servedSegments/<historical 2 hostname>:8080
2014-12-22 21:12:05,744 INFO [ServerInventoryView-0] io.druid.curator.inventory.CuratorInventoryManager - Starting inventory cache for <historical 2 hostname>:8080, inventoryPath /druid/servedSegments/<historical 2 hostname>:8080
2014-12-22 21:12:05,745 INFO [ServerInventoryView-0] io.druid.client.SingleServerInventoryView - New Server[DruidServerMetadata{name='<historical 2 hostname>:8080', host='<historical 2 hostname>:8080', maxSize=21207667507, tier='_default_tier', type='historical', priority='0'}]
Dec 22, 2014 9:12:05 PM com.sun.jersey.guice.spi.container.GuiceComponentProviderFactory getComponentProvider
INFO: Binding com.fasterxml.jackson.jaxrs.json.JacksonJsonProvider to GuiceManagedComponentProvider with the scope "Singleton"
5.965: [Full GC (Metadata GC Threshold)  184M->18M(10G), 0.1581798 secs]
   [Eden: 168.0M(512.0M)->0.0B(512.0M) Survivors: 0.0B->0.0B Heap: 184.2M(10.0G)->18.7M(10.0G)], [Metaspace: 34960K->34959K(1081344K)]
 [Times: user=0.37 sys=0.00, real=0.15 secs] 
Dec 22, 2014 9:12:06 PM com.sun.jersey.guice.spi.container.GuiceComponentProviderFactory getComponentProvider
INFO: Binding io.druid.server.http.BackwardsCompatibleInfoResource to GuiceInstantiatedComponentProvider
Dec 22, 2014 9:12:06 PM com.sun.jersey.guice.spi.container.GuiceComponentProviderFactory getComponentProvider
INFO: Binding io.druid.server.http.InfoResource to GuiceInstantiatedComponentProvider
Dec 22, 2014 9:12:06 PM com.sun.jersey.guice.spi.container.GuiceComponentProviderFactory getComponentProvider
INFO: Binding io.druid.server.http.BackwardsCompatibleCoordinatorResource to GuiceInstantiatedComponentProvider
Dec 22, 2014 9:12:06 PM com.sun.jersey.guice.spi.container.GuiceComponentProviderFactory getComponentProvider
INFO: Binding io.druid.server.http.CoordinatorResource to GuiceInstantiatedComponentProvider
Dec 22, 2014 9:12:06 PM com.sun.jersey.guice.spi.container.GuiceComponentProviderFactory getComponentProvider
INFO: Binding io.druid.server.http.CoordinatorDynamicConfigsResource to GuiceInstantiatedComponentProvider
Dec 22, 2014 9:12:06 PM com.sun.jersey.guice.spi.container.GuiceComponentProviderFactory getComponentProvider
INFO: Binding io.druid.server.http.TiersResource to GuiceInstantiatedComponentProvider
Dec 22, 2014 9:12:06 PM com.sun.jersey.guice.spi.container.GuiceComponentProviderFactory getComponentProvider
INFO: Binding io.druid.server.http.RulesResource to GuiceInstantiatedComponentProvider
Dec 22, 2014 9:12:06 PM com.sun.jersey.guice.spi.container.GuiceComponentProviderFactory getComponentProvider
INFO: Binding io.druid.server.http.ServersResource to GuiceInstantiatedComponentProvider
Dec 22, 2014 9:12:06 PM com.sun.jersey.guice.spi.container.GuiceComponentProviderFactory getComponentProvider
INFO: Binding io.druid.server.http.DatasourcesResource to GuiceInstantiatedComponentProvider
Dec 22, 2014 9:12:06 PM com.sun.jersey.guice.spi.container.GuiceComponentProviderFactory getComponentProvider
INFO: Binding io.druid.server.http.DBResource to GuiceInstantiatedComponentProvider
Dec 22, 2014 9:12:06 PM com.sun.jersey.guice.spi.container.GuiceComponentProviderFactory getComponentProvider
INFO: Binding io.druid.server.StatusResource to GuiceManagedComponentProvider with the scope "Undefined"
2014-12-22 21:12:06,548 INFO [main] org.eclipse.jetty.server.handler.ContextHandler - Started o.e.j.s.ServletContextHandler@e146f93{/,jar:file:/usr/local/druid-releases/druid-services-0.6.160/lib/druid-server-0.6.160.jar!/static,AVAILABLE}
2014-12-22 21:12:06,555 INFO [main] org.eclipse.jetty.server.ServerConnector - Started ServerConnector@45aee12e{HTTP/1.1}{0.0.0.0:8080}
2014-12-22 21:12:06,555 INFO [main] org.eclipse.jetty.server.Server - Started @6447ms
2014-12-22 21:12:06,661 INFO [ServerInventoryView-0] io.druid.curator.inventory.CuratorInventoryManager - Created new InventoryCacheListener for /druid/servedSegments/<historical 1 hostname>:8080
2014-12-22 21:12:06,661 INFO [ServerInventoryView-0] io.druid.curator.inventory.CuratorInventoryManager - Starting inventory cache for <historical 1 hostname>:8080, inventoryPath /druid/servedSegments/<historical 1 hostname>:8080
2014-12-22 21:12:06,661 INFO [ServerInventoryView-0] io.druid.client.SingleServerInventoryView - New Server[DruidServerMetadata{name='<historical 1 hostname>:8080', host='<historical 1 hostname>:8080', maxSize=21207667507, tier='_default_tier', type='historical', priority='0'}]
2014-12-22 21:12:07,955 INFO [ServerInventoryView-0] io.druid.curator.inventory.CuratorInventoryManager - Closing inventory cache for <historical 1 hostname>:8080. Also removing listeners.
2014-12-22 21:12:07,957 INFO [ServerInventoryView-0] io.druid.client.SingleServerInventoryView - Server Disappeared[DruidServerMetadata{name='<historical 1 hostname>:8080', host='<historical 1 hostname>:8080', maxSize=21207667507, tier='_default_tier', type='historical', priority='0'}]
2014-12-22 21:12:08,331 INFO [ServerInventoryView-0] io.druid.curator.inventory.CuratorInventoryManager - Closing inventory cache for <historical 2 hostname>:8080. Also removing listeners.
2014-12-22 21:12:08,331 INFO [ServerInventoryView-0] io.druid.client.SingleServerInventoryView - Server Disappeared[DruidServerMetadata{name='<historical 2 hostname>:8080', host='<historical 2 hostname>:8080', maxSize=21207667507, tier='_default_tier', type='historical', priority='0'}]
2014-12-22 21:12:08,787 INFO [ServerInventoryView-0] io.druid.curator.inventory.CuratorInventoryManager - Created new InventoryCacheListener for /druid/servedSegments/<historical 3 hostname>:8080
2014-12-22 21:12:08,787 INFO [ServerInventoryView-0] io.druid.curator.inventory.CuratorInventoryManager - Starting inventory cache for <historical 3 hostname>:8080, inventoryPath /druid/servedSegments/<historical 3 hostname>:8080
2014-12-22 21:12:08,787 INFO [ServerInventoryView-0] io.druid.client.SingleServerInventoryView - New Server[DruidServerMetadata{name='<historical 3 hostname>:8080', host='<historical 3 hostname>:8080', maxSize=21207667507, tier='_default_tier', type='historical', priority='0'}]
2014-12-22 21:12:13,709 INFO [ServerInventoryView-0] io.druid.curator.inventory.CuratorInventoryManager - Created new InventoryCacheListener for /druid/servedSegments/<historical 1 hostname>:8080
2014-12-22 21:12:13,709 INFO [ServerInventoryView-0] io.druid.curator.inventory.CuratorInventoryManager - Starting inventory cache for <historical 1 hostname>:8080, inventoryPath /druid/servedSegments/<historical 1 hostname>:8080
2014-12-22 21:12:13,709 INFO [ServerInventoryView-0] io.druid.client.SingleServerInventoryView - New Server[DruidServerMetadata{name='<historical 1 hostname>:8080', host='<historical 1 hostname>:8080', maxSize=21207667507, tier='_default_tier', type='historical', priority='0'}]
2014-12-22 21:12:15,511 INFO [ServerInventoryView-0] io.druid.curator.inventory.CuratorInventoryManager - Created new InventoryCacheListener for /druid/servedSegments/<historical 2 hostname>:8080
2014-12-22 21:12:15,511 INFO [ServerInventoryView-0] io.druid.curator.inventory.CuratorInventoryManager - Starting inventory cache for <historical 2 hostname>:8080, inventoryPath /druid/servedSegments/<historical 2 hostname>:8080
2014-12-22 21:12:15,511 INFO [ServerInventoryView-0] io.druid.client.SingleServerInventoryView - New Server[DruidServerMetadata{name='<historical 2 hostname>:8080', host='<historical 2 hostname>:8080', maxSize=21207667507, tier='_default_tier', type='historical', priority='0'}]
2014-12-22 21:12:51,601 INFO [ServerInventoryView-0] io.druid.curator.inventory.CuratorInventoryManager - Created new InventoryCacheListener for /druid/servedSegments/<middlemanager hostname>:8081
2014-12-22 21:12:51,601 INFO [ServerInventoryView-0] io.druid.curator.inventory.CuratorInventoryManager - Starting inventory cache for <middlemanager hostname>:8081, inventoryPath /druid/servedSegments/<middlemanager hostname>:8081
2014-12-22 21:12:51,601 INFO [ServerInventoryView-0] io.druid.client.SingleServerInventoryView - New Server[DruidServerMetadata{name='<middlemanager hostname>:8081', host='<middlemanager hostname>:8081', maxSize=0, tier='_default_tier', type='indexer-executor', priority='0'}]
2014-12-22 21:12:52,317 INFO [ServerInventoryView-0] io.druid.curator.inventory.CuratorInventoryManager - Closing inventory cache for <middlemanager hostname>:8081. Also removing listeners.
2014-12-22 21:12:52,317 INFO [ServerInventoryView-0] io.druid.client.SingleServerInventoryView - Server Disappeared[DruidServerMetadata{name='<middlemanager hostname>:8081', host='<middlemanager hostname>:8081', maxSize=0, tier='_default_tier', type='indexer-executor', priority='0'}]
2014-12-22 21:13:04,327 WARN [DatabaseSegmentManager-Exec--0] io.druid.db.DatabaseSegmentManager - No segments found in the database!
2014-12-22 21:13:04,444 INFO [DatabaseRuleManager-Exec--0] io.druid.db.DatabaseRuleManager - Polled and found rules for 1 datasource(s)
2014-12-22 21:13:15,620 INFO [Coordinator-Exec--0] io.druid.server.coordinator.DruidCoordinator - Creating LoadQueuePeon for server[<historical 2 hostname>:8080] at path[/druid/loadQueue/<historical 2 hostname>:8080]
2014-12-22 21:13:15,623 INFO [Coordinator-Exec--0] io.druid.server.coordinator.DruidCoordinator - Creating LoadQueuePeon for server[<historical 3 hostname>:8080] at path[/druid/loadQueue/<historical 3 hostname>:8080]
2014-12-22 21:13:15,624 INFO [Coordinator-Exec--0] io.druid.server.coordinator.DruidCoordinator - Creating LoadQueuePeon for server[<historical 1 hostname>:8080] at path[/druid/loadQueue/<historical 1 hostname>:8080]
2014-12-22 21:13:15,628 INFO [Coordinator-Exec--0] io.druid.server.coordinator.ReplicationThrottler - [_default_tier]: Replicant create queue is empty.
2014-12-22 21:13:15,628 INFO [Coordinator-Exec--0] io.druid.server.coordinator.ReplicationThrottler - [_default_tier]: Replicant terminate queue is empty.
2014-12-22 21:13:15,632 INFO [Coordinator-Exec--0] io.druid.server.coordinator.helper.DruidCoordinatorBalancer - No segments found.  Cannot balance.
2014-12-22 21:13:15,632 INFO [Coordinator-Exec--0] io.druid.server.coordinator.helper.DruidCoordinatorLogger - Load Queues:
2014-12-22 21:13:15,633 INFO [Coordinator-Exec--0] io.druid.server.coordinator.helper.DruidCoordinatorLogger - Server[<historical 2 hostname>:8080, historical, _default_tier] has 0 left to load, 0 left to drop, 0 bytes queued, 0 bytes served.
2014-12-22 21:13:15,633 INFO [Coordinator-Exec--0] io.druid.server.coordinator.helper.DruidCoordinatorLogger - Server[<historical 3 hostname>:8080, historical, _default_tier] has 0 left to load, 0 left to drop, 0 bytes queued, 0 bytes served.
2014-12-22 21:13:15,633 INFO [Coordinator-Exec--0] io.druid.server.coordinator.helper.DruidCoordinatorLogger - Server[<historical 1 hostname>:8080, historical, _default_tier] has 0 left to load, 0 left to drop, 0 bytes queued, 0 bytes served.
2014-12-22 21:14:04,330 WARN [DatabaseSegmentManager-Exec--0] io.druid.db.DatabaseSegmentManager - No segments found in the database!
2014-12-22 21:14:04,448 INFO [DatabaseRuleManager-Exec--0] io.druid.db.DatabaseRuleManager - Polled and found rules for 1 datasource(s)
2014-12-22 21:14:15,635 INFO [Coordinator-Exec--0] io.druid.server.coordinator.ReplicationThrottler - [_default_tier]: Replicant create queue is empty.
2014-12-22 21:14:15,635 INFO [Coordinator-Exec--0] io.druid.server.coordinator.ReplicationThrottler - [_default_tier]: Replicant terminate queue is empty.
2014-12-22 21:14:15,635 INFO [Coordinator-Exec--0] io.druid.server.coordinator.helper.DruidCoordinatorBalancer - No segments found.  Cannot balance.
2014-12-22 21:14:15,635 INFO [Coordinator-Exec--0] io.druid.server.coordinator.helper.DruidCoordinatorLogger - Load Queues:
2014-12-22 21:14:15,635 INFO [Coordinator-Exec--0] io.druid.server.coordinator.helper.DruidCoordinatorLogger - Server[<historical 2 hostname>:8080, historical, _default_tier] has 0 left to load, 0 left to drop, 0 bytes queued, 0 bytes served.
2014-12-22 21:14:15,635 INFO [Coordinator-Exec--0] io.druid.server.coordinator.helper.DruidCoordinatorLogger - Server[<historical 3 hostname>:8080, historical, _default_tier] has 0 left to load, 0 left to drop, 0 bytes queued, 0 bytes served.
2014-12-22 21:14:15,635 INFO [Coordinator-Exec--0] io.druid.server.coordinator.helper.DruidCoordinatorLogger - Server[<historical 1 hostname>:8080, historical, _default_tier] has 0 left to load, 0 left to drop, 0 bytes queued, 0 bytes served.
2014-12-22 21:15:04,331 WARN [DatabaseSegmentManager-Exec--0] io.druid.db.DatabaseSegmentManager - No segments found in the database!
2014-12-22 21:15:04,451 INFO [DatabaseRuleManager-Exec--0] io.druid.db.DatabaseRuleManager - Polled and found rules for 1 datasource(s)
2014-12-22 21:15:15,637 INFO [Coordinator-Exec--0] io.druid.server.coordinator.ReplicationThrottler - [_default_tier]: Replicant create queue is empty.
2014-12-22 21:15:15,637 INFO [Coordinator-Exec--0] io.druid.server.coordinator.ReplicationThrottler - [_default_tier]: Replicant terminate queue is empty.
2014-12-22 21:15:15,637 INFO [Coordinator-Exec--0] io.druid.server.coordinator.helper.DruidCoordinatorBalancer - No segments found.  Cannot balance.
2014-12-22 21:15:15,637 INFO [Coordinator-Exec--0] io.druid.server.coordinator.helper.DruidCoordinatorLogger - Load Queues:
2014-12-22 21:15:15,637 INFO [Coordinator-Exec--0] io.druid.server.coordinator.helper.DruidCoordinatorLogger - Server[<historical 2 hostname>:8080, historical, _default_tier] has 0 left to load, 0 left to drop, 0 bytes queued, 0 bytes served.
2014-12-22 21:15:15,637 INFO [Coordinator-Exec--0] io.druid.server.coordinator.helper.DruidCoordinatorLogger - Server[<historical 3 hostname>:8080, historical, _default_tier] has 0 left to load, 0 left to drop, 0 bytes queued, 0 bytes served.
2014-12-22 21:15:15,637 INFO [Coordinator-Exec--0] io.druid.server.coordinator.helper.DruidCoordinatorLogger - Server[<historical 1 hostname>:8080, historical, _default_tier] has 0 left to load, 0 left to drop, 0 bytes queued, 0 bytes served.
