2014-12-22 17:45:21,338 INFO [main] io.druid.guice.PropertiesModule - Loading properties from runtime.properties
2014-12-22 17:45:21,380 INFO [main] org.hibernate.validator.internal.util.Version - HV000001: Hibernate Validator 5.0.1.Final
2014-12-22 17:45:21,922 INFO [main] io.druid.guice.JsonConfigurator - Loaded class[class io.druid.guice.ExtensionsConfig] from props[druid.extensions.] as [ExtensionsConfig{searchCurrentClassloader=true, coordinates=[io.druid.extensions:druid-s3-extensions:0.6.160], localRepository='/home/druid/.m2/repository', remoteRepositories=[http://repo1.maven.org/maven2/, https://metamx.artifactoryonline.com/metamx/pub-libs-releases-local]}]
2014-12-22 17:45:22,061 INFO [main] io.druid.initialization.Initialization - Loading extension[io.druid.extensions:druid-s3-extensions:0.6.160] for class[io.druid.cli.CliCommandCreator]
2014-12-22 17:45:22,432 INFO [main] io.druid.initialization.Initialization - Added URL[file:/home/druid/.m2/repository/io/druid/extensions/druid-s3-extensions/0.6.160/druid-s3-extensions-0.6.160.jar]
2014-12-22 17:45:22,432 INFO [main] io.druid.initialization.Initialization - Added URL[file:/home/druid/.m2/repository/net/java/dev/jets3t/jets3t/0.9.1/jets3t-0.9.1.jar]
2014-12-22 17:45:22,433 INFO [main] io.druid.initialization.Initialization - Added URL[file:/home/druid/.m2/repository/commons-codec/commons-codec/1.7/commons-codec-1.7.jar]
2014-12-22 17:45:22,433 INFO [main] io.druid.initialization.Initialization - Added URL[file:/home/druid/.m2/repository/org/codehaus/jackson/jackson-core-asl/1.9.13/jackson-core-asl-1.9.13.jar]
2014-12-22 17:45:22,433 INFO [main] io.druid.initialization.Initialization - Added URL[file:/home/druid/.m2/repository/org/codehaus/jackson/jackson-mapper-asl/1.9.13/jackson-mapper-asl-1.9.13.jar]
2014-12-22 17:45:22,433 INFO [main] io.druid.initialization.Initialization - Added URL[file:/home/druid/.m2/repository/javax/activation/activation/1.1.1/activation-1.1.1.jar]
2014-12-22 17:45:22,433 INFO [main] io.druid.initialization.Initialization - Added URL[file:/home/druid/.m2/repository/mx4j/mx4j/3.0.2/mx4j-3.0.2.jar]
2014-12-22 17:45:22,433 INFO [main] io.druid.initialization.Initialization - Added URL[file:/home/druid/.m2/repository/javax/mail/mail/1.4.7/mail-1.4.7.jar]
2014-12-22 17:45:22,433 INFO [main] io.druid.initialization.Initialization - Added URL[file:/home/druid/.m2/repository/commons-logging/commons-logging/1.1.1/commons-logging-1.1.1.jar]
2014-12-22 17:45:22,433 INFO [main] io.druid.initialization.Initialization - Added URL[file:/home/druid/.m2/repository/org/bouncycastle/bcprov-jdk15/1.46/bcprov-jdk15-1.46.jar]
2014-12-22 17:45:22,433 INFO [main] io.druid.initialization.Initialization - Added URL[file:/home/druid/.m2/repository/com/jamesmurty/utils/java-xmlbuilder/0.4/java-xmlbuilder-0.4.jar]
2014-12-22 17:45:22,433 INFO [main] io.druid.initialization.Initialization - Added URL[file:/home/druid/.m2/repository/com/amazonaws/aws-java-sdk/1.6.0.1/aws-java-sdk-1.6.0.1.jar]
2014-12-22 17:45:22,433 INFO [main] io.druid.initialization.Initialization - Added URL[file:/home/druid/.m2/repository/com/fasterxml/jackson/core/jackson-core/2.2.3/jackson-core-2.2.3.jar]
2014-12-22 17:45:22,433 INFO [main] io.druid.initialization.Initialization - Added URL[file:/home/druid/.m2/repository/com/fasterxml/jackson/core/jackson-annotations/2.2.3/jackson-annotations-2.2.3.jar]
2014-12-22 17:45:22,434 INFO [main] io.druid.initialization.Initialization - Added URL[file:/home/druid/.m2/repository/org/apache/httpcomponents/httpclient/4.2/httpclient-4.2.jar]
2014-12-22 17:45:22,434 INFO [main] io.druid.initialization.Initialization - Added URL[file:/home/druid/.m2/repository/org/apache/httpcomponents/httpcore/4.2/httpcore-4.2.jar]
2014-12-22 17:45:22,434 INFO [main] io.druid.initialization.Initialization - Added URL[file:/home/druid/.m2/repository/com/metamx/emitter/0.2.11/emitter-0.2.11.jar]
2014-12-22 17:45:22,434 INFO [main] io.druid.initialization.Initialization - Added URL[file:/home/druid/.m2/repository/com/metamx/http-client/0.9.6/http-client-0.9.6.jar]
2014-12-22 17:45:22,434 INFO [main] io.druid.initialization.Initialization - Added URL[file:/home/druid/.m2/repository/io/netty/netty/3.9.0.Final/netty-3.9.0.Final.jar]
2014-12-22 17:45:22,434 INFO [main] io.druid.initialization.Initialization - Added URL[file:/home/druid/.m2/repository/log4j/log4j/1.2.16/log4j-1.2.16.jar]
2014-12-22 17:45:22,434 INFO [main] io.druid.initialization.Initialization - Added URL[file:/home/druid/.m2/repository/com/google/guava/guava/16.0.1/guava-16.0.1.jar]
2014-12-22 17:45:22,434 INFO [main] io.druid.initialization.Initialization - Added URL[file:/home/druid/.m2/repository/commons-io/commons-io/2.0.1/commons-io-2.0.1.jar]
2014-12-22 17:45:22,607 INFO [main] io.druid.initialization.Initialization - Loading extension[io.druid.extensions:druid-s3-extensions:0.6.160] for class[io.druid.initialization.DruidModule]
2014-12-22 17:45:22,698 INFO [main] io.druid.initialization.Initialization - Adding extension module[class io.druid.storage.s3.S3StorageDruidModule] for class[io.druid.initialization.DruidModule]
2014-12-22 17:45:22,699 INFO [main] io.druid.initialization.Initialization - Adding extension module[class io.druid.firehose.s3.S3FirehoseDruidModule] for class[io.druid.initialization.DruidModule]
2014-12-22 17:45:23,074 INFO [main] io.druid.guice.JsonConfigurator - Loaded class[class com.metamx.emitter.core.LoggingEmitterConfig] from props[druid.emitter.logging.] as [LoggingEmitterConfig{loggerClass='com.metamx.emitter.core.LoggingEmitter', logLevel='debug'}]
2014-12-22 17:45:23,165 INFO [main] io.druid.guice.JsonConfigurator - Loaded class[class io.druid.server.metrics.DruidMonitorSchedulerConfig] from props[druid.monitoring.] as [io.druid.server.metrics.DruidMonitorSchedulerConfig@6a1ebcff]
2014-12-22 17:45:23,194 INFO [main] com.metamx.metrics.SysMonitor - Loading sigar native lib at tmpPath[/tmp/yay8034380776620040657yay/libsigar-amd64-linux.so]
2014-12-22 17:45:23,197 INFO [main] io.druid.guice.JsonConfigurator - Loaded class[class io.druid.server.metrics.MonitorsConfig] from props[druid.monitoring.] as [MonitorsConfig{monitors=[class com.metamx.metrics.SysMonitor, class com.metamx.metrics.JvmMonitor]}]
2014-12-22 17:45:23,218 INFO [main] io.druid.guice.JsonConfigurator - Loaded class[class io.druid.server.DruidNode] from props[druid.] as [DruidNode{serviceName='druid-historical', host='<historical 2 hostname>:8080', port=8080}]
2014-12-22 17:45:23,228 INFO [main] io.druid.server.metrics.MetricsModule - Adding monitor[com.metamx.metrics.SysMonitor@18ca3c62]
2014-12-22 17:45:23,229 INFO [main] io.druid.server.metrics.MetricsModule - Adding monitor[com.metamx.metrics.JvmMonitor@6aa648b9]
2014-12-22 17:45:23,249 INFO [main] io.druid.guice.JsonConfigurator - Loaded class[interface io.druid.client.cache.CacheProvider] from props[druid.historical.cache.] as [io.druid.client.cache.LocalCacheProvider@55b5e331]
2014-12-22 17:45:23,251 INFO [main] io.druid.server.metrics.MetricsModule - Adding monitor[io.druid.client.cache.CacheMonitor@2e16b08d]
2014-12-22 17:45:23,341 INFO [main] io.druid.guice.JsonConfigurator - Loaded class[class io.druid.server.initialization.ServerConfig] from props[druid.server.http.] as [io.druid.server.initialization.ServerConfig@1532c619]
2014-12-22 17:45:23,352 INFO [main] org.eclipse.jetty.util.log - Logging initialized @2522ms
2014-12-22 17:45:23,484 INFO [main] io.druid.guice.JsonConfigurator - Loaded class[class io.druid.storage.s3.AWSCredentialsConfig] from props[druid.s3.] as [io.druid.storage.s3.AWSCredentialsConfig@3068b369]
2014-12-22 17:45:23,633 INFO [main] io.druid.guice.JsonConfigurator - Loaded class[class io.druid.segment.loading.SegmentLoaderConfig] from props[druid.segmentCache.] as [SegmentLoaderConfig{locations=[StorageLocationConfig{path=/indexCache, maxSize=21207667507}], deleteOnRemove=true, dropSegmentDelayMillis=30000, infoDir=null}]
2014-12-22 17:45:23,639 INFO [main] io.druid.guice.JsonConfigurator - Loaded class[class io.druid.query.QueryConfig] from props[druid.query.] as [io.druid.query.QueryConfig@749f539e]
2014-12-22 17:45:23,656 INFO [main] io.druid.guice.JsonConfigurator - Loaded class[class io.druid.query.search.search.SearchQueryConfig] from props[druid.query.search.] as [io.druid.query.search.search.SearchQueryConfig@56da52a7]
2014-12-22 17:45:23,663 INFO [main] io.druid.guice.JsonConfigurator - Loaded class[class io.druid.query.groupby.GroupByQueryConfig] from props[druid.query.groupBy.] as [io.druid.query.groupby.GroupByQueryConfig@303a5119]
2014-12-22 17:45:23,666 INFO [main] org.skife.config.ConfigurationObjectFactory - Assigning value [1142857142] for [druid.processing.buffer.sizeBytes] on [io.druid.query.DruidProcessingConfig
2014-12-22 17:45:23,669 INFO [main] org.skife.config.ConfigurationObjectFactory - Assigning value [7] for [druid.processing.numThreads] on [io.druid.query.DruidProcessingConfig
2014-12-22 17:45:23,669 INFO [main] org.skife.config.ConfigurationObjectFactory - Using method itself for [${base_path}.columnCache.sizeBytes] on [io.druid.query.DruidProcessingConfig
2014-12-22 17:45:23,670 INFO [main] org.skife.config.ConfigurationObjectFactory - Assigning default value [processing-%s] for [${base_path}.formatString] on [com.metamx.common.concurrent.ExecutorServiceConfig
2014-12-22 17:45:23,780 INFO [main] io.druid.guice.JsonConfigurator - Loaded class[class io.druid.query.topn.TopNQueryConfig] from props[druid.query.topN.] as [io.druid.query.topn.TopNQueryConfig@6dd91637]
2014-12-22 17:45:23,794 INFO [main] io.druid.guice.JsonConfigurator - Loaded class[class io.druid.client.cache.CacheConfig] from props[druid.historical.cache.] as [io.druid.client.cache.CacheConfig@298d9a05]
2014-12-22 17:45:23,805 INFO [main] io.druid.guice.JsonConfigurator - Loaded class[interface io.druid.server.log.RequestLoggerProvider] from props[druid.request.logging.] as [io.druid.server.log.FileRequestLoggerProvider@5bdd5689]
2014-12-22 17:45:23,810 INFO [main] org.skife.config.ConfigurationObjectFactory - Using method itself for [druid.zk.paths.coordinatorPath] on [io.druid.server.initialization.ZkPathsConfig
2014-12-22 17:45:23,810 INFO [main] org.skife.config.ConfigurationObjectFactory - Using method itself for [druid.zk.paths.indexer.announcementsPath] on [io.druid.server.initialization.ZkPathsConfig
2014-12-22 17:45:23,810 INFO [main] org.skife.config.ConfigurationObjectFactory - Using method itself for [druid.zk.paths.indexer.tasksPath] on [io.druid.server.initialization.ZkPathsConfig
2014-12-22 17:45:23,810 INFO [main] org.skife.config.ConfigurationObjectFactory - Using method itself for [druid.zk.paths.indexer.statusPath] on [io.druid.server.initialization.ZkPathsConfig
2014-12-22 17:45:23,810 INFO [main] org.skife.config.ConfigurationObjectFactory - Using method itself for [druid.zk.paths.indexer.leaderLatchPath] on [io.druid.server.initialization.ZkPathsConfig
2014-12-22 17:45:23,811 INFO [main] org.skife.config.ConfigurationObjectFactory - Using method itself for [druid.zk.paths.liveSegmentsPath] on [io.druid.server.initialization.ZkPathsConfig
2014-12-22 17:45:23,811 INFO [main] org.skife.config.ConfigurationObjectFactory - Using method itself for [druid.zk.paths.announcementsPath] on [io.druid.server.initialization.ZkPathsConfig
2014-12-22 17:45:23,811 INFO [main] org.skife.config.ConfigurationObjectFactory - Using method itself for [druid.zk.paths.servedSegmentsPath] on [io.druid.server.initialization.ZkPathsConfig
2014-12-22 17:45:23,811 INFO [main] org.skife.config.ConfigurationObjectFactory - Using method itself for [druid.zk.paths.loadQueuePath] on [io.druid.server.initialization.ZkPathsConfig
2014-12-22 17:45:23,812 INFO [main] org.skife.config.ConfigurationObjectFactory - Using method itself for [druid.zk.paths.propertiesPath] on [io.druid.server.initialization.ZkPathsConfig
2014-12-22 17:45:23,812 INFO [main] org.skife.config.ConfigurationObjectFactory - Using method itself for [druid.zk.paths.base] on [io.druid.server.initialization.ZkPathsConfig
2014-12-22 17:45:23,812 INFO [main] org.skife.config.ConfigurationObjectFactory - Using method itself for [druid.zk.paths.connectorPath] on [io.druid.server.initialization.ZkPathsConfig
2014-12-22 17:45:23,824 INFO [main] io.druid.guice.JsonConfigurator - Loaded class[class io.druid.client.DruidServerConfig] from props[druid.server.] as [io.druid.client.DruidServerConfig@5af97169]
2014-12-22 17:45:23,826 INFO [main] org.skife.config.ConfigurationObjectFactory - Assigning value [<zookeeper 1 hostname>,<zookeeper 2 hostname>,<zookeeper 3 hostname>] for [druid.zk.service.host] on [io.druid.curator.CuratorConfig
2014-12-22 17:45:23,826 INFO [main] org.skife.config.ConfigurationObjectFactory - Assigning default value [30000] for [druid.zk.service.sessionTimeoutMs] on [io.druid.curator.CuratorConfig
2014-12-22 17:45:23,826 INFO [main] org.skife.config.ConfigurationObjectFactory - Assigning default value [false] for [druid.curator.compress] on [io.druid.curator.CuratorConfig
2014-12-22 17:45:23,842 WARN [main] org.apache.curator.retry.ExponentialBackoffRetry - maxRetries too large (30). Pinning to 29
2014-12-22 17:45:23,940 INFO [main] io.druid.guice.JsonConfigurator - Loaded class[class io.druid.server.initialization.BatchDataSegmentAnnouncerConfig] from props[druid.announcer.] as [io.druid.server.initialization.BatchDataSegmentAnnouncerConfig@2c6ee758]
2014-12-22 17:45:23,945 INFO [main] io.druid.guice.JsonConfigurator - Loaded class[interface io.druid.server.coordination.DataSegmentAnnouncerProvider] from props[druid.announcer.] as [io.druid.server.coordination.LegacyDataSegmentAnnouncerProvider@6ee8dcd3]
2014-12-22 17:45:23,947 INFO [main] com.metamx.common.lifecycle.Lifecycle$AnnotationBasedHandler - Invoking start method[public void com.metamx.emitter.core.LoggingEmitter.start()] on object[com.metamx.emitter.core.LoggingEmitter@14379273].
2014-12-22 17:45:23,947 INFO [main] com.metamx.common.lifecycle.Lifecycle$AnnotationBasedHandler - Invoking start method[public void com.metamx.emitter.service.ServiceEmitter.start()] on object[com.metamx.emitter.service.ServiceEmitter@1c504e66].
2014-12-22 17:45:23,948 INFO [main] com.metamx.common.lifecycle.Lifecycle$AnnotationBasedHandler - Invoking start method[public void com.metamx.metrics.MonitorScheduler.start()] on object[com.metamx.metrics.MonitorScheduler@2257fadf].
2014-12-22 17:45:23,953 INFO [main] org.eclipse.jetty.server.Server - jetty-9.2.3.v20140905
Dec 22, 2014 5:45:24 PM com.sun.jersey.guice.spi.container.GuiceComponentProviderFactory register
INFO: Registering com.fasterxml.jackson.jaxrs.json.JacksonJsonProvider as a provider class
Dec 22, 2014 5:45:24 PM com.sun.jersey.guice.spi.container.GuiceComponentProviderFactory register
INFO: Registering io.druid.server.StatusResource as a root resource class
Dec 22, 2014 5:45:24 PM com.sun.jersey.server.impl.application.WebApplicationImpl _initiate
INFO: Initiating Jersey application, version 'Jersey: 1.17.1 02/28/2013 12:47 PM'
Dec 22, 2014 5:45:24 PM com.sun.jersey.guice.spi.container.GuiceComponentProviderFactory getComponentProvider
INFO: Binding com.fasterxml.jackson.jaxrs.json.JacksonJsonProvider to GuiceManagedComponentProvider with the scope "Singleton"
Dec 22, 2014 5:45:24 PM com.sun.jersey.guice.spi.container.GuiceComponentProviderFactory getComponentProvider
INFO: Binding io.druid.server.QueryResource to GuiceInstantiatedComponentProvider
Dec 22, 2014 5:45:24 PM com.sun.jersey.guice.spi.container.GuiceComponentProviderFactory getComponentProvider
INFO: Binding io.druid.server.http.HistoricalResource to GuiceInstantiatedComponentProvider
Dec 22, 2014 5:45:24 PM com.sun.jersey.guice.spi.container.GuiceComponentProviderFactory getComponentProvider
INFO: Binding io.druid.server.StatusResource to GuiceManagedComponentProvider with the scope "Undefined"
2014-12-22 17:45:24,684 INFO [main] org.eclipse.jetty.server.handler.ContextHandler - Started o.e.j.s.ServletContextHandler@78e22d35{/,null,AVAILABLE}
2014-12-22 17:45:24,701 INFO [main] org.eclipse.jetty.server.ServerConnector - Started ServerConnector@35d5ac51{HTTP/1.1}{0.0.0.0:8080}
2014-12-22 17:45:24,701 INFO [main] org.eclipse.jetty.server.Server - Started @3876ms
2014-12-22 17:45:24,703 INFO [main] com.metamx.common.lifecycle.Lifecycle$AnnotationBasedHandler - Invoking start method[public void io.druid.server.log.FileRequestLogger.start()] on object[io.druid.server.log.FileRequestLogger@554f0dfb].
2014-12-22 17:45:24,715 INFO [main] io.druid.curator.CuratorModule - Starting Curator
2014-12-22 17:45:24,715 INFO [main] org.apache.curator.framework.imps.CuratorFrameworkImpl - Starting
2014-12-22 17:45:24,723 INFO [main] org.apache.zookeeper.ZooKeeper - Client environment:zookeeper.version=3.4.6-1569965, built on 02/20/2014 09:09 GMT
2014-12-22 17:45:24,723 INFO [main] org.apache.zookeeper.ZooKeeper - Client environment:host.name=<historical 2 hostname>
2014-12-22 17:45:24,724 INFO [main] org.apache.zookeeper.ZooKeeper - Client environment:java.version=1.8.0_20
2014-12-22 17:45:24,724 INFO [main] org.apache.zookeeper.ZooKeeper - Client environment:java.vendor=Oracle Corporation
2014-12-22 17:45:24,724 INFO [main] org.apache.zookeeper.ZooKeeper - Client environment:java.home=/usr/java/jdk1.8.0_20/jre
2014-12-22 17:45:24,724 INFO [main] org.apache.zookeeper.ZooKeeper - Client environment:java.class.path=/usr/local/druid-services/lib/jackson-jaxrs-json-provider-2.2.3.jar:/usr/local/druid-services/lib/icu4j-4.8.1.jar:/usr/local/druid-services/lib/tesla-aether-0.0.5.jar:/usr/local/druid-services/lib/google-http-client-1.15.0-rc.jar:/usr/local/druid-services/lib/maven-settings-builder-3.1.1.jar:/usr/local/druid-services/lib/asm-3.1.jar:/usr/local/druid-services/lib/aopalliance-1.0.jar:/usr/local/druid-services/lib/curator-client-2.6.0.jar:/usr/local/druid-services/lib/irc-api-1.0-0011.jar:/usr/local/druid-services/lib/okhttp-1.0.2.jar:/usr/local/druid-services/lib/curator-recipes-2.6.0.jar:/usr/local/druid-services/lib/maven-repository-metadata-3.1.1.jar:/usr/local/druid-services/lib/maven-model-builder-3.1.1.jar:/usr/local/druid-services/lib/bcprov-jdk15-1.46.jar:/usr/local/druid-services/lib/jetty-io-9.2.3.v20140905.jar:/usr/local/druid-services/lib/plexus-interpolation-1.19.jar:/usr/local/druid-services/lib/jetty-proxy-9.2.3.v20140905.jar:/usr/local/druid-services/lib/maven-settings-3.1.1.jar:/usr/local/druid-services/lib/aether-impl-0.9.0.M2.jar:/usr/local/druid-services/lib/server-metrics-0.0.9.jar:/usr/local/druid-services/lib/wagon-provider-api-2.4.jar:/usr/local/druid-services/lib/commons-cli-1.2.jar:/usr/local/druid-services/lib/mysql-connector-java-5.1.18.jar:/usr/local/druid-services/lib/alphanum-1.0.3.jar:/usr/local/druid-services/lib/maven-aether-provider-3.1.1.jar:/usr/local/druid-services/lib/java-util-0.26.9.jar:/usr/local/druid-services/lib/zookeeper-3.4.6.jar:/usr/local/druid-services/lib/mail-1.4.7.jar:/usr/local/druid-services/lib/guice-multibindings-4.0-beta.jar:/usr/local/druid-services/lib/jackson-module-jaxb-annotations-2.2.3.jar:/usr/local/druid-services/lib/xpp3-1.1.4c.jar:/usr/local/druid-services/lib/druid-processing-0.6.160.jar:/usr/local/druid-services/lib/jetty-servlets-9.2.3.v20140905.jar:/usr/local/druid-services/lib/spymemcached-2.8.4.jar:/usr/local/druid-services/lib/jersey-guice-1.17.1.jar:/usr/local/druid-services/lib/druid-indexing-hadoop-0.6.160.jar:/usr/local/druid-services/lib/jersey-core-1.17.1.jar:/usr/local/druid-services/lib/hibernate-validator-5.0.1.Final.jar:/usr/local/druid-services/lib/jackson-core-asl-1.9.13.jar:/usr/local/druid-services/lib/commons-pool-1.6.jar:/usr/local/druid-services/lib/compress-lzf-0.8.4.jar:/usr/local/druid-services/lib/validation-api-1.1.0.Final.jar:/usr/local/druid-services/lib/jackson-mapper-asl-1.9.13.jar:/usr/local/druid-services/lib/slf4j-api-1.6.4.jar:/usr/local/druid-services/lib/protobuf-java-2.5.0.jar:/usr/local/druid-services/lib/aether-api-0.9.0.M2.jar:/usr/local/druid-services/lib/jersey-servlet-1.17.1.jar:/usr/local/druid-services/lib/jackson-datatype-joda-2.2.3.jar:/usr/local/druid-services/lib/jackson-datatype-guava-2.2.3.jar:/usr/local/druid-services/lib/httpcore-4.2.jar:/usr/local/druid-services/lib/jetty-continuation-9.2.3.v20140905.jar:/usr/local/druid-services/lib/bytebuffer-collections-0.0.4.jar:/usr/local/druid-services/lib/sigar-1.6.5.132.jar:/usr/local/druid-services/lib/netty-3.9.0.Final.jar:/usr/local/druid-services/lib/jetty-security-9.2.3.v20140905.jar:/usr/local/druid-services/lib/jetty-http-9.2.3.v20140905.jar:/usr/local/druid-services/lib/rhino-1.7R4.jar:/usr/local/druid-services/lib/guice-4.0-beta.jar:/usr/local/druid-services/lib/jackson-databind-2.2.3.jar:/usr/local/druid-services/lib/google-http-client-jackson2-1.15.0-rc.jar:/usr/local/druid-services/lib/jackson-dataformat-smile-2.2.3.jar:/usr/local/druid-services/lib/org.abego.treelayout.core-1.0.1.jar:/usr/local/druid-services/lib/jline-0.9.94.jar:/usr/local/druid-services/lib/commons-logging-1.1.1.jar:/usr/local/druid-services/lib/druid-api-0.2.14.1.jar:/usr/local/druid-services/lib/maxminddb-0.2.0.jar:/usr/local/druid-services/lib/http-client-0.9.6.jar:/usr/local/druid-services/lib/jetty-util-9.2.3.v20140905.jar:/usr/local/druid-services/lib/druid-services-0.6.160.jar:/usr/local/druid-services/lib/commons-codec-1.7.jar:/usr/local/druid-services/lib/aether-spi-0.9.0.M2.jar:/usr/local/druid-services/lib/jetty-server-9.2.3.v20140905.jar:/usr/local/druid-services/lib/activation-1.1.1.jar:/usr/local/druid-services/lib/guava-16.0.1.jar:/usr/local/druid-services/lib/classmate-0.8.0.jar:/usr/local/druid-services/lib/geoip2-0.4.0.jar:/usr/local/druid-services/lib/log4j-1.2.16.jar:/usr/local/druid-services/lib/extendedset-1.3.7.jar:/usr/local/druid-services/lib/druid-indexing-service-0.6.160.jar:/usr/local/druid-services/lib/jdbi-2.32.jar:/usr/local/druid-services/lib/guice-servlet-4.0-beta.jar:/usr/local/druid-services/lib/jackson-jaxrs-smile-provider-2.2.3.jar:/usr/local/druid-services/lib/config-magic-0.9.jar:/usr/local/druid-services/lib/lz4-1.1.2.jar:/usr/local/druid-services/lib/httpclient-4.2.jar:/usr/local/druid-services/lib/commons-io-2.0.1.jar:/usr/local/druid-services/lib/java-xmlbuilder-0.4.jar:/usr/local/druid-services/lib/jetty-client-9.2.3.v20140905.jar:/usr/local/druid-services/lib/curator-x-discovery-2.6.0.jar:/usr/local/druid-services/lib/druid-common-0.6.160.jar:/usr/local/druid-services/lib/javax.inject-1.jar:/usr/local/druid-services/lib/jsr305-2.0.1.jar:/usr/local/druid-services/lib/druid-server-0.6.160.jar:/usr/local/druid-services/lib/aether-connector-file-0.9.0.M2.jar:/usr/local/druid-services/lib/aether-util-0.9.0.M2.jar:/usr/local/druid-services/lib/slf4j-log4j12-1.6.2.jar:/usr/local/druid-services/lib/aws-java-sdk-1.6.0.1.jar:/usr/local/druid-services/lib/airline-0.6.jar:/usr/local/druid-services/lib/javax.servlet-api-3.1.0.jar:/usr/local/druid-services/lib/opencsv-2.3.jar:/usr/local/druid-services/lib/mx4j-3.0.2.jar:/usr/local/druid-services/lib/aether-connector-okhttp-0.0.9.jar:/usr/local/druid-services/lib/jackson-core-2.2.3.jar:/usr/local/druid-services/lib/javax.el-3.0.0.jar:/usr/local/druid-services/lib/jersey-server-1.17.1.jar:/usr/local/druid-services/lib/maven-model-3.1.1.jar:/usr/local/druid-services/lib/emitter-0.2.11.jar:/usr/local/druid-services/lib/jackson-jaxrs-base-2.2.3.jar:/usr/local/druid-services/lib/plexus-utils-3.0.15.jar:/usr/local/druid-services/lib/jboss-logging-3.1.1.GA.jar:/usr/local/druid-services/lib/jets3t-0.9.1.jar:/usr/local/druid-services/lib/antlr4-runtime-4.0.jar:/usr/local/druid-services/lib/jackson-annotations-2.2.3.jar:/usr/local/druid-services/lib/joda-time-2.1.jar:/usr/local/druid-services/lib/jetty-servlet-9.2.3.v20140905.jar:/usr/local/druid-services/lib/curator-framework-2.6.0.jar:/usr/local/druid-services/lib/commons-dbcp-1.4.jar:/usr/local/druid-services/lib/commons-lang-2.6.jar:/usr/local/druid-services/config/historical
2014-12-22 17:45:24,724 INFO [main] org.apache.zookeeper.ZooKeeper - Client environment:java.library.path=/usr/java/packages/lib/amd64:/usr/lib64:/lib64:/lib:/usr/lib
2014-12-22 17:45:24,724 INFO [main] org.apache.zookeeper.ZooKeeper - Client environment:java.io.tmpdir=/tmp
2014-12-22 17:45:24,724 INFO [main] org.apache.zookeeper.ZooKeeper - Client environment:java.compiler=<NA>
2014-12-22 17:45:24,724 INFO [main] org.apache.zookeeper.ZooKeeper - Client environment:os.name=Linux
2014-12-22 17:45:24,724 INFO [main] org.apache.zookeeper.ZooKeeper - Client environment:os.arch=amd64
2014-12-22 17:45:24,724 INFO [main] org.apache.zookeeper.ZooKeeper - Client environment:os.version=2.6.32-5-xen-amd64
2014-12-22 17:45:24,724 INFO [main] org.apache.zookeeper.ZooKeeper - Client environment:user.name=druid
2014-12-22 17:45:24,724 INFO [main] org.apache.zookeeper.ZooKeeper - Client environment:user.home=/home/druid
2014-12-22 17:45:24,724 INFO [main] org.apache.zookeeper.ZooKeeper - Client environment:user.dir=/
2014-12-22 17:45:24,725 INFO [main] org.apache.zookeeper.ZooKeeper - Initiating client connection, connectString=<zookeeper 1 hostname>,<zookeeper 2 hostname>,<zookeeper 3 hostname> sessionTimeout=30000 watcher=org.apache.curator.ConnectionState@558756be
2014-12-22 17:45:24,763 INFO [main] com.metamx.common.lifecycle.Lifecycle$AnnotationBasedHandler - Invoking start method[public void io.druid.curator.announcement.Announcer.start()] on object[io.druid.curator.announcement.Announcer@6edcad64].
2014-12-22 17:45:24,764 INFO [main] com.metamx.common.lifecycle.Lifecycle$AnnotationBasedHandler - Invoking start method[public void io.druid.server.coordination.BaseZkCoordinator.start() throws java.io.IOException] on object[io.druid.server.coordination.ZkCoordinator@4c6007fb].
2014-12-22 17:45:24,764 INFO [main] io.druid.server.coordination.ZkCoordinator - Starting zkCoordinator for server[<historical 2 hostname>:8080]
2014-12-22 17:45:24,767 INFO [main-SendThread(<zookeeper 2 hostname>:2181)] org.apache.zookeeper.ClientCnxn - Opening socket connection to server <zookeeper 2 hostname>/10.40.87.219:2181. Will not attempt to authenticate using SASL (unknown error)
2014-12-22 17:45:24,813 INFO [main-SendThread(<zookeeper 2 hostname>:2181)] org.apache.zookeeper.ClientCnxn - Socket connection established to <zookeeper 2 hostname>/10.40.87.219:2181, initiating session
2014-12-22 17:45:24,825 INFO [main-SendThread(<zookeeper 2 hostname>:2181)] org.apache.zookeeper.ClientCnxn - Session establishment complete on server <zookeeper 2 hostname>/10.40.87.219:2181, sessionid = 0x24a649c146a000f, negotiated timeout = 30000
2014-12-22 17:45:24,831 INFO [main-EventThread] org.apache.curator.framework.state.ConnectionStateManager - State change: CONNECTED
[GC (CMS Initial Mark) [1 CMS-initial-mark: 0K(3145728K)] 469807K(4089472K), 0.0694165 secs] [Times: user=0.17 sys=0.01, real=0.06 secs] 
[CMS-concurrent-mark-start]
[CMS-concurrent-mark: 0.001/0.001 secs] [Times: user=0.00 sys=0.00, real=0.00 secs] 
[CMS-concurrent-preclean-start]
[CMS-concurrent-preclean: 0.007/0.007 secs] [Times: user=0.01 sys=0.00, real=0.01 secs] 
[CMS-concurrent-abortable-preclean-start]
2014-12-22 17:45:25,847 INFO [main] com.metamx.common.lifecycle.Lifecycle$AnnotationBasedHandler - Invoking start method[public void io.druid.server.coordination.AbstractDataSegmentAnnouncer.start()] on object[io.druid.server.coordination.SingleDataSegmentAnnouncer@4da6d664].
2014-12-22 17:45:25,847 INFO [main] io.druid.server.coordination.AbstractDataSegmentAnnouncer - Announcing self[DruidServerMetadata{name='<historical 2 hostname>:8080', host='<historical 2 hostname>:8080', maxSize=21207667507, tier='_default_tier', type='historical', priority='0'}] at [/druid/announcements/<historical 2 hostname>:8080]
2014-12-22 17:45:25,893 INFO [main] com.metamx.common.lifecycle.Lifecycle$AnnotationBasedHandler - Invoking start method[public void io.druid.server.coordination.AbstractDataSegmentAnnouncer.start()] on object[io.druid.server.coordination.BatchDataSegmentAnnouncer@37df14d1].
2014-12-22 17:45:25,893 INFO [main] io.druid.server.coordination.AbstractDataSegmentAnnouncer - Announcing self[DruidServerMetadata{name='<historical 2 hostname>:8080', host='<historical 2 hostname>:8080', maxSize=21207667507, tier='_default_tier', type='historical', priority='0'}] at [/druid/announcements/<historical 2 hostname>:8080]
 CMS: abort preclean due to time [CMS-concurrent-abortable-preclean: 0.335/5.051 secs] [Times: user=0.95 sys=0.02, real=5.05 secs] 
[GC (CMS Final Remark) [YG occupancy: 503363 K (943744 K)][Rescan (parallel) , 0.0923095 secs][weak refs processing, 0.0000308 secs][class unloading, 0.0093582 secs][scrub symbol table, 0.0030922 secs][scrub string table, 0.0004619 secs][1 CMS-remark: 0K(3145728K)] 503363K(4089472K), 0.1075415 secs] [Times: user=0.73 sys=0.00, real=0.11 secs] 
[CMS-concurrent-sweep-start]
[CMS-concurrent-sweep: 0.000/0.000 secs] [Times: user=0.00 sys=0.00, real=0.00 secs] 
[CMS-concurrent-reset-start]
[CMS-concurrent-reset: 0.041/0.041 secs] [Times: user=0.00 sys=0.04, real=0.04 secs] 
