2014-12-22 21:12:46,892 INFO [main] io.druid.guice.PropertiesModule - Loading properties from runtime.properties
0.557: [GC pause (G1 Evacuation Pause) (young), 0.0070875 secs]
   [Parallel Time: 2.3 ms, GC Workers: 8]
      [GC Worker Start (ms): Min: 556.9, Avg: 557.6, Max: 559.1, Diff: 2.2]
      [Ext Root Scanning (ms): Min: 0.0, Avg: 0.2, Max: 0.7, Diff: 0.7, Sum: 1.6]
      [Update RS (ms): Min: 0.0, Avg: 0.0, Max: 0.0, Diff: 0.0, Sum: 0.0]
         [Processed Buffers: Min: 0, Avg: 0.0, Max: 0, Diff: 0, Sum: 0]
      [Scan RS (ms): Min: 0.0, Avg: 0.0, Max: 0.0, Diff: 0.0, Sum: 0.1]
      [Code Root Scanning (ms): Min: 0.0, Avg: 0.0, Max: 0.1, Diff: 0.1, Sum: 0.3]
      [Object Copy (ms): Min: 0.0, Avg: 1.0, Max: 1.9, Diff: 1.9, Sum: 8.1]
      [Termination (ms): Min: 0.0, Avg: 0.1, Max: 0.1, Diff: 0.1, Sum: 0.7]
      [GC Worker Other (ms): Min: 0.0, Avg: 0.2, Max: 1.6, Diff: 1.6, Sum: 1.8]
      [GC Worker Total (ms): Min: 0.0, Avg: 1.6, Max: 2.3, Diff: 2.2, Sum: 12.5]
      [GC Worker End (ms): Min: 559.1, Avg: 559.2, Max: 559.2, Diff: 0.0]
   [Code Root Fixup: 0.1 ms]
   [Code Root Migration: 0.1 ms]
   [Code Root Purge: 0.0 ms]
   [Clear CT: 0.2 ms]
   [Other: 4.3 ms]
      [Choose CSet: 0.0 ms]
      [Ref Proc: 4.1 ms]
      [Ref Enq: 0.0 ms]
      [Redirty Cards: 0.0 ms]
      [Free CSet: 0.0 ms]
   [Eden: 24.0M(24.0M)->0.0B(26.0M) Survivors: 0.0B->3072.0K Heap: 24.0M(480.0M)->3894.8K(480.0M)]
 [Times: user=0.02 sys=0.00, real=0.01 secs]
2014-12-22 21:12:46,937 INFO [main] org.hibernate.validator.internal.util.Version - HV000001: Hibernate Validator 5.0.1.Final
0.823: [GC pause (G1 Evacuation Pause) (young), 0.0062861 secs]
   [Parallel Time: 3.1 ms, GC Workers: 8]
      [GC Worker Start (ms): Min: 822.7, Avg: 824.0, Max: 825.7, Diff: 3.0]
      [Ext Root Scanning (ms): Min: 0.0, Avg: 0.3, Max: 1.0, Diff: 1.0, Sum: 2.1]
      [Update RS (ms): Min: 0.0, Avg: 0.0, Max: 0.2, Diff: 0.2, Sum: 0.2]
         [Processed Buffers: Min: 0, Avg: 0.1, Max: 1, Diff: 1, Sum: 1]
      [Scan RS (ms): Min: 0.0, Avg: 0.0, Max: 0.0, Diff: 0.0, Sum: 0.1]
      [Code Root Scanning (ms): Min: 0.0, Avg: 0.0, Max: 0.3, Diff: 0.3, Sum: 0.3]
      [Object Copy (ms): Min: 0.0, Avg: 1.3, Max: 2.3, Diff: 2.3, Sum: 10.0]
      [Termination (ms): Min: 0.0, Avg: 0.2, Max: 0.3, Diff: 0.3, Sum: 1.5]
      [GC Worker Other (ms): Min: 0.0, Avg: 0.0, Max: 0.0, Diff: 0.0, Sum: 0.1]
      [GC Worker Total (ms): Min: 0.0, Avg: 1.8, Max: 3.0, Diff: 3.0, Sum: 14.4]
      [GC Worker End (ms): Min: 825.8, Avg: 825.8, Max: 825.8, Diff: 0.0]
   [Code Root Fixup: 0.2 ms]
   [Code Root Migration: 0.2 ms]
   [Code Root Purge: 0.0 ms]
   [Clear CT: 0.2 ms]
   [Other: 2.6 ms]
      [Choose CSet: 0.0 ms]
      [Ref Proc: 2.5 ms]
      [Ref Enq: 0.0 ms]
      [Redirty Cards: 0.0 ms]
      [Free CSet: 0.0 ms]
   [Eden: 26.0M(26.0M)->0.0B(284.0M) Survivors: 3072.0K->4096.0K Heap: 29.8M(480.0M)->8924.8K(480.0M)]
 [Times: user=0.02 sys=0.00, real=0.01 secs]
2014-12-22 21:12:47,410 INFO [main] io.druid.guice.JsonConfigurator - Loaded class[class io.druid.guice.ExtensionsConfig] from props[druid.extensions.] as [ExtensionsConfig{searchCurrentClassloader=true, coordinates=[io.druid.extensions:druid-s3-extensions:0.6.160], localRepository='/home/druid/.m2/repository', remoteRepositories=[http://repo1.maven.org/maven2/, https://metamx.artifactoryonline.com/metamx/pub-libs-releases-local]}]
2014-12-22 21:12:47,535 INFO [main] io.druid.initialization.Initialization - Loading extension[io.druid.extensions:druid-s3-extensions:0.6.160] for class[io.druid.cli.CliCommandCreator]
2014-12-22 21:12:47,921 INFO [main] io.druid.initialization.Initialization - Added URL[file:/home/druid/.m2/repository/io/druid/extensions/druid-s3-extensions/0.6.160/druid-s3-extensions-0.6.160.jar]
2014-12-22 21:12:47,921 INFO [main] io.druid.initialization.Initialization - Added URL[file:/home/druid/.m2/repository/net/java/dev/jets3t/jets3t/0.9.1/jets3t-0.9.1.jar]
2014-12-22 21:12:47,921 INFO [main] io.druid.initialization.Initialization - Added URL[file:/home/druid/.m2/repository/commons-codec/commons-codec/1.7/commons-codec-1.7.jar]
2014-12-22 21:12:47,921 INFO [main] io.druid.initialization.Initialization - Added URL[file:/home/druid/.m2/repository/org/codehaus/jackson/jackson-core-asl/1.9.13/jackson-core-asl-1.9.13.jar]
2014-12-22 21:12:47,921 INFO [main] io.druid.initialization.Initialization - Added URL[file:/home/druid/.m2/repository/org/codehaus/jackson/jackson-mapper-asl/1.9.13/jackson-mapper-asl-1.9.13.jar]
2014-12-22 21:12:47,921 INFO [main] io.druid.initialization.Initialization - Added URL[file:/home/druid/.m2/repository/javax/activation/activation/1.1.1/activation-1.1.1.jar]
2014-12-22 21:12:47,921 INFO [main] io.druid.initialization.Initialization - Added URL[file:/home/druid/.m2/repository/mx4j/mx4j/3.0.2/mx4j-3.0.2.jar]
2014-12-22 21:12:47,922 INFO [main] io.druid.initialization.Initialization - Added URL[file:/home/druid/.m2/repository/javax/mail/mail/1.4.7/mail-1.4.7.jar]
2014-12-22 21:12:47,922 INFO [main] io.druid.initialization.Initialization - Added URL[file:/home/druid/.m2/repository/commons-logging/commons-logging/1.1.1/commons-logging-1.1.1.jar]
2014-12-22 21:12:47,922 INFO [main] io.druid.initialization.Initialization - Added URL[file:/home/druid/.m2/repository/org/bouncycastle/bcprov-jdk15/1.46/bcprov-jdk15-1.46.jar]
2014-12-22 21:12:47,922 INFO [main] io.druid.initialization.Initialization - Added URL[file:/home/druid/.m2/repository/com/jamesmurty/utils/java-xmlbuilder/0.4/java-xmlbuilder-0.4.jar]
2014-12-22 21:12:47,922 INFO [main] io.druid.initialization.Initialization - Added URL[file:/home/druid/.m2/repository/com/amazonaws/aws-java-sdk/1.6.0.1/aws-java-sdk-1.6.0.1.jar]
2014-12-22 21:12:47,922 INFO [main] io.druid.initialization.Initialization - Added URL[file:/home/druid/.m2/repository/com/fasterxml/jackson/core/jackson-core/2.2.3/jackson-core-2.2.3.jar]
2014-12-22 21:12:47,922 INFO [main] io.druid.initialization.Initialization - Added URL[file:/home/druid/.m2/repository/com/fasterxml/jackson/core/jackson-annotations/2.2.3/jackson-annotations-2.2.3.jar]
2014-12-22 21:12:47,922 INFO [main] io.druid.initialization.Initialization - Added URL[file:/home/druid/.m2/repository/org/apache/httpcomponents/httpclient/4.2/httpclient-4.2.jar]
2014-12-22 21:12:47,922 INFO [main] io.druid.initialization.Initialization - Added URL[file:/home/druid/.m2/repository/org/apache/httpcomponents/httpcore/4.2/httpcore-4.2.jar]
2014-12-22 21:12:47,922 INFO [main] io.druid.initialization.Initialization - Added URL[file:/home/druid/.m2/repository/com/metamx/emitter/0.2.11/emitter-0.2.11.jar]
2014-12-22 21:12:47,923 INFO [main] io.druid.initialization.Initialization - Added URL[file:/home/druid/.m2/repository/com/metamx/http-client/0.9.6/http-client-0.9.6.jar]
2014-12-22 21:12:47,923 INFO [main] io.druid.initialization.Initialization - Added URL[file:/home/druid/.m2/repository/io/netty/netty/3.9.0.Final/netty-3.9.0.Final.jar]
2014-12-22 21:12:47,923 INFO [main] io.druid.initialization.Initialization - Added URL[file:/home/druid/.m2/repository/log4j/log4j/1.2.16/log4j-1.2.16.jar]
2014-12-22 21:12:47,923 INFO [main] io.druid.initialization.Initialization - Added URL[file:/home/druid/.m2/repository/com/google/guava/guava/16.0.1/guava-16.0.1.jar]
2014-12-22 21:12:47,923 INFO [main] io.druid.initialization.Initialization - Added URL[file:/home/druid/.m2/repository/commons-io/commons-io/2.0.1/commons-io-2.0.1.jar]
2014-12-22 21:12:48,102 INFO [main] io.druid.initialization.Initialization - Loading extension[io.druid.extensions:druid-s3-extensions:0.6.160] for class[io.druid.initialization.DruidModule]
2014-12-22 21:12:48,195 INFO [main] io.druid.initialization.Initialization - Adding extension module[class io.druid.storage.s3.S3StorageDruidModule] for class[io.druid.initialization.DruidModule]
2014-12-22 21:12:48,196 INFO [main] io.druid.initialization.Initialization - Adding extension module[class io.druid.firehose.s3.S3FirehoseDruidModule] for class[io.druid.initialization.DruidModule]
2014-12-22 21:12:48,653 INFO [main] io.druid.guice.JsonConfigurator - Loaded class[class com.metamx.emitter.core.LoggingEmitterConfig] from props[druid.emitter.logging.] as [LoggingEmitterConfig{loggerClass='com.metamx.emitter.core.LoggingEmitter', logLevel='debug'}]
2.333: [Full GC (Metadata GC Threshold)  118M->11M(39M), 0.1033872 secs]
   [Eden: 110.0M(284.0M)->0.0B(21.0M) Survivors: 4096.0K->0.0B Heap: 118.2M(480.0M)->11.6M(39.0M)], [Metaspace: 20755K->20755K(1067008K)]
 [Times: user=0.12 sys=0.04, real=0.10 secs]
2014-12-22 21:12:48,845 INFO [main] io.druid.guice.JsonConfigurator - Loaded class[class io.druid.server.metrics.DruidMonitorSchedulerConfig] from props[druid.monitoring.] as [io.druid.server.metrics.DruidMonitorSchedulerConfig@79ab3a71]
2014-12-22 21:12:48,875 INFO [main] com.metamx.metrics.SysMonitor - Loading sigar native lib at tmpPath[/tmp/yay6734397409767291369yay/libsigar-amd64-linux.so]
2014-12-22 21:12:48,879 INFO [main] io.druid.guice.JsonConfigurator - Loaded class[class io.druid.server.metrics.MonitorsConfig] from props[druid.monitoring.] as [MonitorsConfig{monitors=[class com.metamx.metrics.SysMonitor, class com.metamx.metrics.JvmMonitor]}]
2014-12-22 21:12:48,904 INFO [main] io.druid.guice.JsonConfigurator - Loaded class[class io.druid.server.DruidNode] from props[druid.] as [DruidNode{serviceName='druid/middlemanager', host='<middlemanager hostname>:8081', port=8081}]
2014-12-22 21:12:48,914 INFO [main] io.druid.server.metrics.MetricsModule - Adding monitor[com.metamx.metrics.SysMonitor@535b8c24]
2014-12-22 21:12:48,915 INFO [main] io.druid.server.metrics.MetricsModule - Adding monitor[com.metamx.metrics.JvmMonitor@a53bb6f]
2014-12-22 21:12:48,989 INFO [main] io.druid.guice.JsonConfigurator - Loaded class[class io.druid.server.initialization.ServerConfig] from props[druid.server.http.] as [io.druid.server.initialization.ServerConfig@42d236fb]
2014-12-22 21:12:49,001 INFO [main] io.druid.guice.JsonConfigurator - Loaded class[class io.druid.indexing.common.config.TaskConfig] from props[druid.indexer.task.] as [io.druid.indexing.common.config.TaskConfig@263558c9]
2014-12-22 21:12:49,008 INFO [main] io.druid.guice.JsonConfigurator - Loaded class[class io.druid.guice.http.DruidHttpClientConfig] from props[druid.global.http.] as [io.druid.guice.http.DruidHttpClientConfig@c96a4ea]
2014-12-22 21:12:49,094 INFO [main] io.druid.guice.JsonConfigurator - Loaded class[class io.druid.client.indexing.IndexingServiceSelectorConfig] from props[druid.selectors.indexing.] as [io.druid.client.indexing.IndexingServiceSelectorConfig@375b5b7f]
2014-12-22 21:12:49,097 INFO [main] org.skife.config.ConfigurationObjectFactory - Assigning default value [30000] for [druid.zk.service.sessionTimeoutMs] on [io.druid.curator.CuratorConfig
2014-12-22 21:12:49,099 INFO [main] org.skife.config.ConfigurationObjectFactory - Assigning default value [false] for [druid.curator.compress] on [io.druid.curator.CuratorConfig
2014-12-22 21:12:49,099 INFO [main] org.skife.config.ConfigurationObjectFactory - Assigning value [<zookeeper 1 hostname>,<zookeeper 2 hostname>,<zookeeper 3 hostname>] for [druid.zk.service.host] on [io.druid.curator.CuratorConfig
2.744: [GC pause (G1 Evacuation Pause) (young), 0.0057605 secs]
   [Parallel Time: 4.1 ms, GC Workers: 8]
      [GC Worker Start (ms): Min: 2744.5, Avg: 2744.5, Max: 2744.6, Diff: 0.1]
      [Ext Root Scanning (ms): Min: 0.5, Avg: 1.1, Max: 3.6, Diff: 3.1, Sum: 8.5]
      [Update RS (ms): Min: 0.0, Avg: 0.9, Max: 2.9, Diff: 2.9, Sum: 7.2]
         [Processed Buffers: Min: 0, Avg: 1.5, Max: 3, Diff: 3, Sum: 12]
      [Scan RS (ms): Min: 0.0, Avg: 0.0, Max: 0.0, Diff: 0.0, Sum: 0.1]
      [Code Root Scanning (ms): Min: 0.0, Avg: 0.0, Max: 0.0, Diff: 0.0, Sum: 0.0]
      [Object Copy (ms): Min: 0.1, Avg: 1.8, Max: 2.6, Diff: 2.5, Sum: 14.3]
      [Termination (ms): Min: 0.0, Avg: 0.0, Max: 0.1, Diff: 0.1, Sum: 0.3]
      [GC Worker Other (ms): Min: 0.0, Avg: 0.0, Max: 0.0, Diff: 0.0, Sum: 0.2]
      [GC Worker Total (ms): Min: 3.7, Avg: 3.8, Max: 3.9, Diff: 0.1, Sum: 30.4]
      [GC Worker End (ms): Min: 2748.3, Avg: 2748.3, Max: 2748.4, Diff: 0.0]
   [Code Root Fixup: 0.0 ms]
   [Code Root Migration: 0.0 ms]
   [Code Root Purge: 0.0 ms]
   [Clear CT: 0.2 ms]
   [Other: 1.5 ms]
      [Choose CSet: 0.0 ms]
      [Ref Proc: 1.4 ms]
      [Ref Enq: 0.0 ms]
      [Redirty Cards: 0.0 ms]
      [Free CSet: 0.0 ms]
   [Eden: 21.0M(21.0M)->0.0B(14.0M) Survivors: 0.0B->3072.0K Heap: 32.6M(39.0M)->17.1M(39.0M)]
 [Times: user=0.03 sys=0.01, real=0.00 secs]
2014-12-22 21:12:49,177 WARN [main] org.apache.curator.retry.ExponentialBackoffRetry - maxRetries too large (30). Pinning to 29
2014-12-22 21:12:49,204 INFO [main] io.druid.guice.JsonConfigurator - Loaded class[class io.druid.server.initialization.CuratorDiscoveryConfig] from props[druid.discovery.curator.] as [io.druid.server.initialization.CuratorDiscoveryConfig@6f952d6c]
2.889: [GC pause (G1 Evacuation Pause) (young), 0.0033035 secs]
   [Parallel Time: 2.2 ms, GC Workers: 8]
      [GC Worker Start (ms): Min: 2888.9, Avg: 2888.9, Max: 2889.0, Diff: 0.1]
      [Ext Root Scanning (ms): Min: 0.1, Avg: 0.3, Max: 0.9, Diff: 0.8, Sum: 2.1]
      [Update RS (ms): Min: 0.0, Avg: 0.4, Max: 1.0, Diff: 1.0, Sum: 3.3]
         [Processed Buffers: Min: 0, Avg: 1.5, Max: 3, Diff: 3, Sum: 12]
      [Scan RS (ms): Min: 0.0, Avg: 0.0, Max: 0.1, Diff: 0.1, Sum: 0.3]
      [Code Root Scanning (ms): Min: 0.0, Avg: 0.0, Max: 0.0, Diff: 0.0, Sum: 0.0]
      [Object Copy (ms): Min: 0.8, Avg: 1.3, Max: 1.5, Diff: 0.6, Sum: 10.2]
      [Termination (ms): Min: 0.0, Avg: 0.0, Max: 0.0, Diff: 0.0, Sum: 0.0]
      [GC Worker Other (ms): Min: 0.0, Avg: 0.0, Max: 0.0, Diff: 0.0, Sum: 0.1]
      [GC Worker Total (ms): Min: 2.0, Avg: 2.0, Max: 2.1, Diff: 0.1, Sum: 16.1]
      [GC Worker End (ms): Min: 2890.9, Avg: 2890.9, Max: 2890.9, Diff: 0.0]
   [Code Root Fixup: 0.0 ms]
   [Code Root Migration: 0.0 ms]
   [Code Root Purge: 0.0 ms]
   [Clear CT: 0.2 ms]
   [Other: 0.8 ms]
      [Choose CSet: 0.0 ms]
      [Ref Proc: 0.7 ms]
      [Ref Enq: 0.0 ms]
      [Redirty Cards: 0.0 ms]
      [Free CSet: 0.0 ms]
   [Eden: 14.0M(14.0M)->0.0B(12.0M) Survivors: 3072.0K->3072.0K Heap: 31.1M(39.0M)->19.4M(39.0M)]
 [Times: user=0.02 sys=0.01, real=0.01 secs]
2014-12-22 21:12:49,343 INFO [main] io.druid.guice.JsonConfigurator - Loaded class[class io.druid.indexing.common.RetryPolicyConfig] from props[druid.peon.taskActionClient.retry.] as [io.druid.indexing.common.RetryPolicyConfig@2c6ee758]
2014-12-22 21:12:49,346 INFO [main] io.druid.guice.JsonConfigurator - Loaded class[class io.druid.storage.s3.AWSCredentialsConfig] from props[druid.s3.] as [io.druid.storage.s3.AWSCredentialsConfig@79d743e6]
3.007: [GC pause (G1 Evacuation Pause) (young), 0.0038989 secs]
   [Parallel Time: 2.7 ms, GC Workers: 8]
      [GC Worker Start (ms): Min: 3007.0, Avg: 3007.0, Max: 3007.1, Diff: 0.1]
      [Ext Root Scanning (ms): Min: 0.1, Avg: 0.3, Max: 1.0, Diff: 0.9, Sum: 2.4]
      [Update RS (ms): Min: 0.0, Avg: 0.4, Max: 0.9, Diff: 0.9, Sum: 3.2]
         [Processed Buffers: Min: 0, Avg: 1.5, Max: 3, Diff: 3, Sum: 12]
      [Scan RS (ms): Min: 0.0, Avg: 0.0, Max: 0.0, Diff: 0.0, Sum: 0.1]
      [Code Root Scanning (ms): Min: 0.0, Avg: 0.0, Max: 0.0, Diff: 0.0, Sum: 0.0]
      [Object Copy (ms): Min: 1.4, Avg: 1.8, Max: 2.1, Diff: 0.6, Sum: 14.4]
      [Termination (ms): Min: 0.0, Avg: 0.0, Max: 0.0, Diff: 0.0, Sum: 0.0]
      [GC Worker Other (ms): Min: 0.0, Avg: 0.0, Max: 0.0, Diff: 0.0, Sum: 0.1]
      [GC Worker Total (ms): Min: 2.5, Avg: 2.6, Max: 2.6, Diff: 0.1, Sum: 20.4]
      [GC Worker End (ms): Min: 3009.6, Avg: 3009.6, Max: 3009.6, Diff: 0.0]
   [Code Root Fixup: 0.0 ms]
   [Code Root Migration: 0.0 ms]
   [Code Root Purge: 0.0 ms]
   [Clear CT: 0.2 ms]
   [Other: 1.0 ms]
      [Choose CSet: 0.0 ms]
      [Ref Proc: 0.8 ms]
      [Ref Enq: 0.0 ms]
      [Redirty Cards: 0.0 ms]
      [Free CSet: 0.0 ms]
   [Eden: 12.0M(12.0M)->0.0B(9216.0K) Survivors: 3072.0K->2048.0K Heap: 31.4M(39.0M)->24.0M(40.0M)]
 [Times: user=0.02 sys=0.00, real=0.00 secs]
2014-12-22 21:12:49,424 INFO [main] io.druid.guice.JsonConfigurator - Loaded class[class io.druid.storage.s3.S3DataSegmentPusherConfig] from props[druid.storage.] as [io.druid.storage.s3.S3DataSegmentPusherConfig@ab20d7c]
2014-12-22 21:12:49,427 INFO [main] io.druid.guice.JsonConfigurator - Loaded class[class io.druid.storage.s3.S3DataSegmentArchiverConfig] from props[druid.storage.] as [io.druid.storage.s3.S3DataSegmentArchiverConfig@58f07f02]
2014-12-22 21:12:49,441 INFO [main] io.druid.guice.JsonConfigurator - Loaded class[class io.druid.client.DruidServerConfig] from props[druid.server.] as [io.druid.client.DruidServerConfig@1a480135]
2014-12-22 21:12:49,441 INFO [main] org.skife.config.ConfigurationObjectFactory - Using method itself for [druid.zk.paths.coordinatorPath] on [io.druid.server.initialization.ZkPathsConfig
2014-12-22 21:12:49,442 INFO [main] org.skife.config.ConfigurationObjectFactory - Using method itself for [druid.zk.paths.liveSegmentsPath] on [io.druid.server.initialization.ZkPathsConfig
2014-12-22 21:12:49,443 INFO [main] org.skife.config.ConfigurationObjectFactory - Using method itself for [druid.zk.paths.base] on [io.druid.server.initialization.ZkPathsConfig
2014-12-22 21:12:49,443 INFO [main] org.skife.config.ConfigurationObjectFactory - Using method itself for [druid.zk.paths.announcementsPath] on [io.druid.server.initialization.ZkPathsConfig
2014-12-22 21:12:49,443 INFO [main] org.skife.config.ConfigurationObjectFactory - Using method itself for [druid.zk.paths.indexer.announcementsPath] on [io.druid.server.initialization.ZkPathsConfig
2014-12-22 21:12:49,443 INFO [main] org.skife.config.ConfigurationObjectFactory - Using method itself for [druid.zk.paths.connectorPath] on [io.druid.server.initialization.ZkPathsConfig
2014-12-22 21:12:49,443 INFO [main] org.skife.config.ConfigurationObjectFactory - Using method itself for [druid.zk.paths.servedSegmentsPath] on [io.druid.server.initialization.ZkPathsConfig
2014-12-22 21:12:49,443 INFO [main] org.skife.config.ConfigurationObjectFactory - Using method itself for [druid.zk.paths.propertiesPath] on [io.druid.server.initialization.ZkPathsConfig
2014-12-22 21:12:49,443 INFO [main] org.skife.config.ConfigurationObjectFactory - Using method itself for [druid.zk.paths.loadQueuePath] on [io.druid.server.initialization.ZkPathsConfig
2014-12-22 21:12:49,443 INFO [main] org.skife.config.ConfigurationObjectFactory - Using method itself for [druid.zk.paths.indexer.tasksPath] on [io.druid.server.initialization.ZkPathsConfig
2014-12-22 21:12:49,444 INFO [main] org.skife.config.ConfigurationObjectFactory - Using method itself for [druid.zk.paths.indexer.statusPath] on [io.druid.server.initialization.ZkPathsConfig
2014-12-22 21:12:49,444 INFO [main] org.skife.config.ConfigurationObjectFactory - Using method itself for [druid.zk.paths.indexer.leaderLatchPath] on [io.druid.server.initialization.ZkPathsConfig
2014-12-22 21:12:49,467 INFO [main] io.druid.guice.JsonConfigurator - Loaded class[class io.druid.server.initialization.BatchDataSegmentAnnouncerConfig] from props[druid.announcer.] as [io.druid.server.initialization.BatchDataSegmentAnnouncerConfig@5e5073ab]
2014-12-22 21:12:49,469 INFO [main] io.druid.guice.JsonConfigurator - Loaded class[interface io.druid.server.coordination.DataSegmentAnnouncerProvider] from props[druid.announcer.] as [io.druid.server.coordination.LegacyDataSegmentAnnouncerProvider@69fa8e76]
3.103: [GC pause (G1 Evacuation Pause) (young) (initial-mark), 0.0031350 secs]
   [Parallel Time: 2.2 ms, GC Workers: 8]
      [GC Worker Start (ms): Min: 3103.3, Avg: 3103.4, Max: 3103.5, Diff: 0.1]
      [Ext Root Scanning (ms): Min: 0.1, Avg: 0.3, Max: 1.4, Diff: 1.3, Sum: 2.6]
      [Code Root Marking (ms): Min: 0.0, Avg: 0.2, Max: 1.1, Diff: 1.1, Sum: 1.7]
      [Update RS (ms): Min: 0.0, Avg: 0.6, Max: 1.3, Diff: 1.3, Sum: 4.4]
         [Processed Buffers: Min: 0, Avg: 2.0, Max: 5, Diff: 5, Sum: 16]
      [Scan RS (ms): Min: 0.0, Avg: 0.2, Max: 0.3, Diff: 0.3, Sum: 1.2]
      [Code Root Scanning (ms): Min: 0.0, Avg: 0.0, Max: 0.0, Diff: 0.0, Sum: 0.0]
      [Object Copy (ms): Min: 0.2, Avg: 0.8, Max: 1.0, Diff: 0.8, Sum: 6.7]
      [Termination (ms): Min: 0.0, Avg: 0.0, Max: 0.0, Diff: 0.0, Sum: 0.1]
      [GC Worker Other (ms): Min: 0.0, Avg: 0.0, Max: 0.0, Diff: 0.0, Sum: 0.1]
      [GC Worker Total (ms): Min: 2.0, Avg: 2.1, Max: 2.2, Diff: 0.1, Sum: 16.9]
      [GC Worker End (ms): Min: 3105.5, Avg: 3105.5, Max: 3105.5, Diff: 0.0]
   [Code Root Fixup: 0.0 ms]
   [Code Root Migration: 0.0 ms]
   [Code Root Purge: 0.0 ms]
   [Clear CT: 0.2 ms]
   [Other: 0.7 ms]
      [Choose CSet: 0.0 ms]
      [Ref Proc: 0.6 ms]
      [Ref Enq: 0.0 ms]
      [Redirty Cards: 0.0 ms]
      [Free CSet: 0.0 ms]
   [Eden: 9216.0K(9216.0K)->0.0B(8192.0K) Survivors: 2048.0K->2048.0K Heap: 33.0M(40.0M)->24.8M(40.0M)]
 [Times: user=0.02 sys=0.00, real=0.01 secs]
3.107: [GC concurrent-root-region-scan-start]
2014-12-22 21:12:49,477 INFO [main] io.druid.guice.JsonConfigurator - Loaded class[interface io.druid.client.FilteredServerViewProvider] from props[druid.announcer.] as [io.druid.client.SingleServerInventoryProvider@174e1b69]
3.108: [GC concurrent-root-region-scan-end, 0.0015654 secs]
3.108: [GC concurrent-mark-start]
2014-12-22 21:12:49,485 INFO [main] io.druid.guice.JsonConfigurator - Loaded class[class io.druid.query.QueryConfig] from props[druid.query.] as [io.druid.query.QueryConfig@43a51d00]
3.121: [GC concurrent-mark-end, 0.0132123 secs]
3.121: [GC remark 3.122: [GC ref-proc, 0.0003202 secs], 0.0012956 secs]
 [Times: user=0.01 sys=0.00, real=0.00 secs]
3.123: [GC cleanup 26M->23M(40M), 0.0006873 secs]
 [Times: user=0.00 sys=0.00, real=0.00 secs]
3.124: [GC concurrent-cleanup-start]
3.124: [GC concurrent-cleanup-end, 0.0000195 secs]
2014-12-22 21:12:49,498 INFO [main] io.druid.guice.JsonConfigurator - Loaded class[class io.druid.query.search.search.SearchQueryConfig] from props[druid.query.search.] as [io.druid.query.search.search.SearchQueryConfig@6dd82486]
2014-12-22 21:12:49,505 INFO [main] io.druid.guice.JsonConfigurator - Loaded class[class io.druid.query.groupby.GroupByQueryConfig] from props[druid.query.groupBy.] as [io.druid.query.groupby.GroupByQueryConfig@38320e34]
2014-12-22 21:12:49,505 INFO [main] org.skife.config.ConfigurationObjectFactory - Assigning value [536870912] for [druid.computation.buffer.size] on [io.druid.query.DruidProcessingConfig
2014-12-22 21:12:49,506 INFO [main] org.skife.config.ConfigurationObjectFactory - Assigning value [3] for [druid.processing.numThreads] on [io.druid.query.DruidProcessingConfig
2014-12-22 21:12:49,506 INFO [main] org.skife.config.ConfigurationObjectFactory - Using method itself for [${base_path}.columnCache.sizeBytes] on [io.druid.query.DruidProcessingConfig
2014-12-22 21:12:49,506 INFO [main] org.skife.config.ConfigurationObjectFactory - Assigning default value [processing-%s] for [${base_path}.formatString] on [com.metamx.common.concurrent.ExecutorServiceConfig
2014-12-22 21:12:49,518 INFO [main] io.druid.guice.JsonConfigurator - Loaded class[class io.druid.query.topn.TopNQueryConfig] from props[druid.query.topN.] as [io.druid.query.topn.TopNQueryConfig@2cec704c]
2014-12-22 21:12:49,532 INFO [main] io.druid.guice.JsonConfigurator - Loaded class[interface io.druid.server.log.RequestLoggerProvider] from props[druid.request.logging.] as [io.druid.server.log.FileRequestLoggerProvider@4417af13]
2014-12-22 21:12:49,541 INFO [main] org.eclipse.jetty.util.log - Logging initialized @3170ms
3.208: [GC pause (G1 Evacuation Pause) (young), 0.0029864 secs]
   [Parallel Time: 1.5 ms, GC Workers: 8]
      [GC Worker Start (ms): Min: 3207.9, Avg: 3207.9, Max: 3208.0, Diff: 0.1]
      [Ext Root Scanning (ms): Min: 0.1, Avg: 0.3, Max: 0.8, Diff: 0.7, Sum: 2.1]
      [Update RS (ms): Min: 0.0, Avg: 0.5, Max: 0.8, Diff: 0.8, Sum: 3.8]
         [Processed Buffers: Min: 0, Avg: 4.0, Max: 13, Diff: 13, Sum: 32]
      [Scan RS (ms): Min: 0.0, Avg: 0.0, Max: 0.0, Diff: 0.0, Sum: 0.0]
      [Code Root Scanning (ms): Min: 0.0, Avg: 0.0, Max: 0.0, Diff: 0.0, Sum: 0.0]
      [Object Copy (ms): Min: 0.4, Avg: 0.6, Max: 0.9, Diff: 0.5, Sum: 5.1]
      [Termination (ms): Min: 0.0, Avg: 0.0, Max: 0.0, Diff: 0.0, Sum: 0.0]
      [GC Worker Other (ms): Min: 0.0, Avg: 0.0, Max: 0.0, Diff: 0.0, Sum: 0.1]
      [GC Worker Total (ms): Min: 1.3, Avg: 1.4, Max: 1.5, Diff: 0.1, Sum: 11.2]
      [GC Worker End (ms): Min: 3209.3, Avg: 3209.3, Max: 3209.3, Diff: 0.0]
   [Code Root Fixup: 0.0 ms]
   [Code Root Migration: 0.0 ms]
   [Code Root Purge: 0.0 ms]
   [Clear CT: 0.2 ms]
   [Other: 1.3 ms]
      [Choose CSet: 0.0 ms]
      [Ref Proc: 1.2 ms]
      [Ref Enq: 0.0 ms]
      [Redirty Cards: 0.0 ms]
      [Free CSet: 0.0 ms]
   [Eden: 8192.0K(8192.0K)->0.0B(1024.0K) Survivors: 2048.0K->2048.0K Heap: 29.8M(40.0M)->22.9M(40.0M)]
 [Times: user=0.01 sys=0.01, real=0.00 secs]
3.221: [GC pause (G1 Evacuation Pause) (mixed), 0.0022325 secs]
   [Parallel Time: 1.6 ms, GC Workers: 8]
      [GC Worker Start (ms): Min: 3221.4, Avg: 3221.4, Max: 3221.5, Diff: 0.1]
      [Ext Root Scanning (ms): Min: 0.1, Avg: 0.2, Max: 0.8, Diff: 0.7, Sum: 2.0]
      [Update RS (ms): Min: 0.0, Avg: 0.4, Max: 0.8, Diff: 0.8, Sum: 3.4]
         [Processed Buffers: Min: 0, Avg: 1.8, Max: 5, Diff: 5, Sum: 14]
      [Scan RS (ms): Min: 0.0, Avg: 0.2, Max: 0.3, Diff: 0.3, Sum: 1.2]
      [Code Root Scanning (ms): Min: 0.0, Avg: 0.0, Max: 0.0, Diff: 0.0, Sum: 0.0]
      [Object Copy (ms): Min: 0.6, Avg: 0.7, Max: 0.8, Diff: 0.2, Sum: 5.7]
      [Termination (ms): Min: 0.0, Avg: 0.0, Max: 0.0, Diff: 0.0, Sum: 0.0]
      [GC Worker Other (ms): Min: 0.0, Avg: 0.0, Max: 0.0, Diff: 0.0, Sum: 0.1]
      [GC Worker Total (ms): Min: 1.5, Avg: 1.6, Max: 1.6, Diff: 0.1, Sum: 12.4]
      [GC Worker End (ms): Min: 3223.0, Avg: 3223.0, Max: 3223.0, Diff: 0.0]
   [Code Root Fixup: 0.0 ms]
   [Code Root Migration: 0.0 ms]
   [Code Root Purge: 0.0 ms]
   [Clear CT: 0.2 ms]
   [Other: 0.4 ms]
      [Choose CSet: 0.0 ms]
      [Ref Proc: 0.3 ms]
      [Ref Enq: 0.0 ms]
      [Redirty Cards: 0.0 ms]
      [Free CSet: 0.0 ms]
   [Eden: 1024.0K(1024.0K)->0.0B(1024.0K) Survivors: 2048.0K->1024.0K Heap: 23.9M(40.0M)->20.2M(40.0M)]
 [Times: user=0.01 sys=0.00, real=0.00 secs]
3.233: [GC pause (G1 Evacuation Pause) (mixed), 0.0034230 secs]
   [Parallel Time: 2.3 ms, GC Workers: 8]
      [GC Worker Start (ms): Min: 3233.2, Avg: 3233.3, Max: 3233.3, Diff: 0.1]
      [Ext Root Scanning (ms): Min: 0.1, Avg: 0.2, Max: 0.7, Diff: 0.6, Sum: 1.8]
      [Update RS (ms): Min: 0.3, Avg: 0.8, Max: 1.1, Diff: 0.8, Sum: 6.3]
         [Processed Buffers: Min: 1, Avg: 2.5, Max: 4, Diff: 3, Sum: 20]
      [Scan RS (ms): Min: 0.1, Avg: 0.3, Max: 0.5, Diff: 0.3, Sum: 2.8]
      [Code Root Scanning (ms): Min: 0.0, Avg: 0.0, Max: 0.1, Diff: 0.1, Sum: 0.2]
      [Object Copy (ms): Min: 0.8, Avg: 0.8, Max: 0.8, Diff: 0.0, Sum: 6.6]
      [Termination (ms): Min: 0.0, Avg: 0.0, Max: 0.0, Diff: 0.0, Sum: 0.0]
      [GC Worker Other (ms): Min: 0.0, Avg: 0.0, Max: 0.0, Diff: 0.0, Sum: 0.1]
      [GC Worker Total (ms): Min: 2.2, Avg: 2.2, Max: 2.3, Diff: 0.1, Sum: 17.8]
      [GC Worker End (ms): Min: 3235.5, Avg: 3235.5, Max: 3235.5, Diff: 0.0]
   [Code Root Fixup: 0.2 ms]
   [Code Root Migration: 0.4 ms]
   [Code Root Purge: 0.0 ms]
   [Clear CT: 0.2 ms]
   [Other: 0.4 ms]
      [Choose CSet: 0.0 ms]
      [Ref Proc: 0.3 ms]
      [Ref Enq: 0.0 ms]
      [Redirty Cards: 0.0 ms]
      [Free CSet: 0.0 ms]
   [Eden: 1024.0K(1024.0K)->0.0B(1024.0K) Survivors: 1024.0K->1024.0K Heap: 21.2M(40.0M)->17.1M(40.0M)]
 [Times: user=0.02 sys=0.00, real=0.00 secs]
3.248: [GC pause (G1 Evacuation Pause) (mixed), 0.0034568 secs]
   [Parallel Time: 2.4 ms, GC Workers: 8]
      [GC Worker Start (ms): Min: 3248.2, Avg: 3248.2, Max: 3248.3, Diff: 0.1]
      [Ext Root Scanning (ms): Min: 0.1, Avg: 0.2, Max: 0.8, Diff: 0.7, Sum: 1.9]
      [Update RS (ms): Min: 0.5, Avg: 0.9, Max: 1.3, Diff: 0.7, Sum: 7.4]
         [Processed Buffers: Min: 1, Avg: 2.4, Max: 6, Diff: 5, Sum: 19]
      [Scan RS (ms): Min: 0.1, Avg: 0.4, Max: 0.7, Diff: 0.5, Sum: 3.1]
      [Code Root Scanning (ms): Min: 0.0, Avg: 0.0, Max: 0.2, Diff: 0.2, Sum: 0.2]
      [Object Copy (ms): Min: 0.4, Avg: 0.6, Max: 0.7, Diff: 0.3, Sum: 4.7]
      [Termination (ms): Min: 0.0, Avg: 0.0, Max: 0.0, Diff: 0.0, Sum: 0.1]
      [GC Worker Other (ms): Min: 0.0, Avg: 0.0, Max: 0.0, Diff: 0.0, Sum: 0.1]
      [GC Worker Total (ms): Min: 2.1, Avg: 2.2, Max: 2.3, Diff: 0.1, Sum: 17.6]
      [GC Worker End (ms): Min: 3250.4, Avg: 3250.4, Max: 3250.5, Diff: 0.0]
   [Code Root Fixup: 0.2 ms]
   [Code Root Migration: 0.3 ms]
   [Code Root Purge: 0.0 ms]
   [Clear CT: 0.2 ms]
   [Other: 0.3 ms]
      [Choose CSet: 0.0 ms]
      [Ref Proc: 0.2 ms]
      [Ref Enq: 0.0 ms]
      [Redirty Cards: 0.0 ms]
      [Free CSet: 0.0 ms]
   [Eden: 1024.0K(1024.0K)->0.0B(17.0M) Survivors: 1024.0K->1024.0K Heap: 18.1M(40.0M)->16.0M(40.0M)]
 [Times: user=0.02 sys=0.00, real=0.01 secs]
2014-12-22 21:12:49,628 INFO [main] com.metamx.common.lifecycle.Lifecycle$AnnotationBasedHandler - Invoking start method[public void com.metamx.emitter.core.LoggingEmitter.start()] on object[com.metamx.emitter.core.LoggingEmitter@288214b1].
2014-12-22 21:12:49,628 INFO [main] com.metamx.common.lifecycle.Lifecycle$AnnotationBasedHandler - Invoking start method[public void com.metamx.emitter.service.ServiceEmitter.start()] on object[com.metamx.emitter.service.ServiceEmitter@5b051a5c].
2014-12-22 21:12:49,629 INFO [main] com.metamx.common.lifecycle.Lifecycle$AnnotationBasedHandler - Invoking start method[public void com.metamx.metrics.MonitorScheduler.start()] on object[com.metamx.metrics.MonitorScheduler@639aba11].
2014-12-22 21:12:49,632 INFO [main] com.metamx.common.lifecycle.Lifecycle$AnnotationBasedHandler - Invoking start method[public void com.metamx.http.client.HttpClient.start()] on object[com.metamx.http.client.HttpClient@3872bc37].
2014-12-22 21:12:49,632 INFO [main] io.druid.curator.CuratorModule - Starting Curator
2014-12-22 21:12:49,632 INFO [main] org.apache.curator.framework.imps.CuratorFrameworkImpl - Starting
2014-12-22 21:12:49,640 INFO [main] org.apache.zookeeper.ZooKeeper - Client environment:zookeeper.version=3.4.6-1569965, built on 02/20/2014 09:09 GMT
2014-12-22 21:12:49,640 INFO [main] org.apache.zookeeper.ZooKeeper - Client environment:host.name=<middlemanager hostname>
2014-12-22 21:12:49,640 INFO [main] org.apache.zookeeper.ZooKeeper - Client environment:java.version=1.8.0_20
2014-12-22 21:12:49,640 INFO [main] org.apache.zookeeper.ZooKeeper - Client environment:java.vendor=Oracle Corporation
2014-12-22 21:12:49,640 INFO [main] org.apache.zookeeper.ZooKeeper - Client environment:java.home=/usr/java/jdk1.8.0_20/jre
2014-12-22 21:12:49,640 INFO [main] org.apache.zookeeper.ZooKeeper - Client environment:java.class.path=/usr/local/druid-services/lib/jackson-jaxrs-json-provider-2.2.3.jar:/usr/local/druid-services/lib/icu4j-4.8.1.jar:/usr/local/druid-services/lib/tesla-aether-0.0.5.jar:/usr/local/druid-services/lib/google-http-client-1.15.0-rc.jar:/usr/local/druid-services/lib/maven-settings-builder-3.1.1.jar:/usr/local/druid-services/lib/asm-3.1.jar:/usr/local/druid-services/lib/aopalliance-1.0.jar:/usr/local/druid-services/lib/curator-client-2.6.0.jar:/usr/local/druid-services/lib/irc-api-1.0-0011.jar:/usr/local/druid-services/lib/okhttp-1.0.2.jar:/usr/local/druid-services/lib/curator-recipes-2.6.0.jar:/usr/local/druid-services/lib/maven-repository-metadata-3.1.1.jar:/usr/local/druid-services/lib/maven-model-builder-3.1.1.jar:/usr/local/druid-services/lib/bcprov-jdk15-1.46.jar:/usr/local/druid-services/lib/jetty-io-9.2.3.v20140905.jar:/usr/local/druid-services/lib/plexus-interpolation-1.19.jar:/usr/local/druid-services/lib/jetty-proxy-9.2.3.v20140905.jar:/usr/local/druid-services/lib/maven-settings-3.1.1.jar:/usr/local/druid-services/lib/aether-impl-0.9.0.M2.jar:/usr/local/druid-services/lib/server-metrics-0.0.9.jar:/usr/local/druid-services/lib/wagon-provider-api-2.4.jar:/usr/local/druid-services/lib/commons-cli-1.2.jar:/usr/local/druid-services/lib/mysql-connector-java-5.1.18.jar:/usr/local/druid-services/lib/alphanum-1.0.3.jar:/usr/local/druid-services/lib/maven-aether-provider-3.1.1.jar:/usr/local/druid-services/lib/java-util-0.26.9.jar:/usr/local/druid-services/lib/zookeeper-3.4.6.jar:/usr/local/druid-services/lib/mail-1.4.7.jar:/usr/local/druid-services/lib/guice-multibindings-4.0-beta.jar:/usr/local/druid-services/lib/jackson-module-jaxb-annotations-2.2.3.jar:/usr/local/druid-services/lib/xpp3-1.1.4c.jar:/usr/local/druid-services/lib/druid-processing-0.6.160.jar:/usr/local/druid-services/lib/jetty-servlets-9.2.3.v20140905.jar:/usr/local/druid-services/lib/spymemcached-2.8.4.jar:/usr/local/druid-services/lib/jersey-guice-1.17.1.jar:/usr/local/druid-services/lib/druid-indexing-hadoop-0.6.160.jar:/usr/local/druid-services/lib/jersey-core-1.17.1.jar:/usr/local/druid-services/lib/hibernate-validator-5.0.1.Final.jar:/usr/local/druid-services/lib/jackson-core-asl-1.9.13.jar:/usr/local/druid-services/lib/commons-pool-1.6.jar:/usr/local/druid-services/lib/compress-lzf-0.8.4.jar:/usr/local/druid-services/lib/validation-api-1.1.0.Final.jar:/usr/local/druid-services/lib/jackson-mapper-asl-1.9.13.jar:/usr/local/druid-services/lib/slf4j-api-1.6.4.jar:/usr/local/druid-services/lib/protobuf-java-2.5.0.jar:/usr/local/druid-services/lib/aether-api-0.9.0.M2.jar:/usr/local/druid-services/lib/jersey-servlet-1.17.1.jar:/usr/local/druid-services/lib/jackson-datatype-joda-2.2.3.jar:/usr/local/druid-services/lib/jackson-datatype-guava-2.2.3.jar:/usr/local/druid-services/lib/httpcore-4.2.jar:/usr/local/druid-services/lib/jetty-continuation-9.2.3.v20140905.jar:/usr/local/druid-services/lib/bytebuffer-collections-0.0.4.jar:/usr/local/druid-services/lib/sigar-1.6.5.132.jar:/usr/local/druid-services/lib/netty-3.9.0.Final.jar:/usr/local/druid-services/lib/jetty-security-9.2.3.v20140905.jar:/usr/local/druid-services/lib/jetty-http-9.2.3.v20140905.jar:/usr/local/druid-services/lib/rhino-1.7R4.jar:/usr/local/druid-services/lib/guice-4.0-beta.jar:/usr/local/druid-services/lib/jackson-databind-2.2.3.jar:/usr/local/druid-services/lib/google-http-client-jackson2-1.15.0-rc.jar:/usr/local/druid-services/lib/jackson-dataformat-smile-2.2.3.jar:/usr/local/druid-services/lib/org.abego.treelayout.core-1.0.1.jar:/usr/local/druid-services/lib/jline-0.9.94.jar:/usr/local/druid-services/lib/commons-logging-1.1.1.jar:/usr/local/druid-services/lib/druid-api-0.2.14.1.jar:/usr/local/druid-services/lib/maxminddb-0.2.0.jar:/usr/local/druid-services/lib/http-client-0.9.6.jar:/usr/local/druid-services/lib/jetty-util-9.2.3.v20140905.jar:/usr/local/druid-services/lib/druid-services-0.6.160.jar:/usr/local/druid-services/lib/commons-codec-1.7.jar:/usr/local/druid-services/lib/aether-spi-0.9.0.M2.jar:/usr/local/druid-services/lib/jetty-server-9.2.3.v20140905.jar:/usr/local/druid-services/lib/activation-1.1.1.jar:/usr/local/druid-services/lib/guava-16.0.1.jar:/usr/local/druid-services/lib/classmate-0.8.0.jar:/usr/local/druid-services/lib/geoip2-0.4.0.jar:/usr/local/druid-services/lib/log4j-1.2.16.jar:/usr/local/druid-services/lib/extendedset-1.3.7.jar:/usr/local/druid-services/lib/druid-indexing-service-0.6.160.jar:/usr/local/druid-services/lib/jdbi-2.32.jar:/usr/local/druid-services/lib/guice-servlet-4.0-beta.jar:/usr/local/druid-services/lib/jackson-jaxrs-smile-provider-2.2.3.jar:/usr/local/druid-services/lib/config-magic-0.9.jar:/usr/local/druid-services/lib/lz4-1.1.2.jar:/usr/local/druid-services/lib/httpclient-4.2.jar:/usr/local/druid-services/lib/commons-io-2.0.1.jar:/usr/local/druid-services/lib/java-xmlbuilder-0.4.jar:/usr/local/druid-services/lib/jetty-client-9.2.3.v20140905.jar:/usr/local/druid-services/lib/curator-x-discovery-2.6.0.jar:/usr/local/druid-services/lib/druid-common-0.6.160.jar:/usr/local/druid-services/lib/javax.inject-1.jar:/usr/local/druid-services/lib/jsr305-2.0.1.jar:/usr/local/druid-services/lib/druid-server-0.6.160.jar:/usr/local/druid-services/lib/aether-connector-file-0.9.0.M2.jar:/usr/local/druid-services/lib/aether-util-0.9.0.M2.jar:/usr/local/druid-services/lib/slf4j-log4j12-1.6.2.jar:/usr/local/druid-services/lib/aws-java-sdk-1.6.0.1.jar:/usr/local/druid-services/lib/airline-0.6.jar:/usr/local/druid-services/lib/javax.servlet-api-3.1.0.jar:/usr/local/druid-services/lib/opencsv-2.3.jar:/usr/local/druid-services/lib/mx4j-3.0.2.jar:/usr/local/druid-services/lib/aether-connector-okhttp-0.0.9.jar:/usr/local/druid-services/lib/jackson-core-2.2.3.jar:/usr/local/druid-services/lib/javax.el-3.0.0.jar:/usr/local/druid-services/lib/jersey-server-1.17.1.jar:/usr/local/druid-services/lib/maven-model-3.1.1.jar:/usr/local/druid-services/lib/emitter-0.2.11.jar:/usr/local/druid-services/lib/jackson-jaxrs-base-2.2.3.jar:/usr/local/druid-services/lib/plexus-utils-3.0.15.jar:/usr/local/druid-services/lib/jboss-logging-3.1.1.GA.jar:/usr/local/druid-services/lib/jets3t-0.9.1.jar:/usr/local/druid-services/lib/antlr4-runtime-4.0.jar:/usr/local/druid-services/lib/jackson-annotations-2.2.3.jar:/usr/local/druid-services/lib/joda-time-2.1.jar:/usr/local/druid-services/lib/jetty-servlet-9.2.3.v20140905.jar:/usr/local/druid-services/lib/curator-framework-2.6.0.jar:/usr/local/druid-services/lib/commons-dbcp-1.4.jar:/usr/local/druid-services/lib/commons-lang-2.6.jar:/usr/local/druid-services/config/middlemanager
2014-12-22 21:12:49,641 INFO [main] org.apache.zookeeper.ZooKeeper - Client environment:java.library.path=/usr/java/packages/lib/amd64:/usr/lib64:/lib64:/lib:/usr/lib
2014-12-22 21:12:49,641 INFO [main] org.apache.zookeeper.ZooKeeper - Client environment:java.io.tmpdir=/tmp
2014-12-22 21:12:49,641 INFO [main] org.apache.zookeeper.ZooKeeper - Client environment:java.compiler=<NA>
2014-12-22 21:12:49,641 INFO [main] org.apache.zookeeper.ZooKeeper - Client environment:os.name=Linux
2014-12-22 21:12:49,641 INFO [main] org.apache.zookeeper.ZooKeeper - Client environment:os.arch=amd64
2014-12-22 21:12:49,641 INFO [main] org.apache.zookeeper.ZooKeeper - Client environment:os.version=2.6.32-5-xen-amd64
2014-12-22 21:12:49,641 INFO [main] org.apache.zookeeper.ZooKeeper - Client environment:user.name=druid
2014-12-22 21:12:49,641 INFO [main] org.apache.zookeeper.ZooKeeper - Client environment:user.home=/home/druid
2014-12-22 21:12:49,641 INFO [main] org.apache.zookeeper.ZooKeeper - Client environment:user.dir=/
2014-12-22 21:12:49,642 INFO [main] org.apache.zookeeper.ZooKeeper - Initiating client connection, connectString=<zookeeper 1 hostname>,<zookeeper 2 hostname>,<zookeeper 3 hostname> sessionTimeout=30000 watcher=org.apache.curator.ConnectionState@46c3a14d
2014-12-22 21:12:49,657 INFO [main] com.metamx.common.lifecycle.Lifecycle$AnnotationBasedHandler - Invoking start method[public void io.druid.curator.discovery.ServerDiscoverySelector.start() throws java.lang.Exception] on object[io.druid.curator.discovery.ServerDiscoverySelector@71ad3d8a].
2014-12-22 21:12:49,660 INFO [main-SendThread(<zookeeper 1 hostname>:2181)] org.apache.zookeeper.ClientCnxn - Opening socket connection to server <zookeeper 1 hostname>/10.151.62.207:2181. Will not attempt to authenticate using SASL (unknown error)
2014-12-22 21:12:49,709 INFO [main-SendThread(<zookeeper 1 hostname>:2181)] org.apache.zookeeper.ClientCnxn - Socket connection established to <zookeeper 1 hostname>/10.151.62.207:2181, initiating session
2014-12-22 21:12:49,718 INFO [main-SendThread(<zookeeper 1 hostname>:2181)] org.apache.zookeeper.ClientCnxn - Session establishment complete on server <zookeeper 1 hostname>/10.151.62.207:2181, sessionid = 0x14a649c0cec000f, negotiated timeout = 30000
2014-12-22 21:12:49,721 INFO [main-EventThread] org.apache.curator.framework.state.ConnectionStateManager - State change: CONNECTED
2014-12-22 21:12:50,800 INFO [main] com.metamx.common.lifecycle.Lifecycle$AnnotationBasedHandler - Invoking start method[public void io.druid.curator.announcement.Announcer.start()] on object[io.druid.curator.announcement.Announcer@67f3d192].
2014-12-22 21:12:50,801 INFO [main] com.metamx.common.lifecycle.Lifecycle$AnnotationBasedHandler - Invoking start method[public void io.druid.client.ServerInventoryView.start() throws java.lang.Exception] on object[io.druid.client.SingleServerInventoryView@459b187a].
2014-12-22 21:12:50,804 INFO [main] com.metamx.common.lifecycle.Lifecycle$AnnotationBasedHandler - Invoking start method[public void io.druid.server.log.FileRequestLogger.start()] on object[io.druid.server.log.FileRequestLogger@5f7da3d3].
2014-12-22 21:12:50,821 INFO [main] org.eclipse.jetty.server.Server - jetty-9.2.3.v20140905
4.469: [GC pause (G1 Evacuation Pause) (young), 0.0040907 secs]
   [Parallel Time: 2.6 ms, GC Workers: 8]
      [GC Worker Start (ms): Min: 4469.3, Avg: 4469.4, Max: 4469.5, Diff: 0.1]
      [Ext Root Scanning (ms): Min: 0.6, Avg: 0.8, Max: 1.2, Diff: 0.7, Sum: 6.2]
      [Update RS (ms): Min: 0.6, Avg: 0.8, Max: 1.2, Diff: 0.6, Sum: 6.6]
         [Processed Buffers: Min: 1, Avg: 5.0, Max: 15, Diff: 14, Sum: 40]
      [Scan RS (ms): Min: 0.0, Avg: 0.0, Max: 0.0, Diff: 0.0, Sum: 0.0]
      [Code Root Scanning (ms): Min: 0.0, Avg: 0.0, Max: 0.0, Diff: 0.0, Sum: 0.1]
      [Object Copy (ms): Min: 0.6, Avg: 0.8, Max: 0.9, Diff: 0.3, Sum: 6.2]
      [Termination (ms): Min: 0.0, Avg: 0.0, Max: 0.0, Diff: 0.0, Sum: 0.1]
      [GC Worker Other (ms): Min: 0.0, Avg: 0.0, Max: 0.0, Diff: 0.0, Sum: 0.1]
      [GC Worker Total (ms): Min: 2.3, Avg: 2.4, Max: 2.5, Diff: 0.1, Sum: 19.2]
      [GC Worker End (ms): Min: 4471.8, Avg: 4471.8, Max: 4471.8, Diff: 0.0]
   [Code Root Fixup: 0.0 ms]
   [Code Root Migration: 0.0 ms]
   [Code Root Purge: 0.0 ms]
   [Clear CT: 0.2 ms]
   [Other: 1.3 ms]
      [Choose CSet: 0.0 ms]
      [Ref Proc: 1.1 ms]
      [Ref Enq: 0.0 ms]
      [Redirty Cards: 0.0 ms]
      [Free CSet: 0.0 ms]
   [Eden: 17.0M(17.0M)->0.0B(14.0M) Survivors: 1024.0K->3072.0K Heap: 33.0M(40.0M)->17.8M(40.0M)]
 [Times: user=0.02 sys=0.01, real=0.01 secs]
2014-12-22 21:12:50,867 INFO [ServerInventoryView-0] io.druid.curator.inventory.CuratorInventoryManager - Created new InventoryCacheListener for /druid/servedSegments/<historical 1 hostname>:8080
2014-12-22 21:12:50,868 INFO [ServerInventoryView-0] io.druid.curator.inventory.CuratorInventoryManager - Starting inventory cache for <historical 1 hostname>:8080, inventoryPath /druid/servedSegments/<historical 1 hostname>:8080
2014-12-22 21:12:50,869 INFO [ServerInventoryView-0] io.druid.client.SingleServerInventoryView - New Server[DruidServerMetadata{name='<historical 1 hostname>:8080', host='<historical 1 hostname>:8080', maxSize=21207667507, tier='_default_tier', type='historical', priority='0'}]
2014-12-22 21:12:50,869 INFO [ServerInventoryView-0] io.druid.curator.inventory.CuratorInventoryManager - Created new InventoryCacheListener for /druid/servedSegments/<historical 2 hostname>:8080
2014-12-22 21:12:50,869 INFO [ServerInventoryView-0] io.druid.curator.inventory.CuratorInventoryManager - Starting inventory cache for <historical 2 hostname>:8080, inventoryPath /druid/servedSegments/<historical 2 hostname>:8080
2014-12-22 21:12:50,869 INFO [ServerInventoryView-0] io.druid.client.SingleServerInventoryView - New Server[DruidServerMetadata{name='<historical 2 hostname>:8080', host='<historical 2 hostname>:8080', maxSize=21207667507, tier='_default_tier', type='historical', priority='0'}]
2014-12-22 21:12:50,869 INFO [ServerInventoryView-0] io.druid.curator.inventory.CuratorInventoryManager - Created new InventoryCacheListener for /druid/servedSegments/<historical 3 hostname>:8080
2014-12-22 21:12:50,869 INFO [ServerInventoryView-0] io.druid.curator.inventory.CuratorInventoryManager - Starting inventory cache for <historical 3 hostname>:8080, inventoryPath /druid/servedSegments/<historical 3 hostname>:8080
2014-12-22 21:12:50,870 INFO [ServerInventoryView-0] io.druid.client.SingleServerInventoryView - New Server[DruidServerMetadata{name='<historical 3 hostname>:8080', host='<historical 3 hostname>:8080', maxSize=21207667507, tier='_default_tier', type='historical', priority='0'}]
2014-12-22 21:12:50,879 INFO [ServerInventoryView-0] io.druid.client.SingleServerInventoryView - Inventory Initialized
Dec 22, 2014 9:12:50 PM com.sun.jersey.guice.spi.container.GuiceComponentProviderFactory register
INFO: Registering com.fasterxml.jackson.jaxrs.json.JacksonJsonProvider as a provider class
Dec 22, 2014 9:12:50 PM com.sun.jersey.guice.spi.container.GuiceComponentProviderFactory register
INFO: Registering io.druid.server.StatusResource as a root resource class
Dec 22, 2014 9:12:50 PM com.sun.jersey.server.impl.application.WebApplicationImpl _initiate
INFO: Initiating Jersey application, version 'Jersey: 1.17.1 02/28/2013 12:47 PM'
4.646: [GC pause (G1 Evacuation Pause) (young), 0.0028237 secs]
   [Parallel Time: 1.9 ms, GC Workers: 8]
      [GC Worker Start (ms): Min: 4646.2, Avg: 4646.3, Max: 4646.3, Diff: 0.1]
      [Ext Root Scanning (ms): Min: 0.2, Avg: 0.4, Max: 1.0, Diff: 0.9, Sum: 3.3]
      [Update RS (ms): Min: 0.0, Avg: 0.4, Max: 0.8, Diff: 0.8, Sum: 3.3]
         [Processed Buffers: Min: 0, Avg: 1.8, Max: 5, Diff: 5, Sum: 14]
      [Scan RS (ms): Min: 0.0, Avg: 0.0, Max: 0.1, Diff: 0.1, Sum: 0.1]
      [Code Root Scanning (ms): Min: 0.0, Avg: 0.0, Max: 0.0, Diff: 0.0, Sum: 0.1]
      [Object Copy (ms): Min: 0.6, Avg: 0.9, Max: 1.0, Diff: 0.4, Sum: 6.8]
      [Termination (ms): Min: 0.0, Avg: 0.0, Max: 0.0, Diff: 0.0, Sum: 0.0]
      [GC Worker Other (ms): Min: 0.0, Avg: 0.0, Max: 0.0, Diff: 0.0, Sum: 0.1]
      [GC Worker Total (ms): Min: 1.7, Avg: 1.7, Max: 1.8, Diff: 0.1, Sum: 13.7]
      [GC Worker End (ms): Min: 4648.0, Avg: 4648.0, Max: 4648.0, Diff: 0.0]
   [Code Root Fixup: 0.0 ms]
   [Code Root Migration: 0.0 ms]
   [Code Root Purge: 0.0 ms]
   [Clear CT: 0.2 ms]
   [Other: 0.6 ms]
      [Choose CSet: 0.0 ms]
      [Ref Proc: 0.5 ms]
      [Ref Enq: 0.0 ms]
      [Redirty Cards: 0.0 ms]
      [Free CSet: 0.0 ms]
   [Eden: 14.0M(14.0M)->0.0B(14.0M) Survivors: 3072.0K->3072.0K Heap: 31.8M(40.0M)->18.6M(40.0M)]
 [Times: user=0.02 sys=0.00, real=0.00 secs]
Dec 22, 2014 9:12:51 PM com.sun.jersey.guice.spi.container.GuiceComponentProviderFactory getComponentProvider
INFO: Binding com.fasterxml.jackson.jaxrs.json.JacksonJsonProvider to GuiceManagedComponentProvider with the scope "Singleton"
4.788: [GC pause (G1 Evacuation Pause) (young), 0.0030220 secs]
   [Parallel Time: 2.1 ms, GC Workers: 8]
      [GC Worker Start (ms): Min: 4788.6, Avg: 4788.7, Max: 4788.8, Diff: 0.2]
      [Ext Root Scanning (ms): Min: 0.1, Avg: 0.3, Max: 1.0, Diff: 0.8, Sum: 2.7]
      [Update RS (ms): Min: 0.0, Avg: 0.4, Max: 0.7, Diff: 0.7, Sum: 3.5]
         [Processed Buffers: Min: 0, Avg: 3.5, Max: 20, Diff: 20, Sum: 28]
      [Scan RS (ms): Min: 0.0, Avg: 0.0, Max: 0.0, Diff: 0.0, Sum: 0.1]
      [Code Root Scanning (ms): Min: 0.0, Avg: 0.0, Max: 0.1, Diff: 0.1, Sum: 0.1]
      [Object Copy (ms): Min: 0.8, Avg: 1.0, Max: 1.1, Diff: 0.3, Sum: 8.2]
      [Termination (ms): Min: 0.0, Avg: 0.0, Max: 0.0, Diff: 0.0, Sum: 0.0]
      [GC Worker Other (ms): Min: 0.0, Avg: 0.0, Max: 0.0, Diff: 0.0, Sum: 0.2]
      [GC Worker Total (ms): Min: 1.7, Avg: 1.8, Max: 2.0, Diff: 0.2, Sum: 14.8]
      [GC Worker End (ms): Min: 4790.6, Avg: 4790.6, Max: 4790.6, Diff: 0.0]
   [Code Root Fixup: 0.1 ms]
   [Code Root Migration: 0.0 ms]
   [Code Root Purge: 0.0 ms]
   [Clear CT: 0.2 ms]
   [Other: 0.6 ms]
      [Choose CSet: 0.0 ms]
      [Ref Proc: 0.5 ms]
      [Ref Enq: 0.0 ms]
      [Redirty Cards: 0.0 ms]
      [Free CSet: 0.0 ms]
   [Eden: 14.0M(14.0M)->0.0B(14.0M) Survivors: 3072.0K->3072.0K Heap: 32.6M(40.0M)->18.6M(40.0M)]
 [Times: user=0.02 sys=0.00, real=0.00 secs]
4.962: [GC pause (G1 Evacuation Pause) (young), 0.0033296 secs]
   [Parallel Time: 2.5 ms, GC Workers: 8]
      [GC Worker Start (ms): Min: 4961.7, Avg: 4961.7, Max: 4961.8, Diff: 0.1]
      [Ext Root Scanning (ms): Min: 0.2, Avg: 0.5, Max: 1.9, Diff: 1.8, Sum: 4.4]
      [Update RS (ms): Min: 0.0, Avg: 0.5, Max: 0.8, Diff: 0.8, Sum: 3.7]
         [Processed Buffers: Min: 0, Avg: 1.4, Max: 3, Diff: 3, Sum: 11]
      [Scan RS (ms): Min: 0.0, Avg: 0.0, Max: 0.0, Diff: 0.0, Sum: 0.1]
      [Code Root Scanning (ms): Min: 0.0, Avg: 0.0, Max: 0.1, Diff: 0.1, Sum: 0.1]
      [Object Copy (ms): Min: 0.3, Avg: 1.2, Max: 1.5, Diff: 1.1, Sum: 9.8]
      [Termination (ms): Min: 0.0, Avg: 0.0, Max: 0.0, Diff: 0.0, Sum: 0.0]
      [GC Worker Other (ms): Min: 0.0, Avg: 0.0, Max: 0.0, Diff: 0.0, Sum: 0.2]
      [GC Worker Total (ms): Min: 2.2, Avg: 2.3, Max: 2.3, Diff: 0.1, Sum: 18.2]
      [GC Worker End (ms): Min: 4964.0, Avg: 4964.0, Max: 4964.0, Diff: 0.0]
   [Code Root Fixup: 0.1 ms]
   [Code Root Migration: 0.1 ms]
   [Code Root Purge: 0.0 ms]
   [Clear CT: 0.2 ms]
   [Other: 0.4 ms]
      [Choose CSet: 0.0 ms]
      [Ref Proc: 0.3 ms]
      [Ref Enq: 0.0 ms]
      [Redirty Cards: 0.0 ms]
      [Free CSet: 0.0 ms]
   [Eden: 14.0M(14.0M)->0.0B(13.0M) Survivors: 3072.0K->3072.0K Heap: 32.6M(40.0M)->19.5M(40.0M)]
 [Times: user=0.03 sys=0.00, real=0.01 secs]
Dec 22, 2014 9:12:51 PM com.sun.jersey.guice.spi.container.GuiceComponentProviderFactory getComponentProvider
INFO: Binding io.druid.server.QueryResource to GuiceInstantiatedComponentProvider
5.091: [Full GC (Metadata GC Threshold)  27M->10M(36M), 0.0664969 secs]
   [Eden: 8192.0K(13.0M)->0.0B(19.0M) Survivors: 3072.0K->0.0B Heap: 27.0M(40.0M)->10.7M(36.0M)], [Metaspace: 34856K->34855K(1079296K)]
 [Times: user=0.16 sys=0.00, real=0.07 secs]
Dec 22, 2014 9:12:51 PM com.sun.jersey.guice.spi.container.GuiceComponentProviderFactory getComponentProvider
INFO: Binding io.druid.segment.realtime.firehose.ChatHandlerResource to GuiceInstantiatedComponentProvider
Dec 22, 2014 9:12:51 PM com.sun.jersey.guice.spi.container.GuiceComponentProviderFactory getComponentProvider
INFO: Binding io.druid.server.StatusResource to GuiceManagedComponentProvider with the scope "Undefined"
2014-12-22 21:12:51,549 INFO [main] org.eclipse.jetty.server.handler.ContextHandler - Started o.e.j.s.ServletContextHandler@3bc4ef12{/,null,AVAILABLE}
2014-12-22 21:12:51,558 INFO [main] org.eclipse.jetty.server.ServerConnector - Started ServerConnector@3c854752{HTTP/1.1}{0.0.0.0:8081}
2014-12-22 21:12:51,560 INFO [main] org.eclipse.jetty.server.Server - Started @5190ms
2014-12-22 21:12:51,561 INFO [main] com.metamx.common.lifecycle.Lifecycle$AnnotationBasedHandler - Invoking start method[public void io.druid.server.coordination.AbstractDataSegmentAnnouncer.start()] on object[io.druid.server.coordination.SingleDataSegmentAnnouncer@3ddeaa5f].
2014-12-22 21:12:51,561 INFO [main] io.druid.server.coordination.AbstractDataSegmentAnnouncer - Announcing self[DruidServerMetadata{name='<middlemanager hostname>:8081', host='<middlemanager hostname>:8081', maxSize=0, tier='_default_tier', type='indexer-executor', priority='0'}] at [/druid/announcements/<middlemanager hostname>:8081]
2014-12-22 21:12:51,596 INFO [main] com.metamx.common.lifecycle.Lifecycle$AnnotationBasedHandler - Invoking start method[public void io.druid.server.coordination.AbstractDataSegmentAnnouncer.start()] on object[io.druid.server.coordination.BatchDataSegmentAnnouncer@9b76b60].
2014-12-22 21:12:51,596 INFO [main] io.druid.server.coordination.AbstractDataSegmentAnnouncer - Announcing self[DruidServerMetadata{name='<middlemanager hostname>:8081', host='<middlemanager hostname>:8081', maxSize=0, tier='_default_tier', type='indexer-executor', priority='0'}] at [/druid/announcements/<middlemanager hostname>:8081]
2014-12-22 21:12:51,596 INFO [main] com.metamx.common.lifecycle.Lifecycle$AnnotationBasedHandler - Invoking start method[public void io.druid.indexing.worker.executor.ExecutorLifecycle.start()] on object[io.druid.indexing.worker.executor.ExecutorLifecycle@127705e4].
2014-12-22 21:12:51,603 INFO [ServerInventoryView-0] io.druid.curator.inventory.CuratorInventoryManager - Created new InventoryCacheListener for /druid/servedSegments/<middlemanager hostname>:8081
2014-12-22 21:12:51,603 INFO [ServerInventoryView-0] io.druid.curator.inventory.CuratorInventoryManager - Starting inventory cache for <middlemanager hostname>:8081, inventoryPath /druid/servedSegments/<middlemanager hostname>:8081
2014-12-22 21:12:51,603 INFO [ServerInventoryView-0] io.druid.client.SingleServerInventoryView - New Server[DruidServerMetadata{name='<middlemanager hostname>:8081', host='<middlemanager hostname>:8081', maxSize=0, tier='_default_tier', type='indexer-executor', priority='0'}]
2014-12-22 21:12:51,723 INFO [main] io.druid.indexing.worker.executor.ExecutorLifecycle - Running with task: {
  "type" : "index",
  "id" : "index_outclick_2014-12-22T21:12:46.140Z",
  "schema" : {
    "dataSchema" : {
      "dataSource" : "outclick",
      "parser" : {
        "type" : "string",
        "parseSpec" : {
          "format" : "tsv",
          "timestampSpec" : {
            "column" : "clickdate",
            "format" : "yyyy-MM-dd HH:mm:ss"
          },
          "dimensionsSpec" : {
            "dimensions" : [ "masterClickId", "outclickTypeId", "siteId", "couponId", "channel", "propertyId" ],
            "dimensionExclusions" : [ "clickdate", "count", "uniqueOrders", "totalSales", "totalCommissions" ],
            "spatialDimensions" : [ ]
          },
          "delimiter" : null,
          "listDelimiter" : null,
          "columns" : [ "masterClickId", "outclickTypeId", "siteId", "couponId", "channel", "propertyId", "clickDate", "uniqueOrders", "totalSales", "totalCommissions" ]
        }
      },
      "metricsSpec" : [ {
        "type" : "count",
        "name" : "count"
      }, {
        "type" : "doubleSum",
        "name" : "uniqueOrders",
        "fieldName" : "uniqueOrders"
      }, {
        "type" : "doubleSum",
        "name" : "totalSales",
        "fieldName" : "totalSales"
      }, {
        "type" : "doubleSum",
        "name" : "totalCommissions",
        "fieldName" : "totalCommissions"
      } ],
      "granularitySpec" : {
        "type" : "uniform",
        "segmentGranularity" : "DAY",
        "queryGranularity" : {
          "type" : "duration",
          "duration" : 1000,
          "origin" : "1970-01-01T00:00:00.000Z"
        },
        "intervals" : [ "2014-04-20T00:00:00.000Z/2014-04-26T00:00:00.000Z" ]
      }
    },
    "ioConfig" : {
      "type" : "index",
      "firehose" : {
        "type" : "local",
        "baseDir" : "/Users/atroschinetz/projects/aggregation/outclick/tasks",
        "filter" : "outclick_stream.tsv",
        "parser" : {
          "type" : "string",
          "parseSpec" : {
            "format" : "tsv",
            "timestampSpec" : {
              "column" : "clickdate",
              "format" : "yyyy-MM-dd HH:mm:ss"
            },
            "dimensionsSpec" : {
              "dimensions" : [ "masterClickId", "outclickTypeId", "siteId", "couponId", "channel", "propertyId" ],
              "dimensionExclusions" : [ ],
              "spatialDimensions" : [ ]
            },
            "delimiter" : null,
            "listDelimiter" : null,
            "columns" : [ "masterClickId", "outclickTypeId", "siteId", "couponId", "channel", "propertyId", "clickDate", "uniqueOrders", "totalSales", "totalCommissions" ]
          }
        }
      }
    },
    "tuningConfig" : {
      "type" : "index",
      "targetPartitionSize" : 5000000,
      "rowFlushBoundary" : 500000,
      "numShards" : -1
    }
  },
  "dataSource" : "outclick",
  "groupId" : "index_outclick_2014-12-22T21:12:46.140Z",
  "interval" : "2014-04-20T00:00:00.000Z/2014-04-26T00:00:00.000Z",
  "resource" : {
    "availabilityGroup" : "index_outclick_2014-12-22T21:12:46.140Z",
    "requiredCapacity" : 1
  }
}
2014-12-22 21:12:51,725 INFO [main] io.druid.indexing.common.actions.RemoteTaskActionClient - Performing action for task[index_outclick_2014-12-22T21:12:46.140Z]: LockTryAcquireAction{interval=2014-04-20T00:00:00.000Z/2014-04-26T00:00:00.000Z}
2014-12-22 21:12:51,732 INFO [main] io.druid.indexing.common.actions.RemoteTaskActionClient - Submitting action for task[index_outclick_2014-12-22T21:12:46.140Z] to overlord[http://<overlord hostname>:8080/druid/indexer/v1/action]: LockTryAcquireAction{interval=2014-04-20T00:00:00.000Z/2014-04-26T00:00:00.000Z}
2014-12-22 21:12:51,744 INFO [main] com.metamx.http.client.pool.ChannelResourceFactory - Generating: http://<overlord hostname>:8080
5.385: [GC pause (G1 Evacuation Pause) (young), 0.0029908 secs]
   [Parallel Time: 1.8 ms, GC Workers: 8]
      [GC Worker Start (ms): Min: 5385.0, Avg: 5385.1, Max: 5385.2, Diff: 0.1]
      [Ext Root Scanning (ms): Min: 0.4, Avg: 0.6, Max: 0.9, Diff: 0.5, Sum: 4.7]
      [Update RS (ms): Min: 0.0, Avg: 0.3, Max: 1.0, Diff: 1.0, Sum: 2.8]
         [Processed Buffers: Min: 0, Avg: 4.0, Max: 10, Diff: 10, Sum: 32]
      [Scan RS (ms): Min: 0.0, Avg: 0.0, Max: 0.0, Diff: 0.0, Sum: 0.1]
      [Code Root Scanning (ms): Min: 0.0, Avg: 0.0, Max: 0.0, Diff: 0.0, Sum: 0.0]
      [Object Copy (ms): Min: 0.1, Avg: 0.6, Max: 1.0, Diff: 0.9, Sum: 5.1]
      [Termination (ms): Min: 0.0, Avg: 0.0, Max: 0.0, Diff: 0.0, Sum: 0.0]
      [GC Worker Other (ms): Min: 0.0, Avg: 0.0, Max: 0.1, Diff: 0.1, Sum: 0.2]
      [GC Worker Total (ms): Min: 1.5, Avg: 1.6, Max: 1.7, Diff: 0.1, Sum: 12.9]
      [GC Worker End (ms): Min: 5386.7, Avg: 5386.7, Max: 5386.7, Diff: 0.1]
   [Code Root Fixup: 0.0 ms]
   [Code Root Migration: 0.0 ms]
   [Code Root Purge: 0.0 ms]
   [Clear CT: 0.2 ms]
   [Other: 1.0 ms]
      [Choose CSet: 0.0 ms]
      [Ref Proc: 0.8 ms]
      [Ref Enq: 0.0 ms]
      [Redirty Cards: 0.0 ms]
      [Free CSet: 0.0 ms]
   [Eden: 19.0M(19.0M)->0.0B(13.0M) Survivors: 0.0B->3072.0K Heap: 29.7M(36.0M)->14.9M(36.0M)]
 [Times: user=0.02 sys=0.00, real=0.00 secs]
2014-12-22 21:12:51,787 INFO [main] com.metamx.http.client.pool.ChannelResourceFactory - Generating: http://<overlord hostname>:8080
2014-12-22 21:12:51,789 INFO [main] com.metamx.http.client.pool.ChannelResourceFactory - Generating: http://<overlord hostname>:8080
2014-12-22 21:12:51,789 INFO [main] com.metamx.http.client.pool.ChannelResourceFactory - Generating: http://<overlord hostname>:8080
2014-12-22 21:12:51,790 INFO [main] com.metamx.http.client.pool.ChannelResourceFactory - Generating: http://<overlord hostname>:8080
2014-12-22 21:12:52,042 INFO [task-runner-0] io.druid.indexing.overlord.ThreadPoolTaskRunner - Running task: index_outclick_2014-12-22T21:12:46.140Z
2014-12-22 21:12:52,043 INFO [task-runner-0] io.druid.indexing.common.actions.RemoteTaskActionClient - Performing action for task[index_outclick_2014-12-22T21:12:46.140Z]: LockListAction{}
2014-12-22 21:12:52,047 INFO [task-runner-0] io.druid.indexing.common.actions.RemoteTaskActionClient - Submitting action for task[index_outclick_2014-12-22T21:12:46.140Z] to overlord[http://<overlord hostname>:8080/druid/indexer/v1/action]: LockListAction{}
2014-12-22 21:12:52,296 INFO [task-runner-0] io.druid.segment.realtime.firehose.LocalFirehoseFactory - Searching for all [outclick_stream.tsv] in [/Users/atroschinetz/projects/aggregation/outclick/tasks]
2014-12-22 21:12:52,303 ERROR [task-runner-0] io.druid.indexing.overlord.ThreadPoolTaskRunner - Exception while running task[IndexTask{id=index_outclick_2014-12-22T21:12:46.140Z, type=index, dataSource=outclick}]
java.lang.IllegalArgumentException: Parameter 'directory' is not a directory
	at org.apache.commons.io.FileUtils.listFiles(FileUtils.java:358)
	at io.druid.segment.realtime.firehose.LocalFirehoseFactory.connect(LocalFirehoseFactory.java:88)
	at io.druid.segment.realtime.firehose.LocalFirehoseFactory.connect(LocalFirehoseFactory.java:45)
	at io.druid.indexing.common.task.IndexTask.getDataIntervals(IndexTask.java:218)
	at io.druid.indexing.common.task.IndexTask.run(IndexTask.java:177)
	at io.druid.indexing.overlord.ThreadPoolTaskRunner$ThreadPoolTaskRunnerCallable.call(ThreadPoolTaskRunner.java:218)
	at io.druid.indexing.overlord.ThreadPoolTaskRunner$ThreadPoolTaskRunnerCallable.call(ThreadPoolTaskRunner.java:197)
	at java.util.concurrent.FutureTask.run(FutureTask.java:266)
	at java.util.concurrent.ThreadPoolExecutor.runWorker(ThreadPoolExecutor.java:1142)
	at java.util.concurrent.ThreadPoolExecutor$Worker.run(ThreadPoolExecutor.java:617)
	at java.lang.Thread.run(Thread.java:745)
2014-12-22 21:12:52,309 INFO [task-runner-0] io.druid.indexing.worker.executor.ExecutorLifecycle - Task completed with status: {
  "id" : "index_outclick_2014-12-22T21:12:46.140Z",
  "status" : "FAILED",
  "duration" : 264
}
2014-12-22 21:12:52,313 INFO [main] com.metamx.common.lifecycle.Lifecycle$AnnotationBasedHandler - Invoking stop method[public void io.druid.server.coordination.AbstractDataSegmentAnnouncer.stop()] on object[io.druid.server.coordination.BatchDataSegmentAnnouncer@9b76b60].
2014-12-22 21:12:52,313 INFO [main] io.druid.server.coordination.AbstractDataSegmentAnnouncer - Stopping class io.druid.server.coordination.BatchDataSegmentAnnouncer with config[io.druid.server.initialization.ZkPathsConfig$$EnhancerByCGLIB$$2c57d401@d48e998]
2014-12-22 21:12:52,313 INFO [main] io.druid.curator.announcement.Announcer - unannouncing [/druid/announcements/<middlemanager hostname>:8081]
2014-12-22 21:12:52,321 INFO [ServerInventoryView-0] io.druid.curator.inventory.CuratorInventoryManager - Closing inventory cache for <middlemanager hostname>:8081. Also removing listeners.
2014-12-22 21:12:52,321 INFO [main] com.metamx.common.lifecycle.Lifecycle$AnnotationBasedHandler - Invoking stop method[public void io.druid.server.coordination.AbstractDataSegmentAnnouncer.stop()] on object[io.druid.server.coordination.SingleDataSegmentAnnouncer@3ddeaa5f].
2014-12-22 21:12:52,321 INFO [main] io.druid.server.coordination.AbstractDataSegmentAnnouncer - Stopping class io.druid.server.coordination.SingleDataSegmentAnnouncer with config[io.druid.server.initialization.ZkPathsConfig$$EnhancerByCGLIB$$2c57d401@d48e998]
2014-12-22 21:12:52,321 INFO [main] io.druid.curator.announcement.Announcer - unannouncing [/druid/announcements/<middlemanager hostname>:8081]
2014-12-22 21:12:52,322 ERROR [main] io.druid.curator.announcement.Announcer - Path[/druid/announcements/<middlemanager hostname>:8081] not announced, cannot unannounce.
2014-12-22 21:12:52,322 INFO [main] com.metamx.common.lifecycle.Lifecycle$AnnotationBasedHandler - Invoking stop method[public void io.druid.indexing.worker.executor.ExecutorLifecycle.stop()] on object[io.druid.indexing.worker.executor.ExecutorLifecycle@127705e4].
2014-12-22 21:12:52,323 INFO [ServerInventoryView-0] io.druid.client.SingleServerInventoryView - Server Disappeared[DruidServerMetadata{name='<middlemanager hostname>:8081', host='<middlemanager hostname>:8081', maxSize=0, tier='_default_tier', type='indexer-executor', priority='0'}]
2014-12-22 21:12:52,325 INFO [main] org.eclipse.jetty.server.ServerConnector - Stopped ServerConnector@3c854752{HTTP/1.1}{0.0.0.0:8081}
2014-12-22 21:12:52,327 INFO [main] org.eclipse.jetty.server.handler.ContextHandler - Stopped o.e.j.s.ServletContextHandler@3bc4ef12{/,null,UNAVAILABLE}
2014-12-22 21:12:52,332 INFO [main] com.metamx.common.lifecycle.Lifecycle$AnnotationBasedHandler - Invoking stop method[public void io.druid.server.log.FileRequestLogger.stop()] on object[io.druid.server.log.FileRequestLogger@5f7da3d3].
2014-12-22 21:12:52,332 INFO [main] com.metamx.common.lifecycle.Lifecycle$AnnotationBasedHandler - Invoking stop method[public void io.druid.indexing.overlord.ThreadPoolTaskRunner.stop()] on object[io.druid.indexing.overlord.ThreadPoolTaskRunner@27a09971].
2014-12-22 21:12:52,332 INFO [main] com.metamx.common.lifecycle.Lifecycle$AnnotationBasedHandler - Invoking stop method[public void io.druid.client.ServerInventoryView.stop() throws java.io.IOException] on object[io.druid.client.SingleServerInventoryView@459b187a].
2014-12-22 21:12:52,333 INFO [main] com.metamx.common.lifecycle.Lifecycle$AnnotationBasedHandler - Invoking stop method[public void io.druid.curator.announcement.Announcer.stop()] on object[io.druid.curator.announcement.Announcer@67f3d192].
2014-12-22 21:12:52,333 INFO [main] com.metamx.common.lifecycle.Lifecycle$AnnotationBasedHandler - Invoking stop method[public void io.druid.curator.discovery.ServerDiscoverySelector.stop() throws java.io.IOException] on object[io.druid.curator.discovery.ServerDiscoverySelector@71ad3d8a].
2014-12-22 21:12:52,334 INFO [main] io.druid.curator.CuratorModule - Stopping Curator
2014-12-22 21:12:52,341 INFO [main] org.apache.zookeeper.ZooKeeper - Session: 0x14a649c0cec000f closed
2014-12-22 21:12:52,341 INFO [main-EventThread] org.apache.zookeeper.ClientCnxn - EventThread shut down
2014-12-22 21:12:52,341 INFO [main] com.metamx.common.lifecycle.Lifecycle$AnnotationBasedHandler - Invoking stop method[public void com.metamx.http.client.HttpClient.stop()] on object[com.metamx.http.client.HttpClient@3872bc37].
2014-12-22 21:12:52,404 INFO [main] com.metamx.common.lifecycle.Lifecycle$AnnotationBasedHandler - Invoking stop method[public void com.metamx.metrics.MonitorScheduler.stop()] on object[com.metamx.metrics.MonitorScheduler@639aba11].
2014-12-22 21:12:52,405 INFO [main] com.metamx.common.lifecycle.Lifecycle$AnnotationBasedHandler - Invoking stop method[public void com.metamx.emitter.service.ServiceEmitter.close() throws java.io.IOException] on object[com.metamx.emitter.service.ServiceEmitter@5b051a5c].
2014-12-22 21:12:52,405 INFO [main] com.metamx.common.lifecycle.Lifecycle$AnnotationBasedHandler - Invoking stop method[public void com.metamx.emitter.core.LoggingEmitter.close() throws java.io.IOException] on object[com.metamx.emitter.core.LoggingEmitter@288214b1].
Heap
 garbage-first heap   total 36864K, used 23497K [0x0000000080000000, 0x0000000082400000, 0x0000000100000000)
  region size 1024K, 12 young (12288K), 3 survivors (3072K)
 Metaspace       used 37411K, capacity 37850K, committed 38360K, reserved 1083392K
  class space    used 4931K, capacity 5019K, committed 5120K, reserved 1048576K
