0.418: [GC (Allocation Failure) 0.418: [ParNew: 17472K->2175K(19648K), 0.0050260 secs] 17472K->2793K(63360K), 0.0051234 secs] [Times: user=0.01 sys=0.00, real=0.01 secs] 
2014-12-22 19:28:05,421 INFO [main] io.druid.guice.PropertiesModule - Loading properties from runtime.properties
2014-12-22 19:28:05,455 INFO [main] org.hibernate.validator.internal.util.Version - HV000001: Hibernate Validator 5.0.1.Final
0.607: [GC (Allocation Failure) 0.607: [ParNew: 19647K->2175K(19648K), 0.0243519 secs] 20265K->4375K(63360K), 0.0244089 secs] [Times: user=0.06 sys=0.01, real=0.03 secs] 
0.814: [GC (Allocation Failure) 0.815: [ParNew: 19647K->2176K(19648K), 0.0032222 secs] 21847K->4950K(63360K), 0.0032757 secs] [Times: user=0.02 sys=0.00, real=0.00 secs] 
0.976: [GC (Allocation Failure) 0.976: [ParNew: 19648K->1998K(19648K), 0.0034749 secs] 22422K->5141K(63360K), 0.0035351 secs] [Times: user=0.02 sys=0.00, real=0.00 secs] 
2014-12-22 19:28:05,951 INFO [main] io.druid.guice.JsonConfigurator - Loaded class[class io.druid.guice.ExtensionsConfig] from props[druid.extensions.] as [ExtensionsConfig{searchCurrentClassloader=true, coordinates=[io.druid.extensions:druid-s3-extensions:0.6.160], localRepository='/home/druid/.m2/repository', remoteRepositories=[http://repo1.maven.org/maven2/, https://metamx.artifactoryonline.com/metamx/pub-libs-releases-local]}]
2014-12-22 19:28:06,066 INFO [main] io.druid.initialization.Initialization - Loading extension[io.druid.extensions:druid-s3-extensions:0.6.160] for class[io.druid.cli.CliCommandCreator]
1.164: [GC (Allocation Failure) 1.164: [ParNew: 19470K->2176K(19648K), 0.0083697 secs] 22613K->5949K(63360K), 0.0084226 secs] [Times: user=0.03 sys=0.00, real=0.01 secs] 
1.431: [GC (Allocation Failure) 1.431: [ParNew: 19648K->1314K(19648K), 0.0059120 secs] 23421K->5484K(63360K), 0.0059830 secs] [Times: user=0.02 sys=0.00, real=0.00 secs] 
2014-12-22 19:28:06,406 INFO [main] io.druid.initialization.Initialization - Added URL[file:/home/druid/.m2/repository/io/druid/extensions/druid-s3-extensions/0.6.160/druid-s3-extensions-0.6.160.jar]
2014-12-22 19:28:06,406 INFO [main] io.druid.initialization.Initialization - Added URL[file:/home/druid/.m2/repository/net/java/dev/jets3t/jets3t/0.9.1/jets3t-0.9.1.jar]
2014-12-22 19:28:06,406 INFO [main] io.druid.initialization.Initialization - Added URL[file:/home/druid/.m2/repository/commons-codec/commons-codec/1.7/commons-codec-1.7.jar]
2014-12-22 19:28:06,407 INFO [main] io.druid.initialization.Initialization - Added URL[file:/home/druid/.m2/repository/org/codehaus/jackson/jackson-core-asl/1.9.13/jackson-core-asl-1.9.13.jar]
2014-12-22 19:28:06,407 INFO [main] io.druid.initialization.Initialization - Added URL[file:/home/druid/.m2/repository/org/codehaus/jackson/jackson-mapper-asl/1.9.13/jackson-mapper-asl-1.9.13.jar]
2014-12-22 19:28:06,407 INFO [main] io.druid.initialization.Initialization - Added URL[file:/home/druid/.m2/repository/javax/activation/activation/1.1.1/activation-1.1.1.jar]
2014-12-22 19:28:06,407 INFO [main] io.druid.initialization.Initialization - Added URL[file:/home/druid/.m2/repository/mx4j/mx4j/3.0.2/mx4j-3.0.2.jar]
2014-12-22 19:28:06,407 INFO [main] io.druid.initialization.Initialization - Added URL[file:/home/druid/.m2/repository/javax/mail/mail/1.4.7/mail-1.4.7.jar]
2014-12-22 19:28:06,407 INFO [main] io.druid.initialization.Initialization - Added URL[file:/home/druid/.m2/repository/commons-logging/commons-logging/1.1.1/commons-logging-1.1.1.jar]
2014-12-22 19:28:06,407 INFO [main] io.druid.initialization.Initialization - Added URL[file:/home/druid/.m2/repository/org/bouncycastle/bcprov-jdk15/1.46/bcprov-jdk15-1.46.jar]
2014-12-22 19:28:06,407 INFO [main] io.druid.initialization.Initialization - Added URL[file:/home/druid/.m2/repository/com/jamesmurty/utils/java-xmlbuilder/0.4/java-xmlbuilder-0.4.jar]
2014-12-22 19:28:06,407 INFO [main] io.druid.initialization.Initialization - Added URL[file:/home/druid/.m2/repository/com/amazonaws/aws-java-sdk/1.6.0.1/aws-java-sdk-1.6.0.1.jar]
2014-12-22 19:28:06,407 INFO [main] io.druid.initialization.Initialization - Added URL[file:/home/druid/.m2/repository/com/fasterxml/jackson/core/jackson-core/2.2.3/jackson-core-2.2.3.jar]
2014-12-22 19:28:06,407 INFO [main] io.druid.initialization.Initialization - Added URL[file:/home/druid/.m2/repository/com/fasterxml/jackson/core/jackson-annotations/2.2.3/jackson-annotations-2.2.3.jar]
2014-12-22 19:28:06,407 INFO [main] io.druid.initialization.Initialization - Added URL[file:/home/druid/.m2/repository/org/apache/httpcomponents/httpclient/4.2/httpclient-4.2.jar]
2014-12-22 19:28:06,407 INFO [main] io.druid.initialization.Initialization - Added URL[file:/home/druid/.m2/repository/org/apache/httpcomponents/httpcore/4.2/httpcore-4.2.jar]
2014-12-22 19:28:06,407 INFO [main] io.druid.initialization.Initialization - Added URL[file:/home/druid/.m2/repository/com/metamx/emitter/0.2.11/emitter-0.2.11.jar]
2014-12-22 19:28:06,407 INFO [main] io.druid.initialization.Initialization - Added URL[file:/home/druid/.m2/repository/com/metamx/http-client/0.9.6/http-client-0.9.6.jar]
2014-12-22 19:28:06,407 INFO [main] io.druid.initialization.Initialization - Added URL[file:/home/druid/.m2/repository/io/netty/netty/3.9.0.Final/netty-3.9.0.Final.jar]
2014-12-22 19:28:06,408 INFO [main] io.druid.initialization.Initialization - Added URL[file:/home/druid/.m2/repository/log4j/log4j/1.2.16/log4j-1.2.16.jar]
2014-12-22 19:28:06,408 INFO [main] io.druid.initialization.Initialization - Added URL[file:/home/druid/.m2/repository/com/google/guava/guava/16.0.1/guava-16.0.1.jar]
2014-12-22 19:28:06,408 INFO [main] io.druid.initialization.Initialization - Added URL[file:/home/druid/.m2/repository/commons-io/commons-io/2.0.1/commons-io-2.0.1.jar]
1.592: [GC (Allocation Failure) 1.592: [ParNew: 18786K->1797K(19648K), 0.0033320 secs] 22956K->5966K(63360K), 0.0033929 secs] [Times: user=0.00 sys=0.01, real=0.00 secs] 
2014-12-22 19:28:06,558 INFO [main] io.druid.initialization.Initialization - Loading extension[io.druid.extensions:druid-s3-extensions:0.6.160] for class[io.druid.initialization.DruidModule]
2014-12-22 19:28:06,621 INFO [main] io.druid.initialization.Initialization - Adding extension module[class io.druid.storage.s3.S3StorageDruidModule] for class[io.druid.initialization.DruidModule]
2014-12-22 19:28:06,622 INFO [main] io.druid.initialization.Initialization - Adding extension module[class io.druid.firehose.s3.S3FirehoseDruidModule] for class[io.druid.initialization.DruidModule]
1.784: [GC (Allocation Failure) 1.784: [ParNew: 19269K->2175K(19648K), 0.0212065 secs] 23438K->7384K(63360K), 0.0212836 secs] [Times: user=0.07 sys=0.00, real=0.02 secs] 
2.047: [GC (Allocation Failure) 2.047: [ParNew: 19647K->2089K(19648K), 0.0150930 secs] 24856K->8663K(63360K), 0.0151549 secs] [Times: user=0.05 sys=0.00, real=0.02 secs] 
2014-12-22 19:28:06,989 INFO [main] io.druid.guice.JsonConfigurator - Loaded class[class com.metamx.emitter.core.LoggingEmitterConfig] from props[druid.emitter.logging.] as [LoggingEmitterConfig{loggerClass='com.metamx.emitter.core.LoggingEmitter', logLevel='debug'}]
2014-12-22 19:28:07,069 INFO [main] io.druid.guice.JsonConfigurator - Loaded class[class io.druid.server.metrics.DruidMonitorSchedulerConfig] from props[druid.monitoring.] as [io.druid.server.metrics.DruidMonitorSchedulerConfig@61e3a1fd]
2014-12-22 19:28:07,098 INFO [main] com.metamx.metrics.SysMonitor - Loading sigar native lib at tmpPath[/tmp/yay8941955541428828214yay/libsigar-amd64-linux.so]
2014-12-22 19:28:07,101 INFO [main] io.druid.guice.JsonConfigurator - Loaded class[class io.druid.server.metrics.MonitorsConfig] from props[druid.monitoring.] as [MonitorsConfig{monitors=[class com.metamx.metrics.SysMonitor, class com.metamx.metrics.JvmMonitor]}]
2014-12-22 19:28:07,119 INFO [main] io.druid.guice.JsonConfigurator - Loaded class[class io.druid.server.DruidNode] from props[druid.] as [DruidNode{serviceName='druid-middlemanager', host='<middlemanager hostname>:8080', port=8080}]
2014-12-22 19:28:07,128 INFO [main] io.druid.server.metrics.MetricsModule - Adding monitor[com.metamx.metrics.SysMonitor@169da7f2]
2014-12-22 19:28:07,129 INFO [main] io.druid.server.metrics.MetricsModule - Adding monitor[com.metamx.metrics.JvmMonitor@60297f36]
2014-12-22 19:28:07,191 INFO [main] org.skife.config.ConfigurationObjectFactory - Assigning value [<zookeeper 1 hostname>,<zookeeper 2 hostname>,<zookeeper 3 hostname>] for [druid.zk.service.host] on [io.druid.curator.CuratorConfig
2014-12-22 19:28:07,193 INFO [main] org.skife.config.ConfigurationObjectFactory - Assigning default value [30000] for [druid.zk.service.sessionTimeoutMs] on [io.druid.curator.CuratorConfig
2014-12-22 19:28:07,193 INFO [main] org.skife.config.ConfigurationObjectFactory - Assigning default value [false] for [druid.curator.compress] on [io.druid.curator.CuratorConfig
2.330: [GC (Allocation Failure) 2.330: [ParNew: 19561K->2176K(19648K), 0.0301502 secs] 26135K->9711K(63360K), 0.0302172 secs] [Times: user=0.12 sys=0.00, real=0.03 secs] 
2.363: [GC (CMS Initial Mark) [1 CMS-initial-mark: 7535K(43712K)] 10059K(63360K), 0.0008082 secs] [Times: user=0.00 sys=0.00, real=0.00 secs] 
2.364: [CMS-concurrent-mark-start]
2.372: [CMS-concurrent-mark: 0.008/0.008 secs] [Times: user=0.03 sys=0.01, real=0.01 secs] 
2.372: [CMS-concurrent-preclean-start]
2.372: [CMS-concurrent-preclean: 0.000/0.000 secs] [Times: user=0.01 sys=0.00, real=0.00 secs] 
2.372: [GC (CMS Final Remark) [YG occupancy: 2524 K (19648 K)]2.372: [Rescan (parallel) , 0.0009939 secs]2.373: [weak refs processing, 0.0000335 secs]2.373: [class unloading, 0.0078633 secs]2.381: [scrub symbol table, 0.0019679 secs]2.383: [scrub string table, 0.0004257 secs][1 CMS-remark: 7535K(43712K)] 10059K(63360K), 0.0127565 secs] [Times: user=0.02 sys=0.00, real=0.01 secs] 
2.385: [CMS-concurrent-sweep-start]
2.390: [CMS-concurrent-sweep: 0.004/0.004 secs] [Times: user=0.02 sys=0.00, real=0.01 secs] 
2.390: [CMS-concurrent-reset-start]
2.390: [CMS-concurrent-reset: 0.001/0.001 secs] [Times: user=0.00 sys=0.00, real=0.00 secs] 
2014-12-22 19:28:07,317 WARN [main] org.apache.curator.retry.ExponentialBackoffRetry - maxRetries too large (30). Pinning to 29
2014-12-22 19:28:07,362 INFO [main] org.skife.config.ConfigurationObjectFactory - Using method itself for [druid.zk.paths.propertiesPath] on [io.druid.server.initialization.ZkPathsConfig
2014-12-22 19:28:07,362 INFO [main] org.skife.config.ConfigurationObjectFactory - Using method itself for [druid.zk.paths.indexer.announcementsPath] on [io.druid.server.initialization.ZkPathsConfig
2014-12-22 19:28:07,362 INFO [main] org.skife.config.ConfigurationObjectFactory - Using method itself for [druid.zk.paths.coordinatorPath] on [io.druid.server.initialization.ZkPathsConfig
2014-12-22 19:28:07,362 INFO [main] org.skife.config.ConfigurationObjectFactory - Using method itself for [druid.zk.paths.connectorPath] on [io.druid.server.initialization.ZkPathsConfig
2014-12-22 19:28:07,362 INFO [main] org.skife.config.ConfigurationObjectFactory - Using method itself for [druid.zk.paths.indexer.tasksPath] on [io.druid.server.initialization.ZkPathsConfig
2014-12-22 19:28:07,362 INFO [main] org.skife.config.ConfigurationObjectFactory - Using method itself for [druid.zk.paths.indexer.statusPath] on [io.druid.server.initialization.ZkPathsConfig
2014-12-22 19:28:07,363 INFO [main] org.skife.config.ConfigurationObjectFactory - Using method itself for [druid.zk.paths.indexer.leaderLatchPath] on [io.druid.server.initialization.ZkPathsConfig
2014-12-22 19:28:07,363 INFO [main] org.skife.config.ConfigurationObjectFactory - Using method itself for [druid.zk.paths.liveSegmentsPath] on [io.druid.server.initialization.ZkPathsConfig
2014-12-22 19:28:07,363 INFO [main] org.skife.config.ConfigurationObjectFactory - Using method itself for [druid.zk.paths.base] on [io.druid.server.initialization.ZkPathsConfig
2014-12-22 19:28:07,363 INFO [main] org.skife.config.ConfigurationObjectFactory - Using method itself for [druid.zk.paths.servedSegmentsPath] on [io.druid.server.initialization.ZkPathsConfig
2014-12-22 19:28:07,363 INFO [main] org.skife.config.ConfigurationObjectFactory - Using method itself for [druid.zk.paths.loadQueuePath] on [io.druid.server.initialization.ZkPathsConfig
2014-12-22 19:28:07,363 INFO [main] org.skife.config.ConfigurationObjectFactory - Using method itself for [druid.zk.paths.announcementsPath] on [io.druid.server.initialization.ZkPathsConfig
2014-12-22 19:28:07,373 INFO [main] io.druid.guice.JsonConfigurator - Loaded class[class io.druid.indexing.overlord.config.RemoteTaskRunnerConfig] from props[druid.indexer.runner.] as [io.druid.indexing.overlord.config.RemoteTaskRunnerConfig@57bd802b]
2014-12-22 19:28:07,376 INFO [main] io.druid.guice.JsonConfigurator - Loaded class[class io.druid.indexing.worker.config.WorkerConfig] from props[druid.worker.] as [io.druid.indexing.worker.config.WorkerConfig@7808fb9]
2014-12-22 19:28:07,398 INFO [main] io.druid.guice.JsonConfigurator - Loaded class[class io.druid.indexing.overlord.config.ForkingTaskRunnerConfig] from props[druid.indexer.runner.] as [io.druid.indexing.overlord.config.ForkingTaskRunnerConfig@59712875]
2014-12-22 19:28:07,404 INFO [main] io.druid.guice.JsonConfigurator - Loaded class[class io.druid.indexing.common.config.TaskConfig] from props[druid.indexer.task.] as [io.druid.indexing.common.config.TaskConfig@66bfd864]
2014-12-22 19:28:07,407 INFO [main] io.druid.guice.JsonConfigurator - Loaded class[class io.druid.storage.s3.S3TaskLogsConfig] from props[druid.indexer.logs.] as [io.druid.storage.s3.S3TaskLogsConfig@7051777c]
2014-12-22 19:28:07,409 INFO [main] io.druid.guice.JsonConfigurator - Loaded class[class io.druid.storage.s3.AWSCredentialsConfig] from props[druid.s3.] as [io.druid.storage.s3.AWSCredentialsConfig@6a4d7f76]
2.540: [GC (Allocation Failure) 2.540: [ParNew: 19647K->2175K(19648K), 0.0108650 secs] 25122K->8493K(63360K), 0.0109267 secs] [Times: user=0.06 sys=0.00, real=0.01 secs] 
2014-12-22 19:28:07,503 INFO [main] io.druid.guice.JsonConfigurator - Loaded class[class io.druid.server.initialization.ServerConfig] from props[druid.server.http.] as [io.druid.server.initialization.ServerConfig@3e850122]
2014-12-22 19:28:07,509 INFO [main] org.eclipse.jetty.util.log - Logging initialized @2581ms
2014-12-22 19:28:07,581 INFO [main] com.metamx.common.lifecycle.Lifecycle$AnnotationBasedHandler - Invoking start method[public void com.metamx.emitter.core.LoggingEmitter.start()] on object[com.metamx.emitter.core.LoggingEmitter@2822c6ff].
2014-12-22 19:28:07,582 INFO [main] com.metamx.common.lifecycle.Lifecycle$AnnotationBasedHandler - Invoking start method[public void com.metamx.emitter.service.ServiceEmitter.start()] on object[com.metamx.emitter.service.ServiceEmitter@4ed38226].
2014-12-22 19:28:07,582 INFO [main] com.metamx.common.lifecycle.Lifecycle$AnnotationBasedHandler - Invoking start method[public void com.metamx.metrics.MonitorScheduler.start()] on object[com.metamx.metrics.MonitorScheduler@3d43fe].
2014-12-22 19:28:07,585 INFO [main] io.druid.curator.CuratorModule - Starting Curator
2014-12-22 19:28:07,585 INFO [main] org.apache.curator.framework.imps.CuratorFrameworkImpl - Starting
2014-12-22 19:28:07,593 INFO [main] org.apache.zookeeper.ZooKeeper - Client environment:zookeeper.version=3.4.6-1569965, built on 02/20/2014 09:09 GMT
2014-12-22 19:28:07,593 INFO [main] org.apache.zookeeper.ZooKeeper - Client environment:host.name=<middlemanager hostname>
2014-12-22 19:28:07,593 INFO [main] org.apache.zookeeper.ZooKeeper - Client environment:java.version=1.8.0_20
2014-12-22 19:28:07,593 INFO [main] org.apache.zookeeper.ZooKeeper - Client environment:java.vendor=Oracle Corporation
2014-12-22 19:28:07,593 INFO [main] org.apache.zookeeper.ZooKeeper - Client environment:java.home=/usr/java/jdk1.8.0_20/jre
2014-12-22 19:28:07,593 INFO [main] org.apache.zookeeper.ZooKeeper - Client environment:java.class.path=/usr/local/druid-services/lib/jackson-jaxrs-json-provider-2.2.3.jar:/usr/local/druid-services/lib/icu4j-4.8.1.jar:/usr/local/druid-services/lib/tesla-aether-0.0.5.jar:/usr/local/druid-services/lib/google-http-client-1.15.0-rc.jar:/usr/local/druid-services/lib/maven-settings-builder-3.1.1.jar:/usr/local/druid-services/lib/asm-3.1.jar:/usr/local/druid-services/lib/aopalliance-1.0.jar:/usr/local/druid-services/lib/curator-client-2.6.0.jar:/usr/local/druid-services/lib/irc-api-1.0-0011.jar:/usr/local/druid-services/lib/okhttp-1.0.2.jar:/usr/local/druid-services/lib/curator-recipes-2.6.0.jar:/usr/local/druid-services/lib/maven-repository-metadata-3.1.1.jar:/usr/local/druid-services/lib/maven-model-builder-3.1.1.jar:/usr/local/druid-services/lib/bcprov-jdk15-1.46.jar:/usr/local/druid-services/lib/jetty-io-9.2.3.v20140905.jar:/usr/local/druid-services/lib/plexus-interpolation-1.19.jar:/usr/local/druid-services/lib/jetty-proxy-9.2.3.v20140905.jar:/usr/local/druid-services/lib/maven-settings-3.1.1.jar:/usr/local/druid-services/lib/aether-impl-0.9.0.M2.jar:/usr/local/druid-services/lib/server-metrics-0.0.9.jar:/usr/local/druid-services/lib/wagon-provider-api-2.4.jar:/usr/local/druid-services/lib/commons-cli-1.2.jar:/usr/local/druid-services/lib/mysql-connector-java-5.1.18.jar:/usr/local/druid-services/lib/alphanum-1.0.3.jar:/usr/local/druid-services/lib/maven-aether-provider-3.1.1.jar:/usr/local/druid-services/lib/java-util-0.26.9.jar:/usr/local/druid-services/lib/zookeeper-3.4.6.jar:/usr/local/druid-services/lib/mail-1.4.7.jar:/usr/local/druid-services/lib/guice-multibindings-4.0-beta.jar:/usr/local/druid-services/lib/jackson-module-jaxb-annotations-2.2.3.jar:/usr/local/druid-services/lib/xpp3-1.1.4c.jar:/usr/local/druid-services/lib/druid-processing-0.6.160.jar:/usr/local/druid-services/lib/jetty-servlets-9.2.3.v20140905.jar:/usr/local/druid-services/lib/spymemcached-2.8.4.jar:/usr/local/druid-services/lib/jersey-guice-1.17.1.jar:/usr/local/druid-services/lib/druid-indexing-hadoop-0.6.160.jar:/usr/local/druid-services/lib/jersey-core-1.17.1.jar:/usr/local/druid-services/lib/hibernate-validator-5.0.1.Final.jar:/usr/local/druid-services/lib/jackson-core-asl-1.9.13.jar:/usr/local/druid-services/lib/commons-pool-1.6.jar:/usr/local/druid-services/lib/compress-lzf-0.8.4.jar:/usr/local/druid-services/lib/validation-api-1.1.0.Final.jar:/usr/local/druid-services/lib/jackson-mapper-asl-1.9.13.jar:/usr/local/druid-services/lib/slf4j-api-1.6.4.jar:/usr/local/druid-services/lib/protobuf-java-2.5.0.jar:/usr/local/druid-services/lib/aether-api-0.9.0.M2.jar:/usr/local/druid-services/lib/jersey-servlet-1.17.1.jar:/usr/local/druid-services/lib/jackson-datatype-joda-2.2.3.jar:/usr/local/druid-services/lib/jackson-datatype-guava-2.2.3.jar:/usr/local/druid-services/lib/httpcore-4.2.jar:/usr/local/druid-services/lib/jetty-continuation-9.2.3.v20140905.jar:/usr/local/druid-services/lib/bytebuffer-collections-0.0.4.jar:/usr/local/druid-services/lib/sigar-1.6.5.132.jar:/usr/local/druid-services/lib/netty-3.9.0.Final.jar:/usr/local/druid-services/lib/jetty-security-9.2.3.v20140905.jar:/usr/local/druid-services/lib/jetty-http-9.2.3.v20140905.jar:/usr/local/druid-services/lib/rhino-1.7R4.jar:/usr/local/druid-services/lib/guice-4.0-beta.jar:/usr/local/druid-services/lib/jackson-databind-2.2.3.jar:/usr/local/druid-services/lib/google-http-client-jackson2-1.15.0-rc.jar:/usr/local/druid-services/lib/jackson-dataformat-smile-2.2.3.jar:/usr/local/druid-services/lib/org.abego.treelayout.core-1.0.1.jar:/usr/local/druid-services/lib/jline-0.9.94.jar:/usr/local/druid-services/lib/commons-logging-1.1.1.jar:/usr/local/druid-services/lib/druid-api-0.2.14.1.jar:/usr/local/druid-services/lib/maxminddb-0.2.0.jar:/usr/local/druid-services/lib/http-client-0.9.6.jar:/usr/local/druid-services/lib/jetty-util-9.2.3.v20140905.jar:/usr/local/druid-services/lib/druid-services-0.6.160.jar:/usr/local/druid-services/lib/commons-codec-1.7.jar:/usr/local/druid-services/lib/aether-spi-0.9.0.M2.jar:/usr/local/druid-services/lib/jetty-server-9.2.3.v20140905.jar:/usr/local/druid-services/lib/activation-1.1.1.jar:/usr/local/druid-services/lib/guava-16.0.1.jar:/usr/local/druid-services/lib/classmate-0.8.0.jar:/usr/local/druid-services/lib/geoip2-0.4.0.jar:/usr/local/druid-services/lib/log4j-1.2.16.jar:/usr/local/druid-services/lib/extendedset-1.3.7.jar:/usr/local/druid-services/lib/druid-indexing-service-0.6.160.jar:/usr/local/druid-services/lib/jdbi-2.32.jar:/usr/local/druid-services/lib/guice-servlet-4.0-beta.jar:/usr/local/druid-services/lib/jackson-jaxrs-smile-provider-2.2.3.jar:/usr/local/druid-services/lib/config-magic-0.9.jar:/usr/local/druid-services/lib/lz4-1.1.2.jar:/usr/local/druid-services/lib/httpclient-4.2.jar:/usr/local/druid-services/lib/commons-io-2.0.1.jar:/usr/local/druid-services/lib/java-xmlbuilder-0.4.jar:/usr/local/druid-services/lib/jetty-client-9.2.3.v20140905.jar:/usr/local/druid-services/lib/curator-x-discovery-2.6.0.jar:/usr/local/druid-services/lib/druid-common-0.6.160.jar:/usr/local/druid-services/lib/javax.inject-1.jar:/usr/local/druid-services/lib/jsr305-2.0.1.jar:/usr/local/druid-services/lib/druid-server-0.6.160.jar:/usr/local/druid-services/lib/aether-connector-file-0.9.0.M2.jar:/usr/local/druid-services/lib/aether-util-0.9.0.M2.jar:/usr/local/druid-services/lib/slf4j-log4j12-1.6.2.jar:/usr/local/druid-services/lib/aws-java-sdk-1.6.0.1.jar:/usr/local/druid-services/lib/airline-0.6.jar:/usr/local/druid-services/lib/javax.servlet-api-3.1.0.jar:/usr/local/druid-services/lib/opencsv-2.3.jar:/usr/local/druid-services/lib/mx4j-3.0.2.jar:/usr/local/druid-services/lib/aether-connector-okhttp-0.0.9.jar:/usr/local/druid-services/lib/jackson-core-2.2.3.jar:/usr/local/druid-services/lib/javax.el-3.0.0.jar:/usr/local/druid-services/lib/jersey-server-1.17.1.jar:/usr/local/druid-services/lib/maven-model-3.1.1.jar:/usr/local/druid-services/lib/emitter-0.2.11.jar:/usr/local/druid-services/lib/jackson-jaxrs-base-2.2.3.jar:/usr/local/druid-services/lib/plexus-utils-3.0.15.jar:/usr/local/druid-services/lib/jboss-logging-3.1.1.GA.jar:/usr/local/druid-services/lib/jets3t-0.9.1.jar:/usr/local/druid-services/lib/antlr4-runtime-4.0.jar:/usr/local/druid-services/lib/jackson-annotations-2.2.3.jar:/usr/local/druid-services/lib/joda-time-2.1.jar:/usr/local/druid-services/lib/jetty-servlet-9.2.3.v20140905.jar:/usr/local/druid-services/lib/curator-framework-2.6.0.jar:/usr/local/druid-services/lib/commons-dbcp-1.4.jar:/usr/local/druid-services/lib/commons-lang-2.6.jar:/usr/local/druid-services/config/middlemanager
2014-12-22 19:28:07,593 INFO [main] org.apache.zookeeper.ZooKeeper - Client environment:java.library.path=/usr/java/packages/lib/amd64:/usr/lib64:/lib64:/lib:/usr/lib
2014-12-22 19:28:07,593 INFO [main] org.apache.zookeeper.ZooKeeper - Client environment:java.io.tmpdir=/tmp
2014-12-22 19:28:07,593 INFO [main] org.apache.zookeeper.ZooKeeper - Client environment:java.compiler=<NA>
2014-12-22 19:28:07,593 INFO [main] org.apache.zookeeper.ZooKeeper - Client environment:os.name=Linux
2014-12-22 19:28:07,593 INFO [main] org.apache.zookeeper.ZooKeeper - Client environment:os.arch=amd64
2014-12-22 19:28:07,593 INFO [main] org.apache.zookeeper.ZooKeeper - Client environment:os.version=2.6.32-5-xen-amd64
2014-12-22 19:28:07,593 INFO [main] org.apache.zookeeper.ZooKeeper - Client environment:user.name=druid
2014-12-22 19:28:07,593 INFO [main] org.apache.zookeeper.ZooKeeper - Client environment:user.home=/home/druid
2014-12-22 19:28:07,593 INFO [main] org.apache.zookeeper.ZooKeeper - Client environment:user.dir=/
2014-12-22 19:28:07,594 INFO [main] org.apache.zookeeper.ZooKeeper - Initiating client connection, connectString=<zookeeper 1 hostname>,<zookeeper 2 hostname>,<zookeeper 3 hostname> sessionTimeout=30000 watcher=org.apache.curator.ConnectionState@451f87af
2014-12-22 19:28:07,611 INFO [main] com.metamx.common.lifecycle.Lifecycle$AnnotationBasedHandler - Invoking start method[public void io.druid.indexing.worker.WorkerCuratorCoordinator.start() throws java.lang.Exception] on object[io.druid.indexing.worker.WorkerCuratorCoordinator@6dcd5639].
2014-12-22 19:28:07,612 INFO [main] io.druid.indexing.worker.WorkerCuratorCoordinator - WorkerCuratorCoordinator good to go sir. Server[<middlemanager hostname>:8080]
2014-12-22 19:28:07,615 INFO [main-SendThread(<zookeeper 3 hostname>:2181)] org.apache.zookeeper.ClientCnxn - Opening socket connection to server <zookeeper 3 hostname>/10.28.200.215:2181. Will not attempt to authenticate using SASL (unknown error)
2014-12-22 19:28:07,673 INFO [main-SendThread(<zookeeper 3 hostname>:2181)] org.apache.zookeeper.ClientCnxn - Socket connection established to <zookeeper 3 hostname>/10.28.200.215:2181, initiating session
2014-12-22 19:28:07,681 INFO [main-SendThread(<zookeeper 3 hostname>:2181)] org.apache.zookeeper.ClientCnxn - Session establishment complete on server <zookeeper 3 hostname>/10.28.200.215:2181, sessionid = 0x34a649c0d0c000e, negotiated timeout = 30000
2014-12-22 19:28:07,686 INFO [main-EventThread] org.apache.curator.framework.state.ConnectionStateManager - State change: CONNECTED
3.807: [GC (Allocation Failure) 3.807: [ParNew: 19647K->2175K(19648K), 0.0060032 secs] 25965K->10326K(63360K), 0.0060644 secs] [Times: user=0.02 sys=0.00, real=0.01 secs] 
2014-12-22 19:28:08,743 INFO [main] com.metamx.common.lifecycle.Lifecycle$AnnotationBasedHandler - Invoking start method[public void io.druid.indexing.worker.WorkerTaskMonitor.start()] on object[io.druid.indexing.worker.WorkerTaskMonitor@79d743e6].
2014-12-22 19:28:08,746 INFO [main] org.eclipse.jetty.server.Server - jetty-9.2.3.v20140905
Dec 22, 2014 7:28:08 PM com.sun.jersey.guice.spi.container.GuiceComponentProviderFactory register
INFO: Registering com.fasterxml.jackson.jaxrs.json.JacksonJsonProvider as a provider class
Dec 22, 2014 7:28:08 PM com.sun.jersey.guice.spi.container.GuiceComponentProviderFactory register
INFO: Registering io.druid.server.StatusResource as a root resource class
Dec 22, 2014 7:28:08 PM com.sun.jersey.server.impl.application.WebApplicationImpl _initiate
INFO: Initiating Jersey application, version 'Jersey: 1.17.1 02/28/2013 12:47 PM'
3.983: [GC (Allocation Failure) 3.983: [ParNew: 19647K->1925K(19648K), 0.0042806 secs] 27798K->10759K(63360K), 0.0043461 secs] [Times: user=0.02 sys=0.00, real=0.01 secs] 
Dec 22, 2014 7:28:08 PM com.sun.jersey.guice.spi.container.GuiceComponentProviderFactory getComponentProvider
INFO: Binding com.fasterxml.jackson.jaxrs.json.JacksonJsonProvider to GuiceManagedComponentProvider with the scope "Singleton"
4.137: [GC (Allocation Failure) 4.137: [ParNew: 19397K->1366K(19648K), 0.0048366 secs] 28231K->10803K(63360K), 0.0049005 secs] [Times: user=0.03 sys=0.00, real=0.01 secs] 
Dec 22, 2014 7:28:09 PM com.sun.jersey.guice.spi.container.GuiceComponentProviderFactory getComponentProvider
INFO: Binding io.druid.indexing.worker.http.WorkerResource to GuiceInstantiatedComponentProvider
Dec 22, 2014 7:28:09 PM com.sun.jersey.guice.spi.container.GuiceComponentProviderFactory getComponentProvider
INFO: Binding io.druid.server.StatusResource to GuiceManagedComponentProvider with the scope "Undefined"
4.443: [GC (Allocation Failure) 4.443: [ParNew: 18838K->1820K(19648K), 0.0020417 secs] 28275K->11257K(63360K), 0.0020964 secs] [Times: user=0.01 sys=0.00, real=0.00 secs] 
2014-12-22 19:28:09,378 INFO [main] org.eclipse.jetty.server.handler.ContextHandler - Started o.e.j.s.ServletContextHandler@673919a7{/,null,AVAILABLE}
2014-12-22 19:28:09,388 INFO [main] org.eclipse.jetty.server.ServerConnector - Started ServerConnector@1deceb67{HTTP/1.1}{0.0.0.0:8080}
2014-12-22 19:28:09,388 INFO [main] org.eclipse.jetty.server.Server - Started @4462ms
2014-12-22 19:34:39,771 INFO [TaskMonitorCache-0] io.druid.indexing.worker.WorkerTaskMonitor - Submitting runnable for task[index_outclick_2014-12-22T19:34:39.617Z]
2014-12-22 19:34:39,772 INFO [WorkerTaskMonitor-0] io.druid.indexing.worker.WorkerTaskMonitor - Affirmative. Running task [index_outclick_2014-12-22T19:34:39.617Z]
2014-12-22 19:34:39,818 INFO [pool-4-thread-1] io.druid.indexing.overlord.ForkingTaskRunner - Running command: java -cp /usr/local/druid-services/lib/jackson-jaxrs-json-provider-2.2.3.jar:/usr/local/druid-services/lib/icu4j-4.8.1.jar:/usr/local/druid-services/lib/tesla-aether-0.0.5.jar:/usr/local/druid-services/lib/google-http-client-1.15.0-rc.jar:/usr/local/druid-services/lib/maven-settings-builder-3.1.1.jar:/usr/local/druid-services/lib/asm-3.1.jar:/usr/local/druid-services/lib/aopalliance-1.0.jar:/usr/local/druid-services/lib/curator-client-2.6.0.jar:/usr/local/druid-services/lib/irc-api-1.0-0011.jar:/usr/local/druid-services/lib/okhttp-1.0.2.jar:/usr/local/druid-services/lib/curator-recipes-2.6.0.jar:/usr/local/druid-services/lib/maven-repository-metadata-3.1.1.jar:/usr/local/druid-services/lib/maven-model-builder-3.1.1.jar:/usr/local/druid-services/lib/bcprov-jdk15-1.46.jar:/usr/local/druid-services/lib/jetty-io-9.2.3.v20140905.jar:/usr/local/druid-services/lib/plexus-interpolation-1.19.jar:/usr/local/druid-services/lib/jetty-proxy-9.2.3.v20140905.jar:/usr/local/druid-services/lib/maven-settings-3.1.1.jar:/usr/local/druid-services/lib/aether-impl-0.9.0.M2.jar:/usr/local/druid-services/lib/server-metrics-0.0.9.jar:/usr/local/druid-services/lib/wagon-provider-api-2.4.jar:/usr/local/druid-services/lib/commons-cli-1.2.jar:/usr/local/druid-services/lib/mysql-connector-java-5.1.18.jar:/usr/local/druid-services/lib/alphanum-1.0.3.jar:/usr/local/druid-services/lib/maven-aether-provider-3.1.1.jar:/usr/local/druid-services/lib/java-util-0.26.9.jar:/usr/local/druid-services/lib/zookeeper-3.4.6.jar:/usr/local/druid-services/lib/mail-1.4.7.jar:/usr/local/druid-services/lib/guice-multibindings-4.0-beta.jar:/usr/local/druid-services/lib/jackson-module-jaxb-annotations-2.2.3.jar:/usr/local/druid-services/lib/xpp3-1.1.4c.jar:/usr/local/druid-services/lib/druid-processing-0.6.160.jar:/usr/local/druid-services/lib/jetty-servlets-9.2.3.v20140905.jar:/usr/local/druid-services/lib/spymemcached-2.8.4.jar:/usr/local/druid-services/lib/jersey-guice-1.17.1.jar:/usr/local/druid-services/lib/druid-indexing-hadoop-0.6.160.jar:/usr/local/druid-services/lib/jersey-core-1.17.1.jar:/usr/local/druid-services/lib/hibernate-validator-5.0.1.Final.jar:/usr/local/druid-services/lib/jackson-core-asl-1.9.13.jar:/usr/local/druid-services/lib/commons-pool-1.6.jar:/usr/local/druid-services/lib/compress-lzf-0.8.4.jar:/usr/local/druid-services/lib/validation-api-1.1.0.Final.jar:/usr/local/druid-services/lib/jackson-mapper-asl-1.9.13.jar:/usr/local/druid-services/lib/slf4j-api-1.6.4.jar:/usr/local/druid-services/lib/protobuf-java-2.5.0.jar:/usr/local/druid-services/lib/aether-api-0.9.0.M2.jar:/usr/local/druid-services/lib/jersey-servlet-1.17.1.jar:/usr/local/druid-services/lib/jackson-datatype-joda-2.2.3.jar:/usr/local/druid-services/lib/jackson-datatype-guava-2.2.3.jar:/usr/local/druid-services/lib/httpcore-4.2.jar:/usr/local/druid-services/lib/jetty-continuation-9.2.3.v20140905.jar:/usr/local/druid-services/lib/bytebuffer-collections-0.0.4.jar:/usr/local/druid-services/lib/sigar-1.6.5.132.jar:/usr/local/druid-services/lib/netty-3.9.0.Final.jar:/usr/local/druid-services/lib/jetty-security-9.2.3.v20140905.jar:/usr/local/druid-services/lib/jetty-http-9.2.3.v20140905.jar:/usr/local/druid-services/lib/rhino-1.7R4.jar:/usr/local/druid-services/lib/guice-4.0-beta.jar:/usr/local/druid-services/lib/jackson-databind-2.2.3.jar:/usr/local/druid-services/lib/google-http-client-jackson2-1.15.0-rc.jar:/usr/local/druid-services/lib/jackson-dataformat-smile-2.2.3.jar:/usr/local/druid-services/lib/org.abego.treelayout.core-1.0.1.jar:/usr/local/druid-services/lib/jline-0.9.94.jar:/usr/local/druid-services/lib/commons-logging-1.1.1.jar:/usr/local/druid-services/lib/druid-api-0.2.14.1.jar:/usr/local/druid-services/lib/maxminddb-0.2.0.jar:/usr/local/druid-services/lib/http-client-0.9.6.jar:/usr/local/druid-services/lib/jetty-util-9.2.3.v20140905.jar:/usr/local/druid-services/lib/druid-services-0.6.160.jar:/usr/local/druid-services/lib/commons-codec-1.7.jar:/usr/local/druid-services/lib/aether-spi-0.9.0.M2.jar:/usr/local/druid-services/lib/jetty-server-9.2.3.v20140905.jar:/usr/local/druid-services/lib/activation-1.1.1.jar:/usr/local/druid-services/lib/guava-16.0.1.jar:/usr/local/druid-services/lib/classmate-0.8.0.jar:/usr/local/druid-services/lib/geoip2-0.4.0.jar:/usr/local/druid-services/lib/log4j-1.2.16.jar:/usr/local/druid-services/lib/extendedset-1.3.7.jar:/usr/local/druid-services/lib/druid-indexing-service-0.6.160.jar:/usr/local/druid-services/lib/jdbi-2.32.jar:/usr/local/druid-services/lib/guice-servlet-4.0-beta.jar:/usr/local/druid-services/lib/jackson-jaxrs-smile-provider-2.2.3.jar:/usr/local/druid-services/lib/config-magic-0.9.jar:/usr/local/druid-services/lib/lz4-1.1.2.jar:/usr/local/druid-services/lib/httpclient-4.2.jar:/usr/local/druid-services/lib/commons-io-2.0.1.jar:/usr/local/druid-services/lib/java-xmlbuilder-0.4.jar:/usr/local/druid-services/lib/jetty-client-9.2.3.v20140905.jar:/usr/local/druid-services/lib/curator-x-discovery-2.6.0.jar:/usr/local/druid-services/lib/druid-common-0.6.160.jar:/usr/local/druid-services/lib/javax.inject-1.jar:/usr/local/druid-services/lib/jsr305-2.0.1.jar:/usr/local/druid-services/lib/druid-server-0.6.160.jar:/usr/local/druid-services/lib/aether-connector-file-0.9.0.M2.jar:/usr/local/druid-services/lib/aether-util-0.9.0.M2.jar:/usr/local/druid-services/lib/slf4j-log4j12-1.6.2.jar:/usr/local/druid-services/lib/aws-java-sdk-1.6.0.1.jar:/usr/local/druid-services/lib/airline-0.6.jar:/usr/local/druid-services/lib/javax.servlet-api-3.1.0.jar:/usr/local/druid-services/lib/opencsv-2.3.jar:/usr/local/druid-services/lib/mx4j-3.0.2.jar:/usr/local/druid-services/lib/aether-connector-okhttp-0.0.9.jar:/usr/local/druid-services/lib/jackson-core-2.2.3.jar:/usr/local/druid-services/lib/javax.el-3.0.0.jar:/usr/local/druid-services/lib/jersey-server-1.17.1.jar:/usr/local/druid-services/lib/maven-model-3.1.1.jar:/usr/local/druid-services/lib/emitter-0.2.11.jar:/usr/local/druid-services/lib/jackson-jaxrs-base-2.2.3.jar:/usr/local/druid-services/lib/plexus-utils-3.0.15.jar:/usr/local/druid-services/lib/jboss-logging-3.1.1.GA.jar:/usr/local/druid-services/lib/jets3t-0.9.1.jar:/usr/local/druid-services/lib/antlr4-runtime-4.0.jar:/usr/local/druid-services/lib/jackson-annotations-2.2.3.jar:/usr/local/druid-services/lib/joda-time-2.1.jar:/usr/local/druid-services/lib/jetty-servlet-9.2.3.v20140905.jar:/usr/local/druid-services/lib/curator-framework-2.6.0.jar:/usr/local/druid-services/lib/commons-dbcp-1.4.jar:/usr/local/druid-services/lib/commons-lang-2.6.jar:/usr/local/druid-services/config/middlemanager -server -Xmx2g -XX:+UseG1GC -XX:MaxGCPauseMillis=100 -XX:+PrintGCDetails -XX:+PrintGCTimeStamps -Ddruid.indexer.logs.s3Bucket=<s3 bucket> -Ddruid.indexer.fork.property.druid.request.logging.dir=/usr/local/druid-services/logs -Ddruid.indexer.task.baseTaskDir=/tmp -Ddruid.indexer.runner.javaOpts=-server -Xmx2g -XX:+UseG1GC -XX:MaxGCPauseMillis=100 -XX:+PrintGCDetails -XX:+PrintGCTimeStamps -Ddruid.host=<middlemanager hostname>:8080 -Ddruid.storage.bucket=<s3 bucket> -Ddruid.indexer.fork.property.druid.processing.numThreads=3 -Ddruid.emitter.logging.logLevel=debug -Ddruid.indexer.fork.property.druid.server.http.numThreads=50 -Ddruid.emitter=logging -Ddruid.db.connector.connectURI=jdbc:mysql://<rds hostname>:3306/druid -Duser.timezone=UTC -Ddruid.db.connector.password=xxxx -Ddruid.indexer.logs.s3Prefix=logs -Dfile.encoding.pkg=sun.io -Ddruid.selectors.indexing.serviceName=druid:overlord -Ddruid.indexer.task.chathandler.type=announce -Ddruid.port=8080 -Ddruid.worker.capacity=7 -Ddruid.indexer.fork.property.druid.segmentCache.locations=[{"path": "/tmp", "maxSize": 0}] -Ddruid.s3.accessKey=XXXX -Ddruid.s3.secretKey=xxxx -Ddruid.service=druid-middlemanager -Djava.io.tmpdir=/tmp -Ddruid.indexer.fork.property.druid.request.logging.type=file -Ddruid.coordinator.startDelay=PT70s -Ddruid.zk.service.host=<zookeeper 1 hostname>,<zookeeper 2 hostname>,<zookeeper 3 hostname> -Ddruid.monitoring.monitors=["com.metamx.metrics.SysMonitor","com.metamx.metrics.JvmMonitor"] -Ddruid.extensions.coordinates=["io.druid.extensions:druid-s3-extensions:0.6.160"] -Dfile.encoding=UTF-8 -Ddruid.storage.type=s3 -Ddruid.db.connector.user=druid -Ddruid.worker.ip=<middlemanager hostname> -Ddruid.indexer.fork.property.druid.computation.buffer.size=536870912 -Ddruid.indexer.logs.type=s3 -Ddruid.request.logging.dir=/usr/local/druid-services/logs -Ddruid.processing.numThreads=3 -Ddruid.server.http.numThreads=50 -Ddruid.segmentCache.locations=[{"path": "/tmp", "maxSize": 0}] -Ddruid.request.logging.type=file -Ddruid.computation.buffer.size=536870912 -Ddruid.host=<middlemanager hostname>:8081 -Ddruid.port=8081 io.druid.cli.Main internal peon /tmp/index_outclick_2014-12-22T19:34:39.617Z/f7c4c2cf-2244-457d-adb9-cd0bfd1b97d4/task.json /tmp/index_outclick_2014-12-22T19:34:39.617Z/f7c4c2cf-2244-457d-adb9-cd0bfd1b97d4/status.json
2014-12-22 19:34:39,825 INFO [pool-4-thread-1] io.druid.indexing.overlord.ForkingTaskRunner - Logging task index_outclick_2014-12-22T19:34:39.617Z output to: /tmp/index_outclick_2014-12-22T19:34:39.617Z/f7c4c2cf-2244-457d-adb9-cd0bfd1b97d4/log
394.900: [GC (Allocation Failure) 394.900: [ParNew: 19292K->2176K(19648K), 0.0107134 secs] 28729K->13028K(63360K), 0.0107751 secs] [Times: user=0.03 sys=0.01, real=0.01 secs] 
